289
bbbbbbbbbbbbbbbbrbbbbbbbbbbbbbbbb
bbbbbbbbbbbbbbbrbbbbbbbbbbbbbbbbr
bbbbbbbbbbbbbbbrbbbbbbbbbbbbbbbrr
bbbbbbbbbbbbbbbrbbbbbbbbbbbbbbrrb
bbbbbbbbbbbbbbbrbbbbbbbbbbbbbrrbb
bbbbbbbbbbbbbbbrbbbbbbbbbbbbrrbbb
bbbbbbbbbbbbbbbrbbbbbbbbbbbrrbbbb
bbbbbbbbbbbbbbbrbbbbbbbbbbrrbbbbb
bbbbbbbbbbbbbbbrbbbbbbbbbrrbbbbbb
bbbbbbbbbbbbbbbrbbbbbbbbrrbbbbbbb
bbbbbbbbbbbbbbbrbbbbbbbrrbbbbbbbb
bbbbbbbbbbbbbbbrbbbbbbrrbbbbbbbbb
bbbbbbbbbbbbbbbrbbbbbrrbbbbbbbbbb
bbbbbbbbbbbbbbbrbbbbrrbbbbbbbbbbb
bbbbbbbbbbbbbbbrbbbrrbbbbbbbbbbbb
bbbbbbbbbbbbbbbrbbrrbbbbbbbbbbbbb
bbbbbbbbbbbbbbbrbrrbbbbbbbbbbbbbb
bbbbbbbbbbbbbbbrrrbbbbbbbbbbbbbbb
bbbbbbbbbbbbbbrbbbbbbbbbbbbbbbbrb
bbbbbbbbbbbbbbrbbbbbbbbbbbbbbbrbr
bbbbbbbbbbbbbbrbbbbbbbbbbbbbbbrrr
bbbbbbbbbbbbbbrbbbbbbbbbbbbbbrbrb
bbbbbbbbbbbbbbrbbbbbbbbbbbbbbrrbr
bbbbbbbbbbbbbbrbbbbbbbbbbbbbbrrrr
bbbbbbbbbbbbbbrbbbbbbbbbbbbbrbrbb
bbbbbbbbbbbbbbrbbbbbbbbbbbbbrrbbr
bbbbbbbbbbbbbbrbbbbbbbbbbbbbrrbrr
bbbbbbbbbbbbbbrbbbbbbbbbbbbbrrrrb
bbbbbbbbbbbbbbrbbbbbbbbbbbbrbrbbb
bbbbbbbbbbbbbbrbbbbbbbbbbbbrrbbbr
bbbbbbbbbbbbbbrbbbbbbbbbbbbrrbbrr
bbbbbbbbbbbbbbrbbbbbbbbbbbbrrbrrb
bbbbbbbbbbbbbbrbbbbbbbbbbbbrrrrbb
bbbbbbbbbbbbbbrbbbbbbbbbbbrbrbbbb
bbbbbbbbbbbbbbrbbbbbbbbbbbrrbbbbr
bbbbbbbbbbbbbbrbbbbbbbbbbbrrbbbrr
bbbbbbbbbbbbbbrbbbbbbbbbbbrrbbrrb
bbbbbbbbbbbbbbrbbbbbbbbbbbrrbrrbb
bbbbbbbbbbbbbbrbbbbbbbbbbbrrrrbbb
bbbbbbbbbbbbbbrbbbbbbbbbbrbrbbbbb
bbbbbbbbbbbbbbrbbbbbbbbbbrrbbbbbr
bbbbbbbbbbbbbbrbbbbbbbbbbrrbbbbrr
bbbbbbbbbbbbbbrbbbbbbbbbbrrbbbrrb
bbbbbbbbbbbbbbrbbbbbbbbbbrrbbrrbb
bbbbbbbbbbbbbbrbbbbbbbbbbrrbrrbbb
bbbbbbbbbbbbbbrbbbbbbbbbbrrrrbbbb
bbbbbbbbbbbbbbrbbbbbbbbbrbrbbbbbb
bbbbbbbbbbbbbbrbbbbbbbbbrrbbbbbbr
bbbbbbbbbbbbbbrbbbbbbbbbrrbbbbbrr
bbbbbbbbbbbbbbrbbbbbbbbbrrbbbbrrb
bbbbbbbbbbbbbbrbbbbbbbbbrrbbbrrbb
bbbbbbbbbbbbbbrbbbbbbbbbrrbbrrbbb
bbbbbbbbbbbbbbrbbbbbbbbbrrbrrbbbb
bbbbbbbbbbbbbbrbbbbbbbbbrrrrbbbbb
bbbbbbbbbbbbbbrbbbbbbbbrbrbbbbbbb
bbbbbbbbbbbbbbrbbbbbbbbrrbbbbbbbr
bbbbbbbbbbbbbbrbbbbbbbbrrbbbbbbrr
bbbbbbbbbbbbbbrbbbbbbbbrrbbbbbrrb
bbbbbbbbbbbbbbrbbbbbbbbrrbbbbrrbb
bbbbbbbbbbbbbbrbbbbbbbbrrbbbrrbbb
bbbbbbbbbbbbbbrbbbbbbbbrrbbrrbbbb
bbbbbbbbbbbbbbrbbbbbbbbrrbrrbbbbb
bbbbbbbbbbbbbbrbbbbbbbbrrrrbbbbbb
bbbbbbbbbbbbbbrbbbbbbbrbrbbbbbbbb
bbbbbbbbbbbbbbrbbbbbbbrrbbbbbbbbr
bbbbbbbbbbbbbbrbbbbbbbrrbbbbbbbrr
bbbbbbbbbbbbbbrbbbbbbbrrbbbbbbrrb
bbbbbbbbbbbbbbrbbbbbbbrrbbbbbrrbb
bbbbbbbbbbbbbbrbbbbbbbrrbbbbrrbbb
bbbbbbbbbbbbbbrbbbbbbbrrbbbrrbbbb
bbbbbbbbbbbbbbrbbbbbbbrrbbrrbbbbb
bbbbbbbbbbbbbbrbbbbbbbrrbrrbbbbbb
bbbbbbbbbbbbbbrbbbbbbbrrrrbbbbbbb
bbbbbbbbbbbbbbrbbbbbbrbrbbbbbbbbb
bbbbbbbbbbbbbbrbbbbbbrrbbbbbbbbbr
bbbbbbbbbbbbbbrbbbbbbrrbbbbbbbbrr
bbbbbbbbbbbbbbrbbbbbbrrbbbbbbbrrb
bbbbbbbbbbbbbbrbbbbbbrrbbbbbbrrbb
bbbbbbbbbbbbbbrbbbbbbrrbbbbbrrbbb
bbbbbbbbbbbbbbrbbbbbbrrbbbbrrbbbb
bbbbbbbbbbbbbbrbbbbbbrrbbbrrbbbbb
bbbbbbbbbbbbbbrbbbbbbrrbbrrbbbbbb
bbbbbbbbbbbbbbrbbbbbbrrbrrbbbbbbb
bbbbbbbbbbbbbbrbbbbbbrrrrbbbbbbbb
bbbbbbbbbbbbbbrbbbbbrbrbbbbbbbbbb
bbbbbbbbbbbbbbrbbbbbrrbbbbbbbbbbr
bbbbbbbbbbbbbbrbbbbbrrbbbbbbbbbrr
bbbbbbbbbbbbbbrbbbbbrrbbbbbbbbrrb
bbbbbbbbbbbbbbrbbbbbrrbbbbbbbrrbb
bbbbbbbbbbbbbbrbbbbbrrbbbbbbrrbbb
bbbbbbbbbbbbbbrbbbbbrrbbbbbrrbbbb
bbbbbbbbbbbbbbrbbbbbrrbbbbrrbbbbb
bbbbbbbbbbbbbbrbbbbbrrbbbrrbbbbbb
bbbbbbbbbbbbbbrbbbbbrrbbrrbbbbbbb
bbbbbbbbbbbbbbrbbbbbrrbrrbbbbbbbb
bbbbbbbbbbbbbbrbbbbbrrrrbbbbbbbbb
bbbbbbbbbbbbbbrbbbbrbrbbbbbbbbbbb
bbbbbbbbbbbbbbrbbbbrrbbbbbbbbbbbr
bbbbbbbbbbbbbbrbbbbrrbbbbbbbbbbrr
bbbbbbbbbbbbbbrbbbbrrbbbbbbbbbrrb
