397511192 397511192 
261510053 397511192 
261510053 397511192 
332299218 397511192 
322809782 397511192 
322809782 397511192 
332299218 397511192 
322809782 397511192 
322809782 397511192 
332299218 407820239 
322809782 407820239 
322809782 407820239 
332299218 622024813 
332299218 855497034 
332299218 695972171 
332299218 695972171 
324444916 695972171 
324444916 695972171 
324444916 695972171 
324444916 724090679 
324444916 724090679 
332299218 724090679 
332299218 804426081 
332299218 724090679 
396805476 724090679 
396805476 804426081 
396805476 724090679 
396805476 724090679 
396805476 724090679 
396805476 698494256 
397511192 698494256 
396805476 698494256 
332299218 695972171 
332299218 695972171 
332299218 695972171 
324444916 633727866 
332299218 633727866 
324444916 633727866 
324444916 629216242 
332299218 633727866 
332299218 695972171 
324444916 633727866 
332299218 633727866 
332299218 695972171 
332299218 695972171 
380799662 695972171 
380799662 695972171 
380799662 695972171 
396805476 698494256 
396805476 724090679 
396805476 724090679 
397511192 731051100 
396805476 731051100 
396805476 731051100 
397511192 735186539 
396805476 735186539 
380799662 731051100 
380799662 731051100 
332299218 731051100 
332299218 731051100 
332299218 731051100 
332299218 731051100 
332299218 731051100 
372781284 731051100 
332299218 731051100 
324444916 724090679 
324444916 724090679 
322809782 724090679 
322809782 698494256 
322809782 698494256 
320943206 698494256 
319200042 695972171 
319200042 695972171 
319200042 695972171 
292748995 670313858 
292748995 670313858 
292748995 695972171 
292748995 695972171 
292748995 695972171 
292748995 698494256 
290127424 695972171 
290127424 695972171 
290127424 695972171 
275549290 670313858 
290127424 670313858 
283248820 670313858 
283248820 670313858 
283248820 670313858 
275549290 670313858 
275549290 670313858 
283248820 670313858 
275549290 670313858 
275549290 670313858 
275549290 670313858 
275549290 695972171 
273155920 670313858 
275549290 670313858 
275549290 695972171 
275549290 670313858 
275549290 670313858 
273155920 670313858 
271830956 644671229 
271830956 644671229 
271830956 670313858 
271830956 670313858 
273155920 675494950 
273155920 675494950 
273155920 670313858 
275549290 675494950 
275549290 695972171 
273155920 675494950 
275549290 675494950 
275549290 695972171 
275549290 675494950 
283248820 675494950 
283248820 675494950 
283248820 670313858 
290127424 675494950 
290127424 695972171 
290127424 675494950 
292748995 695972171 
292748995 695972171 
292748995 675494950 
292748995 675494950 
292748995 695972171 
292748995 695972171 
319200042 695972171 
319200042 698494256 
319200042 695972171 
320943206 695972171 
319200042 695972171 
292748995 675494950 
319200042 675494950 
292748995 675494950 
292748995 675494950 
319200042 695972171 
319200042 698494256 
292748995 695972171 
292748995 695972171 
290127424 695972171 
290127424 695972171 
292748995 695972171 
290127424 695972171 
283248820 675494950 
290127424 675494950 
290127424 695972171 
290127424 675494950 
290127424 675494950 
290127424 675494950 
290127424 670313858 
292748995 675494950 
292748995 675494950 
292748995 675494950 
319200042 695972171 
319200042 698494256 
319200042 698494256 
319200042 698494256 
319200042 698494256 
319200042 695972171 
320943206 695972171 
320943206 698494256 
319200042 695972171 
320943206 695972171 
320943206 698494256 
320943206 698494256 
322809782 698494256 
322809782 698494256 
322809782 695972171 
324444916 698494256 
322809782 698494256 
322809782 698494256 
322809782 698494256 
322809782 698494256 
322809782 698494256 
324444916 698494256 
324444916 724090679 
324444916 724090679 
332299218 724090679 
332299218 731051100 
332299218 724090679 
337031507 724090679 
332299218 724090679 
332299218 724090679 
337031507 731051100 
337031507 731051100 
337031507 724090679 
345843879 731051100 
337031507 731051100 
337031507 724090679 
337031507 724090679 
332299218 724090679 
332299218 698494256 
337031507 698494256 
332299218 698494256 
324444916 695972171 
332299218 695972171 
332299218 695972171 
332299218 693669084 
337031507 695972171 
337031507 695972171 
337031507 695972171 
345843879 695972171 
345843879 695972171 
337031507 693669084 
337031507 693669084 
332299218 693669084 
332299218 681007292 
337031507 681007292 
332299218 681007292 
332299218 675886028 
337031507 675886028 
337031507 681007292 
337031507 681007292 
345843879 681007292 
345843879 693669084 
345843879 693669084 
347908926 693669084 
345843879 693669084 
345843879 681007292 
345843879 681007292 
345843879 681007292 
340184541 675886028 
342716430 675886028 
340184541 675886028 
337031507 675494950 
340184541 675886028 
340184541 675886028 
340184541 675494950 
340184541 675494950 
337031507 675494950 
337031507 670313858 
340184541 675494950 
340184541 675886028 
340184541 675886028 
342716430 675886028 
342716430 681007292 
340184541 675886028 
342716430 681007292 
340184541 681007292 
337031507 675886028 
340184541 675886028 
340184541 675886028 
340184541 675494950 
340184541 675494950 
340184541 675494950 
337031507 670313858 
340184541 675494950 
337031507 675494950 
337031507 670313858 
340184541 670313858 
340184541 675494950 
337031507 670313858 
337031507 670313858 
337031507 675494950 
332299218 670313858 
337031507 670313858 
337031507 675494950 
332299218 670313858 
337031507 675494950 
337031507 675886028 
337031507 675886028 
340184541 675886028 
337031507 675886028 
337031507 675886028 
337031507 675886028 
336849917 675886028 
332299218 675494950 
332299218 675494950 
332299218 675494950 
332299218 670313858 
332299218 670313858 
332299218 670313858 
326374919 644671229 
326374919 644671229 
326374919 644671229 
326374919 644447114 
332299218 644447114 
332299218 644671229 
332299218 644671229 
335992138 644671229 
335992138 644671229 
335992138 644447114 
336849917 644671229 
336849917 667548339 
336849917 652632066 
336849917 652632066 
336849917 652632066 
335992138 644671229 
336849917 644671229 
335992138 644671229 
332299218 644447114 
335992138 644447114 
335992138 644447114 
332299218 641262031 
332299218 641262031 
332299218 644447114 
332299218 641262031 
332299218 641262031 
330927201 641262031 
330927201 641262031 
330927201 641262031 
330927201 641262031 
330927201 641262031 
332299218 644447114 
330927201 644447114 
330927201 644447114 
330927201 644447114 
326374919 644447114 
326374919 644447114 
326374919 644447114 
324444916 644447114 
322809782 641262031 
322809782 641262031 
322809782 641262031 
321009458 640586248 
322809782 641262031 
322809782 641262031 
321009458 640586248 
321009458 640586248 
320943206 640586248 
320943206 637283522 
321009458 637283522 
321009458 640586248 
321009458 637283522 
322809782 640586248 
321009458 640586248 
321009458 640586248 
322809782 640586248 
322809782 641262031 
322809782 640586248 
324444916 641262031 
322809782 641262031 
322809782 640586248 
324444916 641262031 
324444916 641262031 
324444916 640658794 
324444916 640658794 
324444916 640658794 
322809782 640586248 
324444916 640658794 
324444916 640658794 
324444916 640658794 
326374919 641262031 
324444916 641262031 
324444916 641262031 
326374919 641262031 
324444916 641262031 
324444916 640658794 
324444916 640658794 
322809782 640658794 
322809782 640586248 
324444916 640586248 
324444916 640658794 
322809782 640586248 
324444916 640586248 
324444916 640658794 
322809782 640586248 
324444916 640658794 
322809782 640658794 
322809782 640658794 
322809782 640658794 
321009458 640658794 
320943206 640586248 
320943206 640586248 
320375536 640586248 
320375536 640586248 
320943206 640586248 
320943206 640658794 
320943206 640658794 
320943206 640658794 
320375536 640658794 
320375536 640586248 
320943206 640658794 
320943206 641262031 
320375536 640658794 
320943206 640658794 
320943206 641262031 
320375536 640658794 
320943206 641262031 
320375536 641262031 
320375536 641262031 
320375536 641262031 
320375536 644447114 
320375536 641262031 
320943206 641262031 
320943206 641262031 
320943206 640658794 
321009458 641262031 
321009458 644447114 
321009458 644447114 
322809782 644671229 
322809782 652054923 
322809782 652054923 
324444916 652054923 
324444916 652054923 
322809782 644671229 
322809782 644671229 
322809782 652054923 
322809782 652054923 
324444916 652054923 
324444916 652054923 
322809782 644671229 
324444916 652054923 
324444916 652632066 
324444916 652632066 
324444916 652632066 
324444916 665478752 
322809782 652632066 
324444916 665478752 
322809782 665478752 
321009458 652632066 
321009458 652632066 
321009458 652632066 
321009458 652054923 
322809782 652054923 
322809782 652632066 
322809782 652632066 
324444916 658583227 
324444916 665478752 
324444916 665478752 
326374919 665478752 
326374919 667548339 
326374919 667548339 
330927201 670313858 
330927201 670714025 
330927201 670714025 
330927201 670714025 
330927201 670714025 
330927201 670714025 
332299218 675494950 
332299218 675494950 
332299218 675494950 
332299218 675494950 
332299218 675886028 
332299218 675494950 
335992138 675886028 
332299218 675886028 
330927201 675494950 
332299218 675886028 
332299218 675886028 
330927201 675494950 
332299218 675886028 
330927201 675886028 
330927201 675886028 
332299218 675886028 
332299218 676175460 
332299218 675886028 
332299218 675886028 
332299218 676175460 
332299218 675886028 
335992138 675886028 
335992138 675886028 
335992138 675494950 
335992138 675494950 
332299218 675494950 
332299218 675494950 
332299218 675494950 
332299218 675494950 
332299218 675494950 
332299218 675494950 
330927201 675494950 
330927201 675494950 
332299218 675886028 
332299218 675886028 
330927201 675494950 
332299218 675494950 
332299218 675494950 
330927201 670714025 
330927201 670714025 
328815173 670714025 
328815173 670714025 
330927201 675494950 
330927201 675494950 
330927201 670714025 
332299218 670714025 
332299218 675494950 
332299218 670714025 
332299218 670714025 
330927201 670714025 
330927201 670525974 
330927201 670525974 
330927201 670525974 
328815173 670313858 
328815173 670313858 
326374919 670313858 
324444916 667548339 
326374919 670313858 
326374919 670313858 
326374919 667548339 
328815173 667548339 
328815173 670313858 
328815173 667548339 
328815173 667548339 
326374919 667548339 
324444916 665478752 
324444916 665478752 
322809782 665478752 
322462592 658583227 
322809782 665478752 
322462592 665478752 
322462592 665478752 
322462592 665478752 
322462592 665478752 
321009458 658583227 
322462592 658583227 
322462592 658583227 
322462592 658583227 
322809782 665478752 
322809782 667548339 
322462592 665478752 
322809782 665478752 
322462592 665478752 
321009458 658583227 
322462592 658583227 
322462592 658583227 
322462592 658583227 
322809782 665478752 
322809782 665478752 
322809782 665478752 
324444916 665478752 
324444916 667548339 
322809782 665478752 
324444916 665478752 
322809782 665478752 
322462592 658583227 
322809782 658583227 
322809782 665478752 
322809782 658583227 
324444916 658583227 
324444916 665478752 
324444916 665478752 
326374919 665478752 
326374919 667548339 
326374919 667548339 
328815173 667548339 
326374919 667548339 
326374919 667548339 
328815173 667548339 
326374919 667548339 
324444916 665478752 
326374919 665478752 
326374919 665478752 
326374919 658583227 
328815173 658583227 
326374919 658583227 
326374919 658583227 
326374919 658583227 
324444916 658583227 
324444916 652632066 
324444916 652632066 
324444916 658583227 
322809782 652632066 
322809782 652632066 
322462592 652632066 
322462592 652632066 
322809782 652632066 
322809782 658583227 
322462592 652632066 
322462592 652632066 
321009458 652632066 
320943206 652054923 
321009458 652632066 
321009458 658583227 
321009458 658583227 
322462592 665478752 
322462592 667548339 
322462592 667548339 
322809782 667548339 
322809782 670226669 
322462592 667548339 
322809782 670226669 
322809782 670313858 
322809782 670313858 
324444916 670313858 
324444916 670313858 
322809782 670226669 
324444916 670313858 
324444916 670525974 
322809782 670313858 
324444916 670525974 
324444916 670525974 
324444916 670313858 
326374919 670525974 
326374919 670714025 
324444916 670525974 
324444916 670525974 
324444916 670714025 
324444916 670714025 
324444916 670714025 
324444916 673405136 
322809782 670714025 
324444916 673405136 
324444916 673405136 
322809782 670714025 
322809782 670714025 
322462592 670714025 
321009458 670525974 
322462592 670714025 
322462592 673405136 
322462592 670714025 
322462592 670714025 
321009458 670714025 
321009458 670525974 
322462592 670714025 
321009458 670714025 
321009458 670714025 
322462592 670714025 
321009458 670714025 
320943206 670525974 
321009458 670525974 
321009458 670714025 
321009458 670525974 
321009458 670525974 
321009458 670714025 
320943206 670525974 
321009458 670714025 
321009458 673405136 
321009458 670714025 
322462592 673405136 
322462592 673405136 
322462592 670714025 
322462592 670714025 
322462592 673405136 
322462592 670714025 
322462592 670714025 
321009458 670714025 
321009458 670714025 
321009458 670714025 
320943206 670714025 
320943206 670714025 
321009458 670714025 
320943206 670714025 
320375536 670525974 
320943206 670525974 
320375536 670525974 
320375536 670525974 
320943206 670525974 
320943206 670525974 
320943206 670525974 
321009458 670525974 
321009458 670525974 
321009458 670525974 
322462592 670525974 
322462592 670714025 
321009458 670525974 
321009458 670525974 
321009458 670714025 
320943206 670525974 
321009458 670525974 
321009458 670525974 
321009458 670313858 
322462592 670313858 
322462592 670313858 
322462592 670313858 
322809782 670525974 
322809782 670525974 
322462592 670313858 
322809782 670313858 
322462592 670313858 
321009458 670226669 
321009458 670226669 
321009458 670226669 
321009458 670226669 
322462592 670226669 
322462592 670226669 
322462592 668633193 
322809782 668633193 
322809782 668633193 
322809782 668633193 
322809782 668633193 
322809782 670226669 
322809782 670226669 
324268937 670313858 
324268937 670313858 
324268937 670226669 
324268937 670226669 
324268937 670313858 
324268937 670226669 
324444916 670226669 
324444916 670226669 
324444916 668633193 
326374919 670226669 
326374919 670226669 
326374919 670226669 
326374919 670226669 
326374919 670226669 
326374919 668633193 
328815173 670226669 
328815173 670226669 
328815173 668633193 
328815173 668633193 
328815173 670226669 
328815173 668633193 
328815173 668633193 
326374919 668633193 
326374919 667548339 
328815173 668633193 
328815173 668633193 
328815173 668633193 
330927201 670226669 
328815173 670226669 
328815173 668633193 
330927201 668633193 
330927201 668633193 
330927201 667548339 
330927201 667548339 
328815173 667548339 
326374919 666068456 
328815173 667548339 
328815173 668633193 
328815173 668633193 
330927201 670226669 
330927201 670313858 
328815173 670226669 
330927201 670226669 
330927201 670313858 
328815173 670226669 
330927201 670313858 
330927201 670313858 
330927201 670313858 
330927201 670313858 
330927201 670525974 
328815173 670313858 
330927201 670313858 
330927201 670525974 
330927201 670525974 
331410836 670525974 
330927201 670525974 
330927201 670525974 
330927201 670525974 
328815173 670525974 
328815173 670525974 
328815173 670525974 
328815173 670525974 
328815173 670313858 
330927201 670525974 
328815173 670525974 
328815173 670525974 
330927201 670714025 
330927201 673405136 
330927201 670714025 
330927201 670714025 
330927201 673405136 
328815173 670714025 
329626235 670714025 
328815173 670714025 
326374919 670525974 
328815173 670525974 
326374919 670525974 
326374919 670525974 
328815173 670714025 
328815173 670714025 
326374919 670525974 
326374919 670525974 
326374919 670525974 
326374919 670313858 
328815173 670313858 
328815173 670313858 
328815173 670226669 
329626235 670313858 
329626235 670525974 
328815173 670313858 
328815173 670313858 
328815173 670313858 
328815173 670313858 
329626235 670313858 
329626235 670525974 
329626235 670313858 
329626235 670313858 
328815173 670313858 
326374919 670226669 
328815173 670226669 
326374919 670226669 
326374919 669804828 
328815173 670226669 
328815173 670313858 
328815173 670313858 
329626235 670525974 
328815173 670525974 
328815173 670525974 
328815173 670525974 
328815173 670525974 
326374919 670313858 
328815173 670525974 
328815173 670714025 
328815173 670525974 
329626235 670714025 
329626235 673405136 
329626235 670714025 
330927201 670714025 
330927201 670714025 
330927201 670525974 
330927201 670525974 
329626235 670525974 
329626235 670313858 
330927201 670525974 
329626235 670525974 
328815173 670313858 
329626235 670525974 
329626235 670525974 
328815173 670313858 
328815173 670313858 
328815173 670313858 
328815173 670226669 
329626235 670313858 
328815173 670313858 
328815173 670313858 
329626235 670525974 
329626235 670714025 
329626235 670714025 
330927201 673405136 
329626235 673405136 
328815173 670714025 
328815173 670714025 
326374919 670714025 
326374919 670525974 
328815173 670525974 
328815173 670525974 
326374919 670313858 
328815173 670525974 
328815173 670714025 
328815173 670714025 
329626235 670714025 
329626235 673405136 
328815173 670714025 
329626235 673405136 
328815173 673405136 
328815173 670714025 
329626235 670714025 
329626235 670714025 
328815173 670525974 
328815173 670525974 
328815173 670714025 
326374919 670525974 
326374919 670525974 
324444916 670525974 
324444916 670313858 
326374919 670525974 
326374919 670714025 
326374919 670714025 
328815173 673405136 
326374919 673405136 
326374919 670714025 
328815173 670714025 
328815173 673405136 
328815173 673405136 
329626235 673405136 
329626235 673405136 
329626235 673405136 
330927201 675494950 
330927201 675886028 
330927201 675494950 
331410836 675494950 
331410836 675886028 
330927201 675494950 
330927201 675494950 
330927201 675886028 
330927201 675886028 
330927201 675886028 
330927201 675886028 
329626235 675494950 
329626235 675494950 
329626235 675494950 
329626235 673405136 
329626235 673405136 
329626235 675494950 
329617622 673405136 
329617622 673405136 
329617622 673405136 
329617622 670714025 
329626235 673405136 
329617622 673405136 
329617622 673405136 
329626235 675494950 
329626235 675494950 
329617622 673405136 
329626235 673405136 
329626235 673405136 
329617622 670714025 
329626235 673405136 
329626235 675494950 
329626235 673405136 
329626235 673405136 
329626235 673405136 
329626235 673405136 
330927201 675494950 
330927201 675886028 
329626235 675494950 
329626235 675494950 
329626235 675494950 
329626235 673405136 
330927201 675494950 
330927201 675494950 
330927201 673405136 
331410836 675494950 
331410836 675886028 
330927201 675494950 
330927201 675494950 
330927201 675494950 
330927201 675494950 
330927201 675494950 
330927201 675886028 
330927201 675886028 
331410836 676175460 
331410836 678178779 
331410836 678178779 
331410836 678178779 
330927201 678178779 
330927201 678178779 
331410836 678511102 
330927201 678511102 
330927201 678511102 
331410836 678511102 
330927201 678511102 
329626235 678178779 
329626235 678178779 
329617622 678178779 
329617622 676175460 
329617622 676175460 
329617622 678178779 
328815173 676175460 
329617622 678178779 
329617622 678178779 
329617622 678178779 
329626235 678511102 
329626235 679498570 
329617622 678511102 
329626235 679498570 
329617622 679498570 
329617622 678511102 
329626235 679498570 
329617622 679498570 
329617622 679498570 
329617622 679498570 
329617622 680746623 
329617622 679498570 
329617622 679498570 
329617622 680746623 
328815173 679498570 
329617622 679498570 
329617622 680746623 
329617622 680746623 
329617622 680746623 
328815173 680746623 
328815173 680746623 
329617622 681007292 
329617622 681007292 
329617622 681007292 
329617622 681007292 
328815173 681007292 
328207967 680746623 
328815173 680746623 
328815173 681007292 
328815173 681007292 
329617622 682383347 
329617622 682966922 
328815173 682383347 
328815173 682383347 
328207967 682383347 
328207967 682383347 
328207967 682383347 
328207967 682383347 
327560502 681007292 
327560502 681007292 
327560502 682383347 
327560502 681007292 
328207967 682383347 
327560502 682383347 
327560502 681007292 
328207967 681007292 
328207967 681007292 
327560502 680746623 
328207967 681007292 
327560502 681007292 
327560502 680746623 
328207967 680746623 
328207967 681007292 
327560502 680746623 
328207967 681007292 
328207967 682383347 
328207967 681007292 
328815173 681007292 
328815173 681007292 
328207967 680746623 
328207967 680746623 
327560502 680746623 
327560502 679498570 
328207967 679498570 
328207967 680746623 
328207967 679498570 
328207967 679498570 
328207967 679498570 
328207967 679498570 
328207967 679498570 
327560502 679498570 
327560502 678511102 
327560502 678511102 
327560502 678511102 
326374919 678178779 
326374919 678178779 
