749959513 749959513 
749959513 930124864 
749959513 930124864 
749959513 930124864 
710566115 930124864 
40358960 749959513 
149239568 749959513 
149239568 749959513 
149239568 749959513 
633570338 785804198 
633570338 817226405 
558446248 785804198 
558446248 785804198 
558446248 785804198 
174052517 749959513 
558446248 749959513 
229624454 749959513 
229624454 710566115 
348656730 710566115 
229624454 710566115 
229624454 710566115 
252062506 710566115 
229624454 710566115 
229624454 710566115 
252062506 710566115 
252062506 710566115 
252062506 650710452 
348656730 650710452 
348656730 650710452 
348656730 633570338 
416379409 650710452 
416379409 650710452 
416379409 650710452 
416379409 650710452 
416379409 657222789 
348656730 650710452 
348656730 650710452 
348656730 657222789 
252062506 650710452 
348656730 657222789 
348656730 684915533 
348656730 657222789 
348656730 657222789 
348656730 684915533 
320353507 657222789 
322078094 657222789 
322078094 684915533 
322078094 657222789 
322078094 657222789 
322078094 657222789 
322078094 650710452 
348656730 657222789 
322078094 657222789 
322078094 657222789 
348656730 657222789 
322078094 657222789 
322078094 650710452 
322078094 650710452 
322078094 657222789 
322078094 657222789 
348656730 657222789 
348656730 657222789 
348656730 650710452 
361643249 657222789 
361643249 684915533 
348656730 657222789 
361643249 657222789 
361643249 667784459 
361643249 657222789 
361643249 657222789 
361643249 657222789 
348656730 650710452 
361643249 650710452 
348656730 650710452 
348656730 649591643 
361643249 650710452 
361643249 650710452 
361643249 649591643 
384870062 649591643 
384870062 650710452 
361643249 649591643 
384870062 650710452 
384870062 650710452 
384870062 650710452 
408458034 657222789 
384870062 657222789 
384870062 650710452 
408458034 657222789 
384870062 657222789 
384870062 657222789 
408458034 667784459 
408458034 667784459 
408458034 657222789 
414223869 667784459 
408458034 667784459 
408458034 667784459 
408458034 667784459 
408458034 667784459 
408458034 667784459 
414223869 675215598 
414223869 684915533 
414223869 675215598 
415527093 684915533 
414223869 684915533 
409864491 675215598 
414223869 675215598 
409864491 675215598 
408458034 667784459 
409864491 667784459 
409864491 667784459 
409864491 657222789 
409864491 657222789 
409864491 657222789 
409864491 650710452 
409864491 650710452 
409864491 657222789 
409864491 657222789 
414223869 657222789 
409864491 657222789 
408458034 650710452 
409864491 657222789 
409864491 667784459 
409864491 657222789 
409864491 657222789 
409864491 657222789 
409864491 657222789 
409864491 657222789 
409864491 667784459 
408458034 657222789 
409864491 667784459 
409864491 675215598 
408458034 667784459 
408458034 667784459 
408458034 675215598 
408458034 667784459 
408458034 667784459 
408458034 667784459 
408458034 667051943 
409864491 667784459 
408458034 667784459 
384870062 667051943 
384870062 667051943 
375408981 667051943 
361643249 657222789 
375408981 667051943 
375408981 667051943 
361643249 657222789 
375408981 667051943 
375408981 667784459 
375408981 667051943 
384870062 667784459 
384870062 675215598 
384870062 675215598 
384870062 675215598 
375408981 675215598 
375408981 673206885 
375408981 673206885 
361643249 673206885 
352427003 667784459 
352427003 667784459 
352427003 667784459 
352427003 667051943 
352427003 667051943 
352427003 667784459 
352427003 667051943 
361643249 667051943 
352427003 667051943 
352427003 657222789 
361643249 667051943 
352427003 667051943 
352427003 667051943 
361643249 667784459 
361643249 673206885 
361643249 673206885 
375408981 673206885 
375408981 675215598 
361643249 673206885 
361643249 673206885 
361643249 675215598 
361643249 673206885 
375408981 673206885 
375408981 675215598 
361643249 673206885 
361643249 673206885 
357847204 673206885 
357847204 673206885 
361643249 675215598 
361643249 675215598 
361643249 675215598 
375408981 675215598 
375408981 675215598 
375408981 673206885 
384676505 673206885 
384676505 675215598 
375408981 673206885 
375408981 673206885 
361643249 673206885 
361643249 667784459 
361643249 667784459 
357847204 667784459 
352427003 667051943 
357847204 667784459 
352427003 667784459 
350564540 667051943 
352427003 667784459 
350564540 667784459 
348656730 667051943 
350564540 667784459 
348656730 667784459 
348656730 667784459 
350564540 667784459 
348656730 667784459 
348656730 667784459 
350564540 668642039 
350564540 668642039 
348656730 667784459 
350564540 668642039 
350564540 668642039 
350564540 667784459 
352427003 667784459 
352427003 667784459 
350564540 667051943 
350564540 667051943 
348656730 667051943 
348656730 657222789 
350564540 657222789 
350564540 667051943 
348656730 657222789 
348656730 657222789 
348656730 657222789 
348656730 657222789 
350564540 663032636 
350564540 667051943 
348656730 663032636 
350564540 663032636 
350564540 667051943 
348656730 663032636 
348656730 663032636 
348656730 663032636 
348656730 663032636 
348656730 663032636 
348656730 663032636 
348656730 657222789 
350564540 657222789 
350564540 663032636 
350564540 663032636 
352427003 667051943 
352427003 667051943 
352427003 663032636 
352427003 663032636 
352427003 663032636 
352427003 663032636 
357847204 663032636 
357847204 663032636 
352427003 657222789 
357847204 657222789 
357847204 663032636 
357847204 663032636 
357847204 663032636 
357847204 663032636 
357847204 657222789 
361643249 663032636 
361643249 667051943 
361643249 667051943 
362762607 667051943 
361643249 667051943 
361643249 663032636 
362762607 667051943 
361643249 667051943 
361643249 663032636 
362762607 667051943 
361643249 667051943 
357847204 663032636 
361643249 667051943 
361643249 667784459 
357847204 667051943 
361643249 667784459 
357847204 667784459 
357847204 667051943 
361643249 667051943 
361643249 667051943 
357847204 663032636 
357847204 663032636 
357847204 663032636 
352427003 657222789 
357847204 657222789 
352427003 657222789 
352427003 654875955 
357847204 654875955 
352427003 654875955 
350564540 650710452 
350564540 650710452 
348656730 650710452 
348656730 650710452 
350564540 654875955 
350564540 657222789 
348656730 654875955 
350564540 654875955 
348656730 654875955 
348029783 650710452 
348656730 654875955 
348656730 657222789 
348656730 657222789 
350564540 657222789 
348656730 657222789 
348656730 657222789 
350564540 657222789 
348656730 657222789 
348656730 654875955 
350564540 657222789 
348656730 657222789 
348656730 654875955 
348656730 654875955 
348656730 654875955 
348656730 654875955 
350564540 657222789 
350564540 663032636 
348656730 657222789 
350564540 663032636 
350564540 667051943 
350564540 667051943 
350564540 667051943 
350564540 667784459 
348656730 667051943 
350564540 667784459 
350564540 667784459 
350564540 667784459 
350564540 667784459 
348656730 667784459 
348029783 667051943 
348029783 667051943 
348029783 667051943 
345018996 663032636 
345018996 663032636 
345018996 667051943 
345018996 663032636 
348029783 667051943 
348029783 667051943 
348029783 667051943 
348656730 667784459 
348029783 667784459 
348029783 667051943 
348656730 667784459 
348029783 667784459 
348029783 667051943 
348656730 667051943 
348656730 667051943 
348656730 667051943 
348656730 667051943 
348656730 667051943 
348029783 663032636 
348029783 663032636 
348029783 663032636 
348029783 657948464 
348029783 657948464 
348029783 663032636 
345018996 657948464 
348029783 657948464 
345018996 657948464 
342204005 657222789 
345018996 657948464 
342204005 657948464 
340375945 657222789 
340375945 657222789 
340375945 657948464 
340375945 657222789 
340375945 657222789 
340375945 657948464 
340375945 657222789 
340375945 657222789 
340375945 657948464 
340375945 657222789 
342204005 657948464 
340375945 657948464 
340375945 657222789 
342204005 657948464 
340375945 657948464 
340231595 657222789 
340375945 657222789 
340375945 657222789 
340375945 657222789 
342204005 657948464 
340375945 657948464 
340375945 657222789 
342204005 657948464 
342204005 657948464 
340375945 657222789 
342204005 657948464 
342204005 657948464 
340375945 657222789 
342204005 657222789 
340375945 657222789 
340375945 657222789 
342204005 657948464 
342204005 657948464 
340375945 657222789 
342204005 657948464 
342204005 657948464 
342204005 657864136 
344217981 657864136 
344217981 657948464 
344217981 657864136 
345018996 657948464 
345018996 663032636 
344217981 657948464 
344217981 657948464 
344217981 663032636 
344217981 657948464 
345018996 657948464 
345018996 663032636 
345018996 657948464 
345018996 657948464 
345018996 663032636 
345018996 657948464 
348029783 663032636 
345018996 663032636 
344217981 657948464 
344217981 657948464 
344217981 663032636 
344217981 663032636 
345018996 667051943 
345018996 667051943 
345018996 663032636 
345018996 663032636 
345018996 667051943 
345018996 663032636 
348029783 667051943 
348029783 667051943 
345018996 663032636 
348029783 663032636 
348029783 667051943 
348029783 663032636 
348029783 663032636 
345018996 663032636 
345018996 657948464 
348029783 657948464 
348029783 657948464 
345018996 657864136 
345018996 657864136 
345018996 657948464 
345018996 657864136 
348029783 657948464 
345018996 657948464 
345018996 657864136 
348029783 657948464 
348029783 663032636 
345018996 657948464 
348029783 663032636 
348029783 667051943 
348029783 663032636 
348029783 663032636 
348029783 667051943 
348029783 663032636 
348656730 667051943 
348656730 667051943 
348656730 667051943 
350507273 667153746 
350507273 667784459 
350507273 667784459 
350564540 668642039 
350564540 668642039 
350564540 668642039 
350564540 668642039 
350507273 668642039 
350507273 667784459 
350564540 667784459 
350564540 667784459 
350564540 667153746 
352427003 667784459 
352427003 668642039 
350564540 667784459 
350564540 667784459 
350564540 668642039 
350564540 668642039 
352427003 668642039 
352427003 670435301 
352427003 668642039 
354353300 670435301 
352427003 670435301 
352427003 670435301 
354353300 670435301 
354353300 672181686 
354353300 670435301 
354353300 670435301 
354353300 672181686 
354353300 670435301 
357847204 670435301 
357847204 670435301 
354353300 668642039 
354353300 668642039 
352427003 668642039 
352427003 668642039 
354353300 668642039 
354353300 668642039 
354353300 667784459 
357847204 667784459 
357847204 668642039 
357847204 667784459 
357847204 667784459 
354353300 667784459 
352427003 667153746 
354353300 667153746 
352427003 667153746 
352427003 667153746 
352427003 667153746 
352427003 667153746 
352427003 667153746 
354353300 667153746 
354353300 667153746 
354353300 667153746 
357847204 667153746 
357847204 667153746 
357847204 667153746 
359108446 667153746 
359108446 667153746 
357847204 667051943 
357847204 667051943 
357847204 667051943 
354353300 663032636 
357847204 667051943 
357847204 667051943 
354353300 663032636 
354353300 663032636 
354353300 663032636 
352427003 657948464 
354353300 663032636 
352427003 663032636 
352427003 663032636 
354353300 667051943 
352427003 667051943 
350564540 663032636 
350564540 663032636 
350564540 663032636 
350564540 663032636 
352427003 667051943 
350564540 667051943 
350507273 663032636 
350507273 663032636 
350507273 667051943 
350507273 663032636 
350564540 663032636 
350507273 663032636 
350507273 657948464 
350564540 663032636 
350564540 664962435 
350564540 663032636 
350564540 663032636 
350564540 664962435 
350564540 664962435 
352427003 667051943 
352427003 667153746 
352427003 667153746 
352427003 667153746 
350564540 667153746 
350564540 667153746 
352427003 667153746 
350564540 667153746 
350564540 667051943 
352427003 667051943 
352427003 667153746 
352427003 667051943 
354353300 667051943 
354353300 667051943 
354353300 664962435 
356001594 667051943 
356001594 667153746 
356001594 667051943 
357847204 667051943 
356001594 667051943 
356001594 667051943 
357847204 667051943 
356001594 667051943 
356001594 664962435 
356001594 664962435 
356001594 667051943 
356001594 667051943 
357847204 667051943 
356001594 667051943 
354353300 664962435 
356001594 667051943 
356001594 667153746 
356001594 667051943 
356001594 667051943 
355814932 667051943 
355814932 664962435 
355814932 664962435 
354353300 664962435 
354353300 663032636 
354353300 663032636 
352427003 663032636 
352427003 663032636 
354353300 663032636 
354353300 664962435 
354353300 664962435 
355814932 664962435 
354353300 664962435 
354353300 663032636 
355814932 663032636 
355814932 664962435 
354353300 663032636 
355814932 664962435 
355814932 667051943 
354353300 664962435 
355814932 664962435 
355814932 667051943 
355814932 664962435 
355814932 664962435 
355814932 664962435 
355814932 664962435 
355814932 664962435 
355814932 667051943 
355814932 664962435 
356001594 664962435 
356001594 667051943 
355814932 664962435 
356001594 667051943 
356001594 667051943 
355814932 664962435 
356001594 664962435 
356001594 664962435 
355814932 663032636 
356001594 664962435 
356001594 667051943 
356001594 667051943 
357847204 667051943 
357847204 667051943 
357847204 667051943 
358699350 667153746 
358699350 667784459 
358699350 667153746 
359108446 667784459 
359108446 668642039 
358699350 667784459 
359108446 667784459 
359108446 668642039 
359108446 668642039 
361643249 668642039 
361643249 668642039 
359108446 668293779 
361643249 668293779 
361643249 668642039 
361643249 668293779 
361643249 668293779 
361643249 668642039 
359108446 668293779 
359108446 668293779 
359108446 668642039 
358699350 668293779 
359108446 668293779 
358699350 668293779 
357847204 667784459 
358699350 667784459 
358699350 668293779 
358699350 668293779 
358699350 668293779 
358699350 668293779 
358699350 667784459 
359108446 667784459 
358699350 667784459 
358699350 667153746 
359108446 667153746 
359108446 667784459 
359108446 667153746 
361643249 667153746 
361643249 667784459 
359108446 667153746 
359108446 667153746 
358699350 667153746 
358699350 667051943 
358699350 667051943 
358699350 667153746 
357847204 667051943 
357847204 667051943 
357847204 667153746 
356001594 667051943 
357847204 667153746 
357847204 667784459 
357847204 667153746 
358699350 667784459 
358699350 668293779 
358699350 667784459 
358699350 667784459 
357847204 667784459 
356001594 667153746 
357847204 667153746 
357847204 667784459 
356001594 667153746 
356001594 667153746 
356001594 667784459 
356001594 667153746 
356001594 667153746 
356001594 667784459 
355814932 667153746 
356001594 667153746 
355814932 667153746 
354353300 667051943 
355814932 667153746 
355814932 667784459 
355814932 667153746 
355814932 667153746 
355814932 667153746 
355814932 667051943 
356001594 667153746 
355814932 667153746 
354353300 667051943 
355814932 667051943 
354353300 667051943 
354353300 664962435 
354353300 664962435 
354353300 667051943 
354050028 664962435 
354050028 664962435 
354050028 667051943 
352427003 664962435 
352427003 664962435 
352427003 667051943 
352427003 667051943 
352427003 667051943 
350564540 667051943 
350564540 667051943 
352427003 667051943 
352427003 667051943 
352427003 664962435 
352427003 664962435 
352427003 664962435 
352427003 664962435 
354050028 664962435 
352427003 664962435 
350564540 663032636 
350564540 663032636 
350507273 663032636 
350507273 663032636 
350564540 664962435 
350564540 664962435 
350507273 663032636 
350564540 663032636 
350507273 663032636 
350507273 659856226 
350564540 663032636 
350564540 664962435 
350564540 664962435 
352427003 667051943 
352427003 667153746 
350564540 667051943 
350564540 667051943 
350564540 667153746 
350507273 667051943 
350564540 667051943 
350564540 667051943 
350564540 667051943 
352427003 667051943 
352427003 667153746 
350564540 667051943 
350564540 667051943 
350564540 667051943 
350507273 664962435 
350564540 667051943 
350564540 667153746 
350564540 667153746 
352427003 667153746 
352427003 667153746 
350564540 667051943 
352427003 667051943 
350564540 667051943 
350507273 664962435 
350564540 667051943 
350564540 667051943 
350564540 667051943 
350564540 667051943 
350564540 667153746 
350564540 667051943 
352427003 667153746 
350564540 667153746 
350564540 667051943 
352427003 667153746 
352427003 667153746 
352427003 667051943 
354050028 667153746 
352427003 667153746 
352427003 667051943 
354050028 667051943 
352427003 667051943 
352427003 664962435 
354050028 664962435 
354050028 667051943 
354050028 664962435 
354050028 664962435 
354050028 664962435 
354050028 663032636 
354050028 663032636 
354050028 663032636 
352427003 659856226 
354050028 659856226 
352427003 659856226 
352427003 659856226 
352427003 659856226 
352427003 663032636 
352427003 659856226 
354050028 663032636 
354050028 664962435 
352427003 663032636 
354050028 664962435 
352427003 664962435 
352427003 663032636 
354050028 664962435 
352427003 664962435 
352427003 663032636 
352427003 663032636 
350564540 663032636 
350564540 663032636 
352427003 663032636 
350564540 663032636 
350564540 663032636 
352427003 663032636 
350564540 663032636 
350564540 663032636 
352427003 663032636 
350564540 663032636 
350564540 663032636 
352427003 664962435 
352427003 666219137 
352427003 666219137 
352427003 666219137 
352427003 666219137 
352427003 664962435 
354050028 664962435 
352427003 664962435 
352427003 663032636 
354050028 663032636 
354050028 664962435 
354050028 664962435 
354353300 666219137 
354050028 666219137 
354050028 664962435 
354050028 664962435 
352427003 664962435 
350564540 663032636 
350564540 663032636 
350507273 663032636 
348656730 659856226 
350507273 663032636 
348656730 663032636 
348656730 663032636 
350507273 664962435 
350507273 664962435 
350507273 664962435 
350507273 664962435 
350507273 666219137 
350507273 664962435 
350507273 664962435 
348656730 664962435 
348656730 664962435 
350507273 664962435 
350507273 664962435 
350507273 664962435 
350507273 664962435 
350507273 664962435 
350507273 663032636 
350564540 663032636 
350564540 664962435 
350564540 663032636 
350564540 663032636 
350564540 664962435 
350507273 663032636 
350564540 663032636 
350564540 664962435 
350564540 663032636 
350564540 663032636 
350564540 664962435 
350507273 663032636 
350507273 663032636 
350507273 664962435 
348656730 663032636 
348656730 663032636 
348656730 664962435 
348656730 663032636 
348656730 663032636 
348347203 663032636 
348347203 659856226 
348656730 663032636 
348656730 663032636 
348656730 663032636 
348656730 663032636 
348656730 663032636 
348347203 659856226 
348656730 663032636 
348656730 664962435 
348347203 663032636 
348656730 664962435 
348347203 664962435 
348029783 663032636 
348347203 663032636 
348347203 663032636 
348029783 659856226 
348029783 659856226 
346689877 659856226 
346545123 657948464 
346545123 657948464 
346255741 657948464 
346255741 657948464 
346545123 659856226 
346545123 659856226 
346545123 659856226 
346689877 659856226 
346545123 659856226 
346255741 657948464 
346545123 657948464 
346545123 659856226 
346545123 659856226 
346689877 659856226 
346689877 659856226 
346689877 659856226 
346689877 659856226 
346689877 663032636 
346689877 659856226 
348029783 663032636 
346689877 663032636 
346689877 663032636 
348029783 663032636 
348029783 664962435 
346689877 663032636 
348029783 663032636 
348029783 664962435 
348029783 663032636 
348029783 663032636 
346689877 663032636 
346689877 659856226 
346689877 659856226 
346545123 659856226 
346545123 657948464 
346689877 659856226 
346689877 663032636 
346689877 659856226 
348029783 663032636 
348029783 664962435 
348029783 664962435 
348029783 664962435 
348029783 664962435 
348029783 663032636 
348029783 663032636 
346689877 663032636 
346545123 659856226 
346689877 659856226 
346545123 659856226 
346255741 657948464 
346545123 659856226 
346545123 663032636 
346255741 659856226 
346255741 659856226 
345018996 659856226 
345018996 657948464 
346255741 659856226 
346255741 663032636 
346255741 663032636 
346255741 663032636 
346255741 664962435 
345018996 663032636 
346255741 663032636 
346255741 664962435 
346255741 664962435 
346255741 664962435 
346255741 664962435 
346255741 664962435 
346545123 664962435 
346255741 664962435 
345018996 663032636 
346255741 664962435 
346255741 664962435 
345018996 663032636 
346255741 663032636 
345018996 663032636 
344940520 659856226 
344940520 659856226 
344217981 659856226 
344217981 659856226 
344940520 663032636 
344940520 663032636 
344940520 659856226 
345018996 663032636 
345018996 663032636 
344940520 659856226 
345018996 663032636 
345018996 664962435 
345018996 664962435 
346255741 664962435 
345018996 664962435 
345018996 663032636 
346255741 664962435 
345018996 664962435 
345018996 663032636 
346255741 664962435 
346255741 664962435 
346255741 663032636 
346255741 663032636 
346255741 664962435 
345018996 663032636 
345018996 663032636 
345018996 663032636 
345018996 659856226 
346255741 663032636 
345018996 663032636 
345018996 663032636 
346255741 664962435 
345018996 664962435 
345018996 664962435 
346255741 664962435 
345018996 664962435 
344940520 663032636 
345018996 663032636 
345018996 663032636 
345018996 663032636 
346255741 663032636 
345018996 663032636 
345018996 659856226 
346255741 663032636 
346255741 663032636 
345018996 659856226 
346255741 659856226 
345018996 659856226 
345018996 657948464 
346255741 659856226 
345018996 659856226 
345018996 659856226 
346255741 663032636 
346255741 663032636 
345018996 659856226 
345018996 659856226 
344940520 659856226 
344940520 659856226 
345018996 663032636 
345018996 663032636 
345018996 659856226 
346255741 663032636 
345018996 663032636 
345018996 659856226 
345018996 659856226 
345018996 663032636 
345018996 663032636 
345018996 663032636 
345018996 664962435 
344940520 663032636 
344940520 663032636 
344940520 663032636 
344940520 663032636 
345018996 663032636 
344940520 663032636 
344940520 659856226 
345018996 663032636 
345018996 663032636 
345018996 663032636 
345018996 663032636 
345018996 664962435 
344940520 663032636 
345018996 663032636 
345018996 664962435 
345018996 664962435 
346255741 664962435 
345018996 664962435 
345018996 664962435 
346255741 664962435 
346255741 665563808 
345018996 664962435 
345018996 664962435 
345018996 665563808 
345018996 665563808 
345018996 665563808 
344940520 665563808 
344217981 664962435 
344940520 664962435 
344217981 664962435 
342204005 663032636 
344217981 664962435 
344217981 665563808 
342204005 664962435 
342204005 664962435 
342204005 664962435 
341113529 663032636 
342204005 664962435 
341113529 664962435 
340960026 663032636 
341113529 663032636 
341113529 663032636 
341113529 663032636 
342204005 663032636 
342204005 664962435 
341113529 663032636 
342204005 664962435 
342204005 665563808 
341113529 664962435 
342204005 665563808 
341113529 665563808 
341113529 665563808 
342204005 665563808 
341113529 665563808 
341113529 664962435 
341113529 664962435 
341113529 664962435 
340960026 663032636 
341113529 664962435 
341113529 665563808 
341113529 664962435 
342204005 665563808 
342204005 666219137 
342204005 665563808 
342204005 665563808 
342204005 665563808 
341113529 664962435 
342204005 665563808 
342204005 665563808 
342204005 665563808 
342204005 665563808 
342204005 666219137 
341113529 665563808 
342204005 666219137 
342204005 666219137 
342204005 665563808 
344217981 666219137 
344217981 666219137 
342204005 665563808 
344217981 665563808 
342204005 665563808 
341113529 664962435 
342204005 664962435 
341113529 664962435 
341113529 663032636 
342204005 663032636 
342204005 663032636 
341113529 662330945 
342204005 662330945 
341113529 662330945 
340960026 659856226 
340960026 659856226 
340960026 662330945 
340960026 659856226 
340960026 659856226 
340960026 659856226 
340960026 659856226 
341113529 659856226 
341113529 659856226 
341113529 659856226 
342204005 659856226 
341113529 659856226 
340960026 657948464 
341113529 659856226 
341113529 662330945 
341113529 659856226 
341113529 659856226 
340960026 659856226 
340375945 657948464 
340960026 657948464 
340960026 659856226 
340960026 659856226 
340960026 659856226 
340960026 659856226 
340375945 657948464 
340960026 659856226 
340375945 659856226 
340375945 657948464 
340960026 657948464 
340960026 657948464 
340960026 657864136 
341113529 657948464 
341113529 659856226 
341113529 657948464 
342204005 659856226 
342204005 659856226 
342204005 659856226 
344217981 659856226 
344217981 662330945 
342672032 659856226 
342672032 659856226 
342204005 659856226 
342204005 657948464 
342672032 657948464 
342204005 657948464 
341113529 657864136 
342204005 657948464 
341113529 657948464 
340960026 657864136 
341113529 657864136 
341113529 657948464 
340960026 657864136 
341113529 657864136 
341113529 657864136 
340960026 657222789 
341113529 657222789 
341113529 657864136 
340960026 657222789 
341113529 657222789 
341113529 657864136 
340960026 657222789 
341113529 657864136 
341113529 657948464 
340960026 657864136 
341113529 657864136 
341113529 657864136 
341113529 657864136 
342204005 657864136 
342204005 657948464 
342204005 657948464 
342672032 657948464 
342204005 657948464 
342204005 657864136 
342672032 657948464 
342204005 657948464 
342204005 657864136 
342204005 657864136 
342204005 657864136 
341113529 657222789 
341113529 657222789 
340960026 657222789 
340375945 654875955 
340375945 654875955 
340231595 654875955 
340231595 654875955 
340231595 654875955 
340231595 657222789 
340015923 654875955 
340015923 654875955 
339237725 654875955 
339237725 654875955 
339237725 654875955 
339237725 654875955 
339237725 654857991 
339237725 654857991 
338912757 654857991 
338912757 654857991 
339237725 654857991 
338912757 654857991 
338912757 654857991 
338912757 654857991 
338323060 654857991 
336966569 653781846 
338323060 654857991 
338323060 654875955 
338323060 654857991 
338912757 654875955 
338323060 654875955 
338323060 654857991 
338323060 654857991 
338323060 654857991 
338323060 653781846 
338912757 654857991 
338912757 654857991 
338912757 654857991 
338912757 654857991 
338912757 654875955 
338912757 654857991 
339237725 654857991 
339237725 654875955 
339237725 654875955 
340015923 657222789 
339237725 657222789 
338912757 654875955 
339237725 657222789 
339237725 657222789 
339237725 654875955 
340015923 657222789 
340015923 657864136 
340015923 657222789 
340231595 657864136 
340231595 657864136 
340231595 657222789 
340375945 657222789 
340375945 657222789 
340375945 657222789 
340375945 657222789 
340375945 657222789 
340375945 654875955 
340960026 654875955 
340960026 654875955 
340375945 654857991 
340375945 654857991 
340375945 654875955 
340375945 654857991 
340960026 654857991 
340960026 654875955 
340960026 654875955 
341113529 654875955 
341113529 654875955 
340960026 654857991 
340960026 654857991 
340960026 654857991 
340960026 654857991 
341113529 654875955 
341113529 657222789 
341113529 657222789 
342204005 657222789 
341113529 657222789 
341113529 654875955 
342204005 657222789 
342204005 657222789 
342204005 657222789 
342672032 657373262 
342204005 657373262 
341113529 657222789 
341113529 657222789 
341113529 657373262 
340960026 657222789 
341113529 657373262 
341113529 657373262 
340960026 657222789 
340960026 657222789 
340375945 657222789 
340231595 654875955 
340231595 654875955 
340231595 654875955 
340231595 654857991 
340231595 654857991 
340015923 654857991 
339237725 653781846 
339237725 653781846 
339237725 654857991 
338912757 653781846 
338912757 653781846 
338912757 653781846 
338323060 652773538 
338323060 652773538 
336966569 652773538 
336966569 652773538 
336966569 652773538 
336966569 653781846 
336966569 652773538 
336966569 652773538 
335661997 652773538 
335661997 651947297 
336966569 651947297 
335661997 651947297 
335661997 651947297 
336966569 652773538 
336966569 653781846 
336966569 653781846 
336966569 653781846 
336966569 653781846 
336966569 653781846 
336966569 653781846 
335661997 653781846 
335661997 653781846 
335661997 653781846 
335661997 654857991 
335661997 653781846 
336966569 654857991 
336966569 654875955 
336966569 654875955 
336966569 654875955 
336966569 657222789 
336966569 657222789 
338323060 657373262 
336966569 657373262 
335661997 657222789 
335661997 657222789 
335412725 657222789 
335412725 657222789 
335661997 657373262 
335661997 657864136 
335412725 657373262 
335412725 657373262 
335000331 657373262 
334963404 657222789 
335000331 657373262 
334963404 657373262 
334963404 657222789 
335000331 657373262 
335000331 657864136 
335000331 657864136 
335412725 657864136 
335000331 657864136 
335000331 657373262 
335412725 657373262 
335412725 657864136 
335000331 657373262 
335000331 657373262 
334963404 657373262 
334963404 657222789 
335000331 657222789 
335000331 657222789 
334963404 654875955 
334963404 654875955 
334337829 654875955 
334337829 654875955 
334337829 654875955 
334337829 657222789 
334337829 654875955 
334963404 657222789 
334963404 657222789 
334963404 657222789 
335000331 657222789 
335000331 657373262 
335000331 657222789 
335412725 657373262 
335412725 657373262 
335412725 657222789 
335661997 657222789 
335661997 657373262 
335412725 657222789 
335661997 657373262 
335661997 657373262 
335661997 657222789 
336966569 657222789 
336966569 657222789 
336966569 654875955 
336966569 654875955 
336966569 654875955 
335661997 654857991 
336966569 654875955 
336966569 654875955 
335661997 654857991 
336966569 654857991 
336966569 654857991 
336966569 654857991 
338323060 654875955 
338323060 657222789 
336966569 654875955 
338323060 657222789 
336966569 657222789 
336966569 654875955 
338323060 654875955 
338323060 657222789 
336966569 654875955 
336966569 654875955 
335661997 654875955 
335661997 654857991 
335661997 654857991 
335661997 654857991 
335661997 653781846 
335661997 653781846 
335412725 653781846 
335412725 653781846 
335412725 653781846 
335000331 653781846 
334963404 652773538 
335000331 653781846 
335000331 653781846 
335000331 653781846 
335412725 654857991 
335412725 654857991 
335000331 653781846 
335412725 653781846 
335412725 653781846 
335412725 653781846 
335661997 654857991 
335412725 654857991 
335412725 653781846 
335412725 653781846 
335000331 653781846 
335000331 652773538 
335000331 652773538 
335000331 652773538 
335000331 651947297 
335412725 651947297 
335412725 651947297 
335000331 650783200 
335412725 651947297 
335412725 652773538 
335412725 651947297 
335412725 651947297 
335000331 651947297 
334963404 650783200 
335000331 650783200 
334963404 650783200 
334963404 650710452 
335000331 650710452 
335000331 650710452 
335000331 650710452 
335000331 650710452 
335000331 650783200 
335000331 650783200 
335412725 651947297 
335412725 652773538 
335412725 651947297 
335661997 651947297 
335661997 652773538 
335661997 651947297 
335661997 651947297 
335661997 652773538 
335661997 652773538 
336966569 652773538 
336966569 652773538 
336966569 651947297 
338323060 652773538 
338323060 653781846 
336966569 652773538 
338323060 652773538 
336966569 652773538 
335661997 651947297 
335661997 651947297 
335661997 651947297 
335412725 650783200 
335661997 650783200 
335661997 650783200 
335661997 650710452 
336966569 650783200 
336966569 650783200 
336966569 650783200 
338323060 651947297 
338323060 652773538 
338323060 652773538 
338323060 652773538 
338323060 652773538 
338323060 652773538 
338912757 653781846 
338912757 653781846 
338912757 653781846 
339237725 654857991 
338912757 654857991 
338912757 654857991 
339237725 654857991 
338912757 654857991 
338323060 653781846 
338912757 654857991 
338912757 654875955 
338912757 654875955 
339237725 655630156 
338912757 655630156 
338912757 655630156 
339237725 656918655 
339237725 657222789 
339237725 656918655 
340015923 657222789 
339237725 657222789 
339237725 656918655 
340015923 657222789 
340015923 657222789 
340015923 656918655 
340231595 656918655 
340231595 656918655 
340231595 655630156 
340375945 656918655 
340375945 656918655 
340375945 655630156 
340599400 656918655 
340375945 656918655 
340375945 655630156 
340375945 655630156 
340231595 655630156 
340015923 654875955 
340231595 655630156 
340015923 655630156 
340015923 654875955 
340231595 655630156 
340015923 655630156 
339237725 654875955 
340015923 655630156 
339237725 655630156 
339237725 655630156 
340015923 656918655 
339237725 656918655 
339237725 656918655 
340015923 656918655 
340015923 657222789 
340015923 657222789 
340231595 657222789 
340231595 657373262 
340231595 657222789 
340231595 657222789 
340231595 657222789 
340015923 656918655 
340015923 656918655 
339237725 656918655 
338912757 655630156 
339237725 656918655 
338912757 656918655 
338323060 655630156 
338912757 656918655 
338912757 657222789 
338912757 657222789 
339237725 657373262 
339237725 657373262 
339237725 657222789 
340015923 657222789 
340015923 657222789 
340015923 656918655 
340231595 656918655 
340231595 656918655 
340231595 656918655 
340231595 656918655 
340231595 657222789 
340231595 657222789 
340375945 657373262 
340375945 657864136 
340231595 657373262 
340375945 657864136 
340375945 657948464 
340231595 657864136 
340375945 657864136 
340375945 657948464 
340375945 657948464 
340599400 659856226 
340375945 659856226 
340375945 659856226 
340375945 659856226 
340375945 659856226 
340231595 657948464 
340231595 657948464 
340015923 657948464 
340015923 657864136 
340231595 657864136 
340015923 657864136 
340015923 657864136 
340231595 657948464 
340231595 659856226 
340231595 657948464 
340231595 657948464 
340231595 659856226 
340231595 657948464 
340375945 657948464 
340231595 657948464 
340231595 657864136 
340375945 657864136 
340375945 657864136 
340375945 657864136 
340375945 657864136 
340375945 657864136 
340375945 657373262 
340599400 657864136 
340599400 657864136 
340599400 657373262 
340599400 657373262 
340599400 657864136 
340599400 657864136 
340614527 657864136 
340614527 657864136 
340599400 657373262 
340599400 657373262 
340599400 657864136 
340599400 657864136 
340614527 657864136 
340614527 657864136 
340599400 657373262 
340614527 657864136 
340599400 657864136 
340599400 657864136 
340614527 657864136 
340614527 657948464 
340614527 657948464 
340614527 657948464 
340599400 657948464 
340375945 657864136 
340599400 657864136 
340599400 657864136 
340375945 657373262 
340599400 657373262 
340599400 657373262 
340375945 657352725 
340375945 657352725 
340375945 657373262 
340375945 657352725 
340375945 657352725 
340375945 657352725 
340375945 657222789 
340599400 657352725 
340375945 657352725 
340375945 657222789 
340599400 657222789 
340599400 657352725 
340375945 657222789 
340599400 657352725 
340599400 657352725 
340599400 657222789 
340614527 657222789 
340614527 657222789 
340614527 656918655 
340960026 657222789 
340960026 657352725 
340614527 657222789 
340960026 657352725 
340960026 657352725 
340960026 657352725 
340960026 657352725 
340614527 657352725 
340614527 657222789 
340960026 657352725 
340614527 657352725 
340614527 657222789 
340960026 657352725 
340614527 657352725 
340614527 657222789 
340960026 657222789 
340960026 657222789 
340960026 657222789 
340960026 657222789 
340614527 657222789 
340614527 656918655 
340960026 657222789 
340960026 657352725 
340960026 657222789 
340960026 657222789 
340960026 657222789 
340960026 656918655 
341113529 657222789 
341113529 657222789 
341113529 656918655 
341113529 656918655 
340960026 656918655 
340614527 655630156 
340614527 655630156 
340614527 656918655 
340599400 655630156 
340614527 656918655 
340599400 656918655 
340375945 655630156 
340599400 656918655 
340599400 656918655 
340599400 656918655 
340614527 656918655 
340614527 656918655 
340614527 655630156 
340960026 656918655 
340614527 656918655 
340614527 655630156 
340614527 655630156 
340599400 655630156 
340599400 654875955 
340614527 654875955 
340599400 654875955 
340375945 654857991 
340375945 654857991 
340231595 654857991 
340015923 653781846 
340231595 653781846 
340231595 654857991 
340231595 653781846 
340231595 653781846 
340015923 653781846 
340015923 652773538 
340231595 653781846 
340231595 653781846 
340231595 653781846 
340375945 654857991 
340375945 654875955 
340231595 654857991 
340231595 654857991 
340231595 654875955 
340231595 654857991 
340231595 654857991 
340231595 654875955 
340231595 654857991 
340375945 654857991 
340375945 654857991 
340375945 653781846 
340599400 653781846 
340599400 653781846 
340375945 652773538 
340599400 652773538 
340375945 652773538 
340375945 652773538 
340375945 652773538 
340375945 652773538 
340375945 651947297 
340375945 651947297 
340231595 651947297 
340231595 651947297 
340231595 651947297 
340015923 651947297 
340015923 651947297 
340231595 652773538 
340231595 652773538 
340231595 651947297 
340375945 652773538 
340231595 652773538 
340231595 652773538 
340375945 652773538 
340375945 652773538 
340231595 651947297 
340375945 652773538 
340375945 652773538 
340375945 652773538 
340599400 653781846 
340599400 653781846 
340599400 653781846 
340599400 653781846 
340599400 654857991 
340375945 653781846 
340599400 654857991 
340375945 654857991 
340375945 653781846 
340599400 654857991 
340599400 654857991 
340599400 653781846 
340599400 653781846 
340599400 653781846 
340599400 653781846 
340599400 653781846 
340375945 653781846 
340375945 652773538 
340375945 652773538 
340375945 653781846 
340375945 652773538 
340599400 652773538 
340375945 652773538 
340375945 651947297 
340599400 652773538 
340599400 652773538 
340599400 651947297 
340614527 651947297 
340614527 651947297 
340614527 650783200 
340960026 650783200 
340614527 650783200 
340614527 650783200 
340960026 651947297 
340614527 651947297 
340599400 650783200 
340614527 651947297 
340614527 652773538 
340599400 651947297 
340614527 651947297 
340614527 652773538 
340614527 651947297 
340960026 652773538 
340614527 652773538 
340614527 651947297 
340960026 651947297 
340960026 651947297 
340614527 650783200 
340960026 650783200 
340960026 651947297 
340614527 650783200 
340960026 651947297 
340960026 651947297 
340960026 650783200 
341113529 651947297 
341113529 652773538 
341113529 651947297 
341113529 651947297 
341113529 651947297 
340960026 650783200 
340960026 650783200 
340960026 650783200 
340614527 650710452 
340614527 650710452 
340614527 650783200 
340614527 650783200 
340960026 651947297 
340614527 651947297 
340614527 651947297 
340960026 652773538 
340960026 652773538 
340960026 652773538 
340960026 652773538 
340960026 652773538 
340960026 651947297 
341113529 652773538 
340960026 652773538 
340960026 651947297 
341113529 652773538 
340960026 652773538 
340960026 651947297 
341113529 651947297 
340960026 651947297 
340960026 651947297 
340960026 651947297 
340614527 651947297 
340599400 650783200 
340599400 650783200 
340599400 651947297 
340599400 651947297 
340614527 651947297 
340614527 651947297 
340614527 651947297 
340960026 651947297 
340960026 651947297 
340960026 651947297 
341113529 652773538 
341113529 653781846 
341113529 653781846 
342204005 653781846 
342204005 653781846 
341113529 652773538 
341113529 652773538 
341113529 653781846 
340960026 652773538 
341113529 652773538 
341113529 653781846 
341113529 652773538 
342204005 653781846 
342204005 653781846 
341113529 652773538 
342204005 653781846 
341113529 653781846 
340960026 652773538 
340960026 652773538 
340614527 652773538 
340599400 651947297 
340599400 651947297 
340599400 651947297 
340599400 650783200 
340614527 650783200 
340599400 650783200 
340599400 650783200 
340599400 650783200 
340375945 650783200 
340231595 650710452 
340375945 650783200 
340375945 650783200 
340375945 650783200 
340599400 650783200 
340599400 650783200 
340375945 650710452 
340375945 650710452 
340375945 650783200 
340375945 650783200 
340599400 651947297 
340375945 651947297 
340231595 650783200 
340375945 650783200 
340375945 651947297 
340375945 650783200 
340599400 651947297 
340599400 651947297 
340599400 651947297 
340614527 652773538 
340614527 652773538 
340614527 651947297 
340960026 651947297 
340960026 652773538 
340960026 652773538 
341113529 653781846 
341113529 654857991 
340960026 653781846 
340960026 653781846 
340960026 653781846 
340960026 652773538 
340960026 652773538 
340960026 652773538 
340960026 652773538 
341113529 653781846 
340960026 653781846 
340960026 652773538 
341113529 652773538 
341113529 653781846 
341113529 653781846 
341113529 653781846 
340960026 653781846 
340960026 652773538 
341113529 653781846 
341113529 653781846 
340960026 652773538 
341113529 652773538 
340960026 652773538 
340960026 651947297 
341113529 652773538 
340960026 652773538 
340614527 651947297 
340614527 651947297 
340599400 651947297 
340599400 651947297 
340599400 651947297 
340375945 651947297 
340375945 650783200 
340599400 650783200 
340599400 651947297 
340375945 650783200 
340375945 650783200 
340231595 650783200 
340015923 650710452 
340231595 650783200 
340015923 650783200 
339237725 650710452 
340015923 650783200 
339237725 650783200 
339237725 650783200 
340015923 650783200 
340015923 650783200 
340015923 650710452 
340231595 650783200 
340231595 651947297 
340231595 650783200 
340375945 650783200 
340375945 651947297 
340231595 650783200 
340375945 650783200 
340231595 650783200 
340015923 650710452 
340231595 650710452 
340015923 650710452 
340015923 650679899 
340231595 650710452 
340015923 650710452 
340015923 650679899 
340231595 650710452 
340231595 650710452 
340231595 650679899 
340231595 650679899 
340015923 650679899 
339237725 650203444 
340015923 650679899 
339237725 650679899 
339237725 650679899 
340015923 650710452 
340015923 650783200 
340015923 650710452 
340015923 650710452 
340015923 650783200 
339237725 650710452 
340015923 650783200 
340015923 650783200 
340015923 650710452 
340231595 650710452 
340015923 650710452 
340015923 650710452 
340231595 650710452 
340231595 650710452 
340015923 650679899 
340015923 650679899 
340015923 650710452 
340015923 650710452 
340015923 650710452 
340015923 650783200 
339237725 650710452 
339237725 650710452 
338912757 650710452 
338912757 650679899 
339237725 650710452 
338912757 650710452 
338912757 650710452 
339237725 650710452 
339237725 650710452 
339237725 650679899 
340015923 650710452 
339237725 650710452 
338912757 650679899 
339237725 650710452 
339237725 650710452 
339237725 650679899 
340015923 650679899 
339237725 650679899 
338912757 650203444 
339237725 650679899 
339237725 650710452 
338912757 650679899 
338912757 650679899 
338912757 650679899 
338797998 650203444 
338797998 650203444 
338797998 650203444 
338797998 650203444 
338797998 650203444 
338797998 650203444 
338787309 649591643 
338787309 649591643 
338323060 649591643 
338323060 649025729 
338323060 649025729 
337551218 649025729 
336966569 648390326 
337551218 649025729 
336966569 649025729 
336966569 649025729 
337551218 649025729 
336966569 649025729 
336966569 649025729 
336966569 649025729 
335661997 649025729 
335412725 648390326 
335661997 648390326 
335412725 648390326 
335412725 648390326 
335661997 648390326 
335412725 648390326 
335412725 648390326 
335412725 648390326 
335000331 648390326 
334963404 648021859 
335000331 648390326 
334963404 648390326 
334337829 648021859 
334963404 648390326 
334963404 649025729 
334963404 649025729 
334963404 649025729 
334963404 649025729 
334337829 648390326 
334337829 648390326 
334337829 649025729 
334337829 649025729 
334963404 649591643 
334963404 649591643 
334337829 649025729 
334963404 649591643 
334337829 649591643 
333593549 649025729 
334337829 649025729 
334337829 649025729 
334337829 648390326 
334963404 648390326 
334337829 648390326 
333593549 648021859 
333593549 648021859 
332793944 648021859 
331897317 647362959 
332793944 648021859 
332793944 648390326 
331897317 648021859 
332793944 648390326 
331897317 648390326 
331194672 648021859 
331897317 648390326 
331194672 648390326 
331194672 648390326 
331897317 648390326 
331897317 649025729 
331194672 648390326 
331897317 648390326 
331897317 649025729 
331897317 648390326 
332793944 648390326 
332793944 648390326 
331897317 648021859 
331897317 648021859 
331897317 648390326 
331897317 648390326 
331897317 648390326 
331194672 648390326 
331194672 648390326 
331194672 648390326 
331194672 648390326 
331194672 648390326 
331897317 648390326 
331897317 649025729 
331897317 648390326 
331897317 648390326 
331897317 649025729 
331897317 649025729 
332793944 649591643 
332793944 649591643 
331897317 649025729 
332793944 649025729 
332793944 649591643 
331897317 649025729 
331897317 649025729 
331897317 649025729 
331897317 648390326 
332793944 648390326 
332793944 649025729 
332793944 648390326 
332793944 648390326 
331897317 648390326 
331194672 648021859 
331897317 648390326 
331194672 648390326 
331194672 648390326 
331194672 648390326 
331194672 648390326 
331194672 648021859 
331194672 648021859 
330839512 648021859 
330700642 647362959 
330839512 647362959 
330700642 647362959 
330700642 647092924 
330700642 647092924 
330700642 647362959 
330700642 647362959 
330839512 648021859 
330839512 648390326 
330700642 648021859 
330700642 648021859 
330700642 648021859 
330214947 647362959 
330214947 647362959 
329974363 647362959 
329924192 647092924 
329974363 647092924 
329974363 647092924 
329924192 646725329 
329924192 646725329 
329924192 646725329 
329887156 646666809 
329924192 646666809 
329924192 646666809 
329924192 646660290 
329974363 646666809 
329924192 646666809 
329924192 646660290 
329974363 646666809 
329924192 646666809 
329924192 646666809 
329924192 646666809 
329924192 646666809 
329924192 646660290 
329974363 646666809 
329974363 646725329 
329974363 646666809 
330214947 646725329 
330214947 647092924 
329974363 646725329 
330214947 647092924 
329974363 647092924 
329974363 647092924 
329974363 647092924 
329974363 647362959 
329974363 647092924 
329974363 647092924 
329924192 647092924 
329924192 646725329 
329974363 647092924 
329974363 647362959 
329924192 647092924 
329924192 647092924 
329924192 647362959 
329887156 647092924 
329887156 647092924 
329887156 647092924 
329581305 646725329 
329581305 646725329 
327590768 646725329 
327537925 646666809 
327590768 646725329 
327590768 647092924 
327537925 646725329 
327590768 647092924 
327590768 647362959 
327537925 647092924 
327537925 647092924 
327537925 647092924 
327054678 646725329 
327537925 646725329 
327537925 647092924 
327537925 647092924 
327590768 647362959 
327590768 647362959 
327537925 647092924 
327590768 647362959 
327537925 647362959 
327054678 647092924 
327537925 647092924 
327054678 647092924 
327054678 646725329 
327537925 646725329 
327054678 646725329 
327054678 646725329 
327054678 646725329 
326418043 646725329 
325401732 646666809 
326418043 646725329 
325401732 646725329 
325323919 646666809 
325401732 646725329 
325401732 647092924 
325323919 646725329 
325401732 646725329 
325323919 646725329 
325323919 646725329 
325323919 646725329 
325269704 646725329 
325269704 646725329 
325323919 646725329 
325323919 646725329 
325269704 646666809 
325323919 646725329 
325323919 647092924 
325323919 647092924 
325401732 647092924 
325401732 647362959 
325323919 647092924 
325323919 647092924 
325269704 647092924 
325260079 646725329 
325269704 646725329 
325269704 647092924 
325269704 646725329 
325323919 646725329 
325269704 646725329 
325269704 646725329 
325323919 646725329 
325323919 647092924 
325323919 647092924 
325323919 647092924 
325269704 647092924 
325260079 646725329 
325260079 646725329 
325260079 646725329 
324850626 646666809 
324850626 646666809 
324850626 646725329 
324779206 646666809 
324850626 646725329 
324779206 646725329 
324779206 646725329 
324779206 646725329 
324779206 646725329 
324779206 646666809 
324850626 646725329 
324850626 647092924 
324779206 646725329 
324850626 647092924 
324850626 647092924 
324850626 647092924 
325260079 647092924 
325260079 647092924 
324850626 646725329 
324850626 646725329 
324850626 646725329 
324850626 646725329 
325260079 646725329 
325260079 646725329 
324850626 646666809 
324850626 646666809 
324850626 646666809 
324850626 646660290 
324850626 646660290 
324779206 646660290 
324779206 646045444 
324850626 646045444 
324850626 646660290 
324850626 646045444 
325260079 646660290 
324850626 646660290 
324850626 646660290 
325260079 646660290 
325260079 646666809 
325260079 646666809 
325260079 646666809 
324850626 646666809 
324850626 646666809 
325260079 646666809 
324850626 646666809 
324850626 646660290 
325260079 646666809 
324850626 646666809 
324850626 646666809 
324850626 646666809 
324850626 646725329 
324779206 646666809 
324850626 646725329 
324850626 646725329 
324779206 646666809 
324779206 646666809 
324756897 646666809 
324756897 646666809 
324779206 646725329 
324756897 646725329 
324756897 646725329 
324779206 647092924 
324779206 647092924 
324779206 646725329 
324779206 646725329 
324756897 646725329 
324756897 646666809 
324779206 646666809 
324779206 646666809 
324779206 646666809 
324850626 646725329 
324850626 646725329 
324850626 646666809 
325260079 646725329 
324850626 646725329 
324779206 646666809 
324779206 646666809 
324779206 646725329 
324779206 646666809 
324850626 646725329 
324779206 646725329 
324779206 646725329 
324779206 646725329 
324779206 647092924 
324756897 646725329 
324779206 646725329 
324756897 646725329 
324716523 646666809 
324716523 646666809 
324716523 646725329 
324716523 646725329 
324756897 646725329 
324756897 647092924 
324756897 646725329 
324779206 647092924 
324779206 647362959 
324779206 647092924 
324850626 647092924 
324779206 647092924 
324779206 647092924 
324850626 647092924 
324850626 647362959 
324850626 647362959 
324850626 647362959 
324850626 647362959 
324779206 647092924 
324850626 647092924 
324779206 647092924 
324779206 646725329 
324850626 647092924 
324779206 647092924 
324756897 646725329 
324779206 647092924 
324779206 647362959 
324779206 647362959 
324850626 647853308 
324779206 647853308 
324756897 647362959 
324779206 647362959 
324756897 647362959 
324756897 647362959 
324756897 647362959 
324756897 647362959 
324716523 647092924 
324716523 647092924 
324216107 647092924 
324216107 647092924 
324716523 647362959 
324716523 647362959 
324716523 647092924 
324756897 647092924 
324716523 647092924 
324716523 647092924 
324756897 647092924 
324756897 647092924 
324756897 646725329 
324779206 647007106 
324756897 647007106 
324756897 647007106 
324779206 647092924 
324779206 647362959 
324756897 647092924 
324779206 647092924 
324779206 647092924 
324779206 647007106 
324850626 647007106 
324850626 647092924 
324850626 647007106 
324850626 647007106 
324850626 647092924 
324779206 647007106 
324779206 647007106 
324779206 647007106 
324779206 647007106 
324850626 647007106 
324850626 647007106 
324850626 647007106 
325260079 647007106 
324850626 647007106 
324850626 646725329 
325260079 647007106 
325260079 647092924 
325260079 647092924 
325269704 647092924 
325260079 647092924 
324850626 647007106 
325260079 647092924 
325260079 647362959 
325260079 647362959 
325269704 647853308 
325269704 647853308 
325269704 647853308 
325269704 647853308 
325260079 647853308 
325260079 647362959 
325269704 647853308 
325269704 647853308 
325260079 647362959 
325269704 647362959 
325260079 647362959 
324850626 647092924 
325260079 647362959 
324850626 647362959 
324850626 647092924 
324850626 647092924 
324850626 647092924 
324850626 647092924 
324850626 647092924 
324850626 647092924 
324779206 647007106 
324779206 647007106 
324779206 647007106 
324779206 646725329 
324850626 647007106 
324779206 647007106 
324756897 646725329 
324779206 647007106 
324779206 647092924 
324779206 647092924 
324850626 647362959 
324850626 647853308 
324850626 647853308 
325260079 647853308 
325260079 648021859 
325260079 647853308 
325269704 647853308 
325269704 648021859 
325269704 647853308 
325269704 647853308 
325269704 647853308 
325269704 647362959 
325269704 647362959 
325260079 647362959 
325260079 647092924 
325269704 647092924 
325269704 647362959 
325269704 647362959 
325269704 647362959 
325269704 647362959 
325269704 647092924 
325323919 647362959 
325323919 647853308 
325323919 647853308 
325401732 647853308 
325401732 648021859 
325323919 647853308 
325401732 648021859 
325401732 648390326 
325401732 648390326 
326418043 649025729 
325401732 649025729 
325401732 649025729 
326418043 649591643 
326418043 650203444 
326418043 650203444 
326418043 650203444 
326418043 650203444 
325401732 649591643 
326418043 650203444 
326418043 650679899 
325401732 650203444 
326418043 650679899 
326418043 650710452 
326418043 650679899 
326418043 650679899 
326418043 650679899 
325401732 650203444 
326418043 650679899 
325401732 650679899 
325401732 650203444 
326418043 650679899 
326418043 650679899 
326418043 650679899 
327054678 650679899 
327054678 650710452 
327054678 650710452 
327537925 650710452 
327537925 650783200 
327537925 650783200 
327590768 651947297 
327590768 651947297 
327590768 650783200 
329581305 651947297 
329581305 651947297 
327590768 650783200 
327590768 650783200 
327590768 651947297 
327590768 650783200 
329581305 650783200 
329581305 650783200 
329581305 650783200 
329581305 650783200 
329581305 651947297 
329581305 651947297 
329887156 651947297 
329887156 652773538 
329581305 651947297 
329887156 652773538 
329581305 652773538 
327590768 651947297 
329581305 652773538 
329581305 653781846 
329581305 652773538 
329887156 653781846 
329887156 654857991 
329887156 654857991 
329887156 654857991 
329887156 654857991 
329887156 653781846 
329924192 653781846 
329924192 654857991 
329924192 653781846 
329974363 653781846 
329974363 653781846 
329974363 652773538 
330214947 653781846 
330214947 654857991 
330214947 653781846 
330700642 653781846 
330700642 654857991 
330700642 654857991 
330839512 654857991 
330700642 654857991 
330214947 653781846 
330700642 654857991 
330700642 654857991 
330700642 654857991 
330700642 654857991 
330214947 654857991 
330214947 653781846 
330700642 654857991 
330214947 654857991 
330214947 653781846 
330214947 653781846 
330214947 653781846 
330214947 652773538 
330700642 652773538 
330700642 652773538 
330214947 651947297 
330214947 651947297 
330214947 651947297 
329974363 650783200 
329974363 650783200 
329974363 650783200 
329974363 650710452 
329974363 650710452 
329974363 650710452 
329924192 650679899 
329974363 650710452 
329974363 650710452 
329924192 650679899 
329974363 650679899 
329924192 650679899 
329887156 650203444 
329924192 650203444 
329924192 650203444 
329924192 650203444 
329974363 650679899 
329974363 650679899 
329974363 650679899 
329974363 650679899 
329924192 650679899 
329924192 650203444 
329924192 650203444 
329887156 650203444 
329887156 649591643 
329924192 649591643 
329887156 649591643 
329887156 649025729 
329924192 649025729 
329924192 649591643 
329887156 649025729 
329924192 649025729 
329887156 649025729 
329887156 648390326 
329924192 649025729 
329887156 649025729 
329581305 648390326 
329887156 649025729 
329887156 649025729 
329581305 648390326 
329887156 649025729 
329887156 649025729 
329887156 648390326 
329924192 649025729 
329887156 649025729 
329887156 648390326 
329924192 649025729 
329924192 649025729 
329924192 648390326 
329974363 648390326 
329974363 648390326 
329974363 648390326 
329974363 648390326 
329974363 648390326 
329974363 648390326 
329974363 648390326 
329974363 649025729 
329974363 649025729 
330214947 649025729 
330214947 649591643 
330214947 649591643 
330700642 649591643 
330700642 650203444 
330700642 649591643 
330700642 649591643 
330214947 649591643 
330214947 649591643 
330700642 649591643 
330700642 650203444 
330700642 649591643 
330839512 650203444 
330839512 650679899 
330700642 650203444 
330700642 650203444 
330214947 650203444 
330214947 650203444 
330700642 650679899 
330214947 650679899 
330214947 650679899 
330214947 650679899 
330214947 650679899 
329974363 650203444 
329974363 650203444 
329974363 650679899 
329974363 650679899 
330214947 650710452 
330214947 650783200 
330214947 650710452 
330700642 650783200 
330700642 650783200 
330700642 650710452 
330700642 650710452 
330214947 650710452 
330214947 650679899 
330700642 650710452 
330214947 650710452 
330214947 650679899 
330700642 650679899 
330700642 650679899 
330700642 650679899 
330839512 650679899 
330700642 650679899 
330700642 650203444 
330700642 650203444 
330214947 650203444 
330214947 650203444 
330700642 650679899 
330700642 650710452 
330700642 650679899 
330839512 650679899 
330839512 650710452 
330700642 650679899 
330839512 650679899 
330700642 650679899 
330214947 650203444 
330700642 650679899 
330214947 650679899 
330214947 650679899 
330700642 650679899 
330700642 650679899 
330700642 650203444 
330839512 650679899 
330839512 650679899 
330700642 650203444 
330700642 650203444 
330700642 650679899 
330700642 650679899 
330700642 650679899 
330700642 650679899 
330214947 650203444 
330214947 650203444 
330214947 650679899 
329974363 650203444 
329974363 650203444 
329924192 650203444 
329924192 649591643 
329974363 650203444 
329924192 650203444 
329924192 649591643 
329924192 649591643 
329924192 650203444 
329887156 649591643 
329887156 649591643 
329887156 649591643 
329887156 649591643 
329924192 649591643 
329887156 649591643 
329887156 649591643 
329924192 650203444 
329924192 650679899 
329887156 650203444 
329924192 650203444 
329887156 650203444 
329887156 650203444 
329924192 650679899 
329924192 650679899 
329924192 650203444 
329924192 650203444 
329924192 650679899 
329924192 650203444 
329924192 650203444 
329924192 650679899 
329924192 650679899 
329974363 650710452 
329974363 650783200 
329974363 650783200 
330214947 651268918 
330214947 651947297 
329974363 651268918 
330214947 651947297 
330214947 652773538 
329974363 651947297 
330214947 651947297 
329974363 651947297 
329974363 651947297 
329974363 651947297 
329924192 651947297 
329924192 651947297 
329924192 651947297 
329924192 652773538 
329887156 651947297 
329924192 651947297 
329887156 651947297 
329887156 651947297 
329924192 652773538 
329924192 652773538 
329924192 651947297 
329924192 651947297 
329924192 651947297 
329924192 651947297 
329974363 651947297 
329924192 651947297 
329924192 651947297 
329974363 652773538 
329974363 652773538 
329924192 651947297 
329974363 652773538 
329974363 652773538 
329924192 651947297 
329974363 651947297 
329924192 651947297 
329924192 651268918 
329974363 651947297 
329974363 651947297 
329924192 651268918 
329974363 651268918 
329974363 651268918 
329974363 651268918 
330214947 651947297 
330214947 652773538 
329974363 651947297 
330214947 652773538 
330214947 653781846 
329974363 652773538 
329974363 652773538 
329974363 652773538 
329924192 651947297 
329924192 651947297 
329887156 651947297 
329581305 651268918 
329887156 651947297 
329887156 652773538 
329887156 652773538 
329924192 653781846 
329924192 653781846 
329924192 652773538 
329974363 653781846 
329974363 653781846 
329974363 652773538 
330214947 652773538 
329974363 652773538 
329974363 651947297 
330214947 652773538 
330214947 653781846 
330214947 653781846 
330700642 653781846 
330700642 653781846 
330214947 652773538 
330700642 653781846 
330700642 653781846 
330214947 652773538 
330700642 653781846 
330700642 653781846 
330700642 652773538 
330700642 652773538 
330700642 653781846 
330214947 652773538 
330214947 652773538 
330214947 653781846 
330214947 653781846 
330700642 654857991 
330700642 654857991 
330700642 653781846 
330700642 653781846 
330700642 654857991 
330700642 653781846 
330839512 653781846 
330700642 653781846 
330700642 653781846 
330839512 653781846 
330700642 653781846 
330700642 652773538 
330700642 652773538 
330700642 653781846 
330700642 653781846 
330839512 654857991 
330700642 654857991 
330700642 654857991 
330839512 654862879 
330839512 654862879 
330700642 654857991 
330839512 654862879 
330839512 654862879 
330839512 654857991 
331194672 654857991 
330839512 654857991 
330839512 653781846 
331194672 654857991 
331194672 654862879 
331194672 654857991 
331194672 654857991 
330839512 654857991 
330700642 653781846 
330839512 653781846 
330700642 653781846 
330700642 653781846 
330839512 653781846 
330839512 654857991 
330839512 653781846 
331194672 654857991 
331194672 654862879 
331194672 654862879 
331194672 654862879 
331194672 654862879 
330839512 654857991 
330839512 654857991 
330700642 654857991 
330214947 653781846 
330214947 653781846 
329974363 653781846 
329974363 653781846 
329974363 653781846 
329924192 653781846 
329924192 652773538 
329974363 653781846 
329924192 653781846 
329924192 652773538 
329924192 652773538 
329924192 653781846 
329924192 652773538 
329974363 652773538 
329974363 652773538 
329924192 651947297 
329974363 652773538 
329924192 652773538 
329887156 651947297 
329924192 652773538 
329924192 652773538 
329924192 652773538 
329974363 652773538 
329974363 652773538 
329924192 651947297 
329974363 652773538 
329974363 652773538 
329924192 651947297 
329924192 651947297 
329924192 651947297 
329924192 651947297 
329924192 651947297 
329924192 652773538 
329887156 651947297 
329924192 652773538 
329887156 652773538 
329887156 651947297 
329924192 652773538 
329924192 652773538 
329924192 652773538 
329974363 652773538 
329974363 652773538 
329924192 651947297 
329974363 652773538 
329974363 652773538 
329974363 652773538 
330214947 652773538 
330214947 652773538 
330214947 651947297 
330700642 652773538 
330214947 652773538 
330214947 652773538 
330700642 653781846 
330700642 653781846 
330700642 652773538 
330839512 652773538 
330839512 653781846 
330700642 652773538 
330839512 652773538 
330700642 652773538 
330700642 652773538 
330839512 653781846 
330839512 653781846 
330839512 652773538 
330839512 652773538 
330839512 653781846 
330839512 652773538 
331194672 653781846 
330839512 653781846 
330700642 652773538 
330839512 652773538 
330839512 653781846 
330839512 652773538 
331194672 652773538 
331194672 653781846 
331194672 653781846 
331194672 653781846 
331194672 653781846 
330839512 652773538 
331194672 652773538 
331194672 652773538 
331194672 651947297 
331706829 651947297 
331706829 651947297 
331706829 651947297 
331897317 652773538 
331706829 652773538 
331706829 651947297 
331706829 651947297 
331194672 651947297 
331194672 651947297 
331706829 652773538 
331194672 652773538 
331194672 652773538 
331194672 652773538 
331194672 653781846 
330839512 652773538 
330839512 652773538 
330839512 652773538 
330839512 652773538 
331194672 652773538 
330839512 652773538 
330839512 651947297 
330839512 651947297 
330839512 651947297 
330700642 651268918 
330700642 651268918 
330700642 651268918 
330700642 650783200 
330839512 651268918 
330700642 651268918 
330214947 650783200 
330700642 651268918 
330700642 651268918 
330700642 650783200 
330700642 650783200 
330700642 651268918 
330214947 650783200 
330700642 651268918 
330700642 651947297 
330214947 651268918 
330214947 651268918 
329974363 651268918 
329974363 651268918 
329974363 651268918 
329924192 651268918 
329924192 650783200 
329924192 650783200 
329924192 651268918 
329887156 650783200 
329887156 650783200 
329887156 650783200 
329581305 650710452 
329581305 650710452 
329114524 650710452 
329114524 650710452 
329581305 650783200 
329114524 650783200 
329114524 650710452 
329114524 650710452 
329114524 650783200 
329114524 650783200 
329581305 651268918 
329581305 651947297 
329114524 651268918 
329581305 651268918 
329581305 651947297 
329581305 651947297 
329887156 651947297 
329887156 652773538 
329887156 652773538 
329924192 652773538 
329924192 652773538 
329924192 652773538 
329924192 652773538 
329924192 653781846 
329887156 652773538 
329924192 653781846 
329924192 653781846 
329924192 653781846 
329974363 654857991 
329924192 654857991 
329887156 653781846 
329924192 653781846 
329924192 654857991 
329924192 654857991 
329974363 654862879 
329974363 654862879 
329924192 654857991 
329924192 654857991 
329887156 654857991 
329581305 653781846 
329887156 653781846 
329581305 653781846 
329581305 652773538 
329887156 652773538 
329887156 652773538 
329581305 651947297 
329887156 652773538 
329887156 653781846 
329581305 652773538 
329581305 652773538 
329581305 652773538 
329581305 652773538 
329581305 652773538 
329114524 652773538 
328549888 651947297 
328549888 651947297 
328549888 652773538 
328549888 651947297 
329114524 651947297 
329114524 651947297 
329114524 651268918 
329581305 651947297 
329114524 651947297 
329114524 651947297 
329114524 651947297 
329114524 651947297 
329114524 651268918 
329581305 651947297 
329581305 652773538 
329581305 651947297 
329887156 651947297 
329581305 651947297 
329114524 651268918 
329581305 651268918 
329581305 651947297 
329581305 651268918 
329581305 651268918 
329581305 651268918 
329581305 651268918 
329887156 651268918 
329581305 651268918 
329114524 650783200 
329581305 651268918 
329114524 651268918 
329114524 651268918 
329581305 651947297 
329581305 652773538 
329114524 651947297 
329114524 651947297 
329114524 652773538 
329114524 652773538 
329581305 653781846 
329114524 653781846 
328549888 652773538 
329114524 652773538 
329114524 652773538 
329114524 652773538 
329581305 652773538 
329581305 653781846 
329114524 652773538 
329581305 653781846 
329114524 653781846 
328549888 652773538 
328549888 652773538 
328549888 653781846 
328549888 652773538 
329114524 653781846 
328549888 653781846 
327590768 652773538 
327590768 652773538 
327590768 653781846 
327590768 653781846 
327590768 653781846 
327537925 653781846 
327054678 652773538 
327054678 652773538 
326625275 652773538 
326625275 652773538 
327054678 652773538 
327054678 652773538 
326625275 651947297 
327054678 652773538 
326625275 652773538 
326625275 651947297 
327054678 651947297 
326625275 651947297 
326611635 651268918 
326611635 651268918 
326611635 651947297 
326611635 651268918 
326625275 651947297 
326625275 652773538 
326625275 651947297 
326625275 651947297 
326611635 651947297 
326418043 651268918 
326611635 651268918 
326611635 651268918 
326418043 650783200 
326418043 650783200 
326418043 651268918 
326248057 650783200 
326418043 650783200 
326418043 651268918 
326418043 651268918 
326611635 651268918 
326418043 651268918 
326418043 651268918 
326611635 651947297 
326611635 652773538 
326611635 652773538 
326611635 652773538 
326418043 652773538 
326248057 651947297 
326248057 651947297 
326248057 652773538 
326248057 652773538 
326418043 653781846 
326248057 653781846 
326248057 652773538 
326248057 652773538 
325401732 652773538 
325401732 652773538 
325401732 652773538 
325401732 653781846 
325401732 653781846 
326248057 654857991 
326248057 654862879 
326248057 654857991 
326418043 654857991 
326418043 654862879 
326418043 654862879 
326611635 654862879 
326611635 654875955 
326611635 654875955 
326625275 655630156 
326625275 655764159 
326611635 655630156 
326625275 655630156 
326625275 655764159 
326611635 655630156 
326625275 655630156 
326625275 655764159 
326625275 655764159 
327054678 656841217 
326625275 656841217 
326625275 655764159 
327054678 655764159 
327054678 656841217 
327054678 655764159 
327054678 655764159 
326625275 655764159 
326611635 655630156 
326625275 655764159 
326611635 655764159 
326611635 655764159 
326611635 655764159 
326418043 655764159 
326418043 655630156 
326418043 655630156 
326418043 655764159 
326418043 655764159 
326611635 656841217 
326418043 656841217 
326248057 655764159 
326418043 655764159 
326418043 656841217 
326248057 655764159 
326248057 655764159 
325401732 655764159 
325323919 655630156 
325401732 655764159 
325401732 655764159 
325323919 655630156 
325401732 655630156 
325323919 655630156 
325323919 655630156 
325401732 655764159 
325401732 655764159 
325323919 655630156 
325323919 655630156 
325323919 655764159 
325323919 655764159 
325401732 655764159 
325323919 655764159 
325323919 655630156 
325401732 655630156 
325401732 655630156 
325323919 654875955 
325323919 654875955 
325269704 654875955 
325269704 654875955 
325269704 654875955 
325269704 655630156 
325269704 655630156 
325323919 655764159 
325269704 655764159 
325260079 655630156 
325269704 655630156 
325269704 655764159 
325260079 655630156 
325269704 655630156 
325269704 655764159 
325269704 655764159 
325323919 656841217 
325323919 656918655 
325269704 656841217 
325323919 656918655 
325269704 656918655 
325260079 656841217 
325269704 656918655 
325269704 656918655 
325260079 656841217 
325269704 656918655 
325260079 656918655 
324850626 656841217 
325260079 656918655 
325260079 657222789 
325260079 657222789 
325269704 657222789 
325269704 657222789 
325269704 656918655 
325269704 656918655 
325260079 656918655 
325260079 656918655 
325269704 657222789 
325269704 657352725 
325269704 657222789 
325269704 657222789 
325260079 657222789 
325260079 657222789 
325269704 657222789 
325269704 657352725 
325269704 657352725 
325323919 657373262 
325323919 657864136 
325323919 657373262 
325401732 657373262 
325401732 657864136 
325323919 657373262 
325401732 657373262 
325401732 657373262 
325401732 657352725 
325401732 657352725 
325401732 657352725 
325401732 657352725 
325401732 657352725 
325401732 657373262 
325401732 657373262 
325401732 657373262 
325401732 657864136 
325323919 657373262 
325401732 657864136 
325401732 657948464 
325323919 657864136 
325401732 657864136 
325401732 657948464 
325401732 657864136 
326248057 657864136 
326248057 657948464 
325401732 657864136 
326248057 657948464 
326248057 658120930 
326248057 657948464 
326418043 657948464 
326418043 658120930 
326418043 657948464 
326418043 657948464 
326248057 657948464 
326248057 657948464 
326418043 658120930 
326418043 658486571 
326418043 658486571 
326611635 658486571 
326418043 658486571 
326418043 658120930 
326611635 658486571 
326611635 658486571 
326611635 658486571 
326611635 658486571 
326611635 659250640 
326611635 659250640 
326625275 659856226 
326625275 660188632 
326625275 660188632 
326625275 660188632 
326625275 660188632 
326625275 660188632 
327054678 661005872 
327054678 661005872 
326625275 660188632 
327054678 661005872 
326625275 661005872 
326611635 660188632 
326625275 661005872 
326625275 661005872 
326611635 660188632 
326625275 660188632 
326611635 660188632 
326418043 659856226 
326611635 660188632 
326611635 660188632 
326418043 659856226 
326418043 659856226 
326418043 659856226 
326418043 659856226 
326418043 659856226 
326418043 660188632 
326418043 659856226 
326611635 659856226 
326611635 659856226 
326418043 659250640 
326611635 659250640 
326418043 659250640 
326248057 658486571 
326418043 658486571 
326418043 658486571 
326248057 658120930 
326418043 658120930 
326248057 658120930 
326248057 658120930 
326418043 658120930 
326418043 658120930 
326418043 658120930 
326611635 658486571 
326418043 658486571 
326418043 658486571 
326611635 659250640 
326611635 659856226 
326611635 659856226 
326611635 659856226 
326611635 659856226 
326418043 659250640 
326611635 659250640 
326611635 659856226 
326418043 659250640 
326611635 659250640 
326418043 659250640 
326418043 658486571 
326611635 658486571 
326418043 658486571 
326418043 658486571 
326611635 659250640 
326611635 659250640 
326611635 658486571 
326625275 659250640 
326625275 659250640 
326625275 659250640 
327054678 659856226 
327054678 659856226 
327054678 659856226 
327537925 659856226 
327054678 659856226 
326625275 659250640 
326625275 659250640 
326625275 659856226 
326611635 659250640 
326611635 659250640 
326418043 659250640 
326418043 659250640 
326611635 659250640 
326418043 659250640 
326418043 659250640 
326418043 659250640 
326248057 659250640 
325401732 658486571 
325401732 658486571 
325323919 658486571 
325323919 658486571 
325323919 658486571 
325269704 658486571 
325269704 658486571 
325323919 658486571 
325269704 658486571 
325269704 658120930 
325323919 658120930 
325323919 658120930 
325323919 658120930 
325401732 658486571 
325401732 658486571 
325323919 658120930 
325401732 658120930 
325401732 658486571 
325323919 658120930 
325323919 658120930 
325269704 658120930 
325260079 657948464 
325269704 658120930 
325269704 658120930 
325260079 657948464 
325269704 657948464 
325260079 657948464 
324850626 657864136 
325260079 657948464 
325260079 658120930 
325260079 657948464 
325260079 657948464 
325260079 658120930 
325260079 657948464 
325269704 658120930 
325269704 658486571 
325269704 658486571 
325323919 658486571 
325323919 659134965 
325323919 658486571 
325323919 658486571 
325269704 658486571 
325269704 658120930 
325323919 658120930 
325323919 658486571 
325323919 658486571 
325323919 658486571 
325269704 658486571 
325260079 658120930 
325269704 658120930 
325269704 658120930 
325269704 658120930 
325269704 658120930 
325269704 658120930 
325269704 658120930 
325323919 658486571 
325323919 659134965 
325323919 658486571 
325401732 658486571 
325401732 658486571 
325323919 658120930 
325401732 658486571 
325323919 658486571 
325269704 658120930 
325269704 658120930 
325260079 658120930 
325260079 658120930 
325260079 658120930 
324850626 658120930 
324779206 657948464 
324779206 657948464 
324779206 657948464 
324756897 657864136 
324779206 657948464 
324779206 658120930 
324756897 657948464 
324756897 657948464 
324756897 658120930 
324716523 657948464 
324756897 658120930 
324716523 658120930 
324716523 658120930 
324756897 658486571 
324756897 658486571 
324716523 658120930 
324756897 658120930 
324756897 658486571 
324716523 658120930 
324716523 658120930 
324216107 658120930 
323676508 657948464 
324216107 657948464 
324216107 658120930 
324216107 658120930 
324216107 658120930 
324216107 658120930 
324216107 658120930 
324216107 658120930 
324216107 658486571 
324216107 658120930 
324716523 658486571 
324216107 658486571 
324216107 658486571 
324216107 658486571 
324216107 659134965 
324216107 658486571 
324216107 658486571 
324216107 659134965 
324216107 658486571 
324716523 659134965 
324216107 659134965 
324216107 658486571 
324716523 658486571 
324716523 658486571 
324716523 658486571 
324756897 659134965 
324756897 659250640 
324716523 659134965 
324756897 659134965 
324716523 659134965 
324216107 658486571 
324716523 658486571 
324716523 658486571 
324216107 658120930 
324716523 658486571 
324216107 658486571 
324216107 658486571 
324716523 659134965 
324216107 659134965 
324216107 659134965 
324216107 659134965 
324216107 659134965 
324216107 658486571 
324716523 659134965 
324716523 659250640 
324216107 659134965 
324216107 659134965 
324216107 659250640 
324216107 659134965 
324716523 659134965 
324216107 659134965 
323676508 658486571 
324216107 659134965 
323676508 659134965 
323638355 658486571 
323638355 658486571 
323638355 659134965 
323509396 658486571 
323638355 658486571 
323638355 658486571 
323509396 658120930 
323509396 658120930 
323412552 658120930 
323412552 658120930 
323412552 658120930 
323311880 658120930 
323180874 657948464 
323311880 657948464 
323311880 658120930 
323311880 657948464 
323311880 657948464 
323311880 658120930 
323180874 657948464 
323311880 657948464 
323311880 658120930 
323311880 658120930 
323412552 658486571 
323311880 658486571 
323311880 658120930 
323311880 658120930 
323180874 658120930 
323180874 657948464 
323311880 658120930 
323311880 658120930 
323311880 657948464 
323311880 657948464 
323311880 658120930 
323311880 657948464 
323412552 657948464 
323311880 657948464 
323311880 657864136 
323412552 657948464 
323412552 658120930 
323311880 657948464 
323412552 657948464 
323311880 657948464 
323180874 657864136 
323180874 657864136 
323180874 657864136 
323180874 657373262 
323311880 657864136 
323180874 657864136 
323180874 657373262 
323311880 657864136 
323311880 657948464 
323180874 657864136 
323311880 657864136 
323311880 657948464 
323311880 657948464 
323412552 657948464 
323412552 657948464 
323412552 657948464 
323509396 657948464 
323509396 657948464 
323412552 657864136 
323509396 657864136 
323509396 657948464 
323509396 657948464 
323638355 657948464 
323638355 657948464 
323638355 657864136 
323676508 657864136 
323676508 657864136 
323676508 657864136 
323676508 657864136 
323638355 657864136 
323638355 657864136 
323676508 657864136 
323676508 657948464 
323676508 657864136 
324216107 657948464 
324216107 658120930 
324216107 658120930 
324716523 658120930 
324716523 658486571 
324216107 658120930 
324716523 658120930 
324716523 658486571 
324216107 658120930 
324716523 658120930 
324716523 658486571 
324716523 658120930 
324756897 658120930 
324756897 658486571 
324716523 658120930 
324756897 658486571 
324756897 658486571 
324756897 658120930 
324779206 658486571 
324756897 658486571 
324756897 658486571 
324779206 658486571 
324779206 659134965 
324779206 659134965 
324850626 659139656 
324850626 659250640 
324850626 659250640 
325260079 659250640 
325260079 659250640 
325260079 659250640 
325260079 659250640 
325260079 659250640 
325260079 659250640 
325260079 659250640 
325260079 659250640 
324850626 659139656 
324850626 659139656 
324850626 659250640 
324850626 659250640 
325260079 659250640 
325260079 659250640 
325260079 659139656 
325260079 659139656 
324850626 659139656 
324779206 659134965 
324850626 659134965 
324850626 659139656 
324779206 659134965 
324779206 659134965 
324779206 659134965 
324756897 658486571 
324779206 658486571 
324756897 658486571 
324756897 658120930 
324779206 658120930 
324779206 658120930 
324779206 658120930 
324850626 658486571 
324850626 659134965 
324850626 659134965 
324850626 659134965 
324850626 659134965 
324850626 659134965 
325260079 659139656 
324850626 659139656 
324779206 659134965 
324779206 659134965 
324779206 659139656 
324779206 659134965 
324850626 659139656 
324850626 659250640 
324850626 659250640 
325260079 659250640 
324850626 659250640 
324850626 659139656 
325260079 659250640 
324850626 659250640 
324850626 659139656 
325260079 659250640 
324850626 659250640 
324850626 659250640 
325260079 659250640 
324850626 659250640 
324779206 659139656 
324779206 659139656 
324779206 659139656 
324779206 659134965 
324850626 659134965 
324779206 659134965 
324756897 658486571 
324756897 658486571 
324756897 658486571 
324756897 658486571 
324779206 658486571 
324779206 658486571 
324779206 658486571 
324850626 659134965 
324850626 659139656 
324850626 659139656 
325260079 659250640 
325260079 659856226 
325260079 659250640 
325269704 659250640 
325269704 659856226 
325269704 659856226 
325269704 659856226 
325260079 659856226 
324850626 659250640 
325260079 659250640 
325260079 659856226 
325260079 659856226 
325269704 660188632 
325269704 660188632 
325269704 659856226 
325269704 659856226 
325269704 659856226 
325260079 659250640 
325269704 659250640 
325260079 659250640 
324850626 659139656 
324850626 659139656 
324850626 659250640 
324850626 659250640 
325260079 659856226 
325260079 659856226 
325260079 659250640 
325269704 659250640 
325269704 659856226 
325269704 659250640 
325323919 659856226 
325323919 660188632 
325323919 660188632 
325323919 660188632 
325323919 660188632 
325323919 660188632 
325323919 660188632 
325323919 661005872 
325269704 660188632 
325323919 660188632 
325323919 660188632 
325269704 659856226 
325323919 660188632 
325323919 661005872 
325323919 660188632 
325401732 660188632 
325401732 660188632 
325401732 660188632 
325401732 660188632 
325323919 660188632 
325269704 659856226 
325323919 659856226 
325323919 660188632 
325323919 660188632 
325401732 660188632 
325401732 661005872 
325323919 660188632 
325323919 660188632 
325323919 660188632 
325323919 660188632 
325401732 661005872 
325323919 661005872 
325269704 660188632 
325323919 660188632 
325323919 661005872 
325269704 660188632 
325269704 660188632 
325260079 660188632 
325260079 659856226 
325269704 659856226 
325260079 659856226 
325260079 659856226 
325260079 659856226 
324850626 659856226 
324850626 659856226 
325260079 660188632 
325260079 661005872 
325260079 660188632 
325269704 660188632 
325269704 660188632 
325269704 660188632 
325269704 660188632 
325260079 660188632 
325260079 659856226 
325260079 659856226 
325260079 659856226 
324850626 659250640 
325260079 659250640 
324850626 659250640 
324779206 659139656 
324779206 659139656 
324756897 659139656 
324716523 659134965 
324756897 659134965 
324756897 659139656 
324756897 659139656 
324779206 659139656 
324779206 659139656 
324779206 659134965 
324779206 659134965 
324779206 659134965 
324779206 658486571 
324850626 658486571 
324850626 659134965 
324779206 658486571 
324850626 658486571 
324779206 658486571 
324779206 658486571 
324779206 658486571 
324756897 658486571 
324756897 658486571 
324779206 659134965 
324779206 659134965 
324756897 658486571 
324779206 659134965 
324779206 659134965 
324779206 658486571 
324779206 658486571 
324756897 658486571 
324716523 658120930 
324716523 658120930 
324216107 658120930 
323737816 657948464 
324216107 657948464 
324216107 658120930 
324216107 657948464 
324216107 657948464 
324216107 657948464 
324216107 657864136 
324216107 657864136 
323737816 657864136 
323737816 657864136 
324216107 657948464 
324216107 658120930 
323737816 657948464 
324216107 657948464 
324216107 657948464 
324216107 657948464 
324216107 657948464 
324216107 658120930 
324216107 658120930 
324216107 658120930 
323737816 658120930 
323676508 657948464 
323676508 657948464 
323676508 658120930 
323638355 657948464 
323676508 658120930 
323676508 658120930 
323676508 658120930 
323737816 658486571 
323676508 658486571 
323676508 658120930 
323737816 658486571 
323676508 658486571 
323676508 658120930 
323737816 658486571 
323737816 658486571 
323676508 658120930 
323737816 658120930 
323737816 658486571 
323737816 658486571 
324216107 658486571 
324216107 658693617 
324216107 658693617 
324716523 658693617 
324716523 659134965 
324216107 658693617 
324216107 658693617 
324216107 659134965 
323737816 658693617 
323737816 658693617 
323737816 658693617 
323737816 658486571 
324216107 658693617 
324216107 659134965 
324216107 659134965 
324716523 659139656 
324216107 659139656 
323737816 659134965 
324216107 659134965 
324216107 659139656 
323737816 659134965 
324216107 659139656 
323737816 659139656 
323737816 659139656 
323737816 659139656 
323737816 659139656 
323737816 659139656 
324216107 659139656 
324216107 659139656 
324216107 659139656 
324716523 659250640 
324216107 659250640 
323737816 659139656 
324216107 659250640 
323737816 659250640 
323737816 659250640 
323737816 659250640 
323676508 659250640 
323676508 659250640 
323737816 659250640 
323676508 659250640 
323676508 659250640 
323737816 659250640 
323737816 659250640 
323737816 659250640 
323737816 659250640 
323737816 659250640 
323676508 659139656 
323737816 659139656 
323737816 659139656 
323737816 659139656 
324216107 659139656 
324216107 659250640 
324216107 659250640 
324716523 659250640 
324216107 659250640 
323737816 659139656 
324216107 659139656 
324216107 659139656 
324216107 659139656 
324716523 659250640 
324716523 659856226 
324216107 659250640 
324216107 659250640 
324216107 659856226 
323737816 659250640 
324216107 659856226 
324216107 659856226 
324216107 659856226 
324216107 659856226 
324216107 660188632 
324216107 660188632 
324716523 661005872 
324216107 661005872 
324216107 660188632 
324216107 660188632 
324216107 660188632 
324216107 660188632 
324716523 661005872 
324216107 661005872 
324216107 660188632 
324216107 660188632 
324216107 660188632 
324216107 659856226 
324216107 659856226 
323737816 659856226 
323676508 659250640 
323737816 659856226 
323737816 660188632 
323676508 659856226 
323737816 660188632 
