0
1
1
1
0
2
0
4
1
0
1
0
0
1
1
0
0
2
0
1
2
0
2
0
0
2
2
0
1
0
0
0
1
1
2
0
2
0
0
0
1
0
2
0
0
2
0
0
1
7
0
12
0
0
0
0
0
6
1
0
62
0
1
1
0
0
2
0
0
0
0
0
0
0
0
0
0
1
1
8
0
0
5
0
1
0
0
1
1
1
1
0
0
0
1
3
1
6
1
1
2
0
0
1
0
0
0
2
3
0
43
0
5
2
1
1
0
0
0
4
2
0
2
0
1
0
1
3
12
0
1
0
1
15
5
0
0
3
0
0
1
0
0
0
4
8
0
0
0
0
0
1
0
0
3
0
0
0
0
0
0
0
1
0
0
1
0
3
3
0
2
10
0
2
1
1
0
0
1
0
0
0
0
0
1
0
0
1
10
0
0
3
0
0
0
5
0
0
0
0
1
3
0
0
0
0
0
0
0
0
1
0
0
0
1
0
0
0
0
2
7
2
0
2
0
0
2
0
0
0
0
1
0
0
0
0
0
1
0
1
0
0
0
0
0
0
0
0
0
0
2
0
0
0
0
2
0
0
2
0
0
0
0
0
0
0
0
0
0
0
1
1
0
0
0
1
0
1
0
0
0
1
0
0
2
0
0
1
0
0
1
0
0
5
1
0
2
1
1
0
1
2
0
0
4
0
0
0
0
0
2
1
1
1
0
0
1
0
3
0
0
0
2
1
4
0
0
3
0
0
0
0
0
0
0
0
0
2
2
0
0
0
2
1
0
0
0
0
0
0
0
5
0
1
0
0
0
0
2
1
1
1
0
2
2
5
0
0
0
0
0
0
0
4
0
0
2
0
0
0
1
24
0
0
0
3
0
0
0
2
0
0
0
0
2
1
0
1
1
0
1
1
0
155
4
2
0
2
3
0
11
2
16
1
0
14
0
0
0
2
0
0
1
0
0
1
0
4
1
10
0
8
0
0
0
0
1
0
0
1
0
0
1
1
0
0
0
0
2
0
0
8
0
1
0
7
0
3
1
0
0
0
3
1
0
0
0
0
0
1
0
1
0
0
65
0
1
0
18
11
0
1
0
1
0
0
1
1
1
1
0
0
0
0
0
6
1
0
1
1
0
0
0
0
1
1
1
0
0
0
0
0
1
0
4
0
1
0
0
0
0
0
0
0
0
0
1
0
0
1
0
0
1
3
1
2
4
0
0
0
0
0
0
2
9
1
5
1
3
7
0
1
0
0
0
1
0
4
1
0
0
0
0
0
0
0
0
0
3
4
0
1
0
12
0
0
0
11
2
0
0
0
0
0
39
0
0
0
0
19
0
7
0
1
20
6
0
0
0
0
0
0
0
0
3
0
0
0
0
0
2
0
0
2
0
1
10
1
0
0
4
3
1
2
0
2
0
0
0
0
0
0
0
0
0
0
0
0
0
2
0
1
0
2
0
2
2
3
0
1
0
0
0
0
1
2
1
2
0
0
1
0
4
0
0
2
1
0
4
2
0
4
0
1
0
0
0
0
0
0
0
0
0
0
0
1
0
0
0
1
40
4
1
3
0
0
0
0
1
4
0
1
2
0
0
3
0
0
1
0
1
0
1
2
1
4
0
1
2
1
0
0
0
1
0
6
3
0
2
2
1
1
1
0
1
1
1
1
0
0
0
10
1
0
2
4
0
0
0
0
0
0
0
1
5
116
0
0
2
1
0
1
0
4
39
0
0
1
0
2
2
4
0
0
1
0
1
0
0
3
0
0
0
0
0
0
21
0
65
0
3
0
11
0
1
0
1
1
0
1
2
0
1
1
1
0
0
0
0
3
0
1
0
5
2
1
39
2
3
8
0
1
0
0
0
0
0
1
0
2
0
0
0
0
5
0
0
15
0
0
0
0
0
4
3
14
1
0
1
0
0
0
1
0
1
0
1
7
0
0
15
0
2
0
0
0
12
0
0
1
6
14
0
3
1
2
0
0
0
3
1
0
1
2
1
2
8
1
0
0
2
0
1
0
0
5
1
0
0
0
0
0
0
0
1
1
0
0
31
0
1
0
0
6
0
1
1
0
3
0
1
0
0
0
0
0
0
0
0
1
1
0
0
0
0
0
0
0
2
1
1
3
8
14
1
1
0
2
3
0
0
6
9
0
0
0
0
1
0
0
6
1
2
4
2
4
0
0
5
1
0
0
1
28
2
0
1
0
0
2
0
8
1
0
0
0
0
0
2
1
1
0
0
1
0
0
0
3
0
0
1
5
0
0
1
0
0
1
0
0
0
0
0
0
0
0
2
0
1
1
0
0
3
0
0
0
1
0
0
6
0
1
2
2
0
0
11
0
0
1
1
6
6
0
1
0
1
0
0
0
0
0
0
0
0
1
0
1
1
0
0
3
2
0
3
0
0
0
0
3
1
32
0
2
5
0
0
0
2
9
0
2
0
0
0
9
5
0
0
1
1
1
1
21
1
4
0
1
1
0
1
0
0
0
0
0
0
1
0
39
0
1
1
0
0
1
0
11
0
0
0
18
1
0
0
3
0
0
0
1
2
1
0
0
2
2
1
0
0
1
1
0
0
0
0
0
5
14
1
3
0
0
0
0
23
0
1
1
1
0
4
2
1
0
0
3
0
0
1
6
0
0
1
0
6
3
1
0
1
2
0
1
0
0
0
0
4
3
4
0
0
0
2
1
1
0
1
0
1
1
0
0
0
1
1
0
0
0
0
0
1
5
0
0
0
0
3
0
2
0
1
0
20
0
0
0
1
1
1
0
0
1
0
1
0
0
0
1
0
0
1
0
9
1
2
1
0
0
0
0
5
0
1
0
1
0
0
0
0
0
0
1
0
0
0
2
0
0
0
0
0
0
0
0
0
1
1
0
2
0
0
0
3
1
0
2
0
1
0
1
2
0
2
0
0
0
0
0
5
0
0
17
0
0
0
0
1
0
0
1
0
0
7
0
1
0
0
0
0
0
4
1
0
0
0
0
0
3
0
0
1
0
0
1
1
1
0
0
0
1
0
0
0
2
2
1
0
0
0
0
4
0
25
0
0
0
0
0
0
0
0
0
0
2
3
0
0
1
11
2
3
0
0
0
0
0
0
4
1
3
1
0
0
62
0
0
0
0
0
0
0
2
0
0
0
0
0
7
0
5
1
0
0
0
1
0
1
0
0
0
8
1
0
0
0
1
0
0
0
4
1
0
14
4
1
2
0
0
2
1
0
1
1
2
1
0
0
31
0
2
2
0
0
2
0
0
1
1
0
1
4
0
1
0
0
0
0
1
0
6
1
0
0
1
2
0
16
0
1
0
0
2
0
0
0
0
1
0
0
19
0
1
0
0
6
0
1
0
0
0
3
4
5
1
2
3
1
2
0
0
0
5
1
0
0
1
1
0
1
0
6
1
0
0
0
4
0
0
1
0
0
1
0
1
8
0
9
0
11
0
0
29
1
0
2
1
0
0
1
0
0
12
0
0
0
0
8
0
0
1
0
0
25
8
0
1
0
0
0
1
0
0
2
0
1
0
1
0
1
0
0
0
0
0
0
0
0
0
0
0
0
1
0
2
0
0
4
0
4
3
0
1
3
2
2
0
1
0
0
1
0
1
0
1
3
2
0
0
0
1
0
2
0
1
0
0
2
4
0
4
3
0
1
1
0
28
1
0
0
0
1
11
0
109
1
0
0
0
0
4
1
0
0
0
0
0
2
0
0
0
0
5
0
0
0
2
0
0
0
4
2
0
0
0
8
0
6
1
0
0
0
2
0
0
0
24
0
0
1
0
0
0
1
3
2
0
0
0
0
0
0
0
0
2
0
1
0
3
0
0
0
2
43
4
0
0
4
0
11
0
0
0
1
1
0
0
1
1
0
0
0
0
1
0
0
8
0
0
0
0
0
3
1
0
1
11
0
0
3
0
0
0
1
0
0
0
1
0
0
0
1
0
0
1
6
3
1
0
0
1
0
1
0
1
0
0
0
0
0
0
3
0
0
1
0
0
2
3
0
2
1
1
1
0
0
4
1
7
0
0
0
1
0
11
0
2
0
1
0
1
0
0
0
0
0
0
1
2
2
1
0
2
0
4
0
0
0
1
0
0
0
0
0
1
0
0
0
0
5
0
1
0
0
1
0
0
1
0
0
0
0
0
0
0
3
13
0
0
0
0
0
1
1
0
1
0
0
0
1
1
0
1
0
0
0
0
2
1
0
0
0
1
0
0
4
0
1
0
9
0
1
0
8
1
0
12
0
26
0
0
0
0
0
1
1
1
0
40
0
0
0
0
1
4
2
0
0
0
0
0
0
0
0
0
2
0
0
0
0
0
0
0
0
0
1
54
4
0
0
0
0
0
1
0
0
0
0
0
0
2
0
5
8
0
0
2
1
0
0
0
0
0
0
0
0
4
2
0
0
0
30
0
11
2
0
1
1
1
0
0
0
0
0
0
0
0
0
0
0
0
0
0
0
0
0
0
1
0
0
2
0
2
0
0
0
0
0
0
0
0
