0
1
1
4
0
1
1
0
1
0
0
3
0
10
2
0
1
1
4
1
0
2
0
0
0
0
0
0
0
6
1
0
0
0
0
0
2
1
1
0
0
0
1
0
0
0
0
0
0
1
0
1
0
0
6
0
1
0
0
1
0
0
0
0
2
0
0
0
0
0
1
0
0
1
0
0
5
0
1
1
0
1
0
0
6
6
1
1
0
1
0
0
0
0
0
2
0
1
0
0
0
2
0
0
0
0
0
1
1
5
0
20
0
0
1
0
0
0
0
1
0
1
1
1
0
2
0
0
2
0
16
3
0
0
0
0
0
0
0
2
2
1
1
0
1
13
0
1
1
1
1
0
2
0
0
1
1
0
0
0
0
0
0
0
0
0
0
0
7
0
0
1
43
1
1
0
0
0
0
0
2
0
0
5
0
1
1
0
0
0
1
0
0
0
0
1
10
0
0
2
3
5
0
0
2
0
17
0
2
0
1
0
0
5
0
3
0
0
25
0
6
1
0
2
0
0
1
0
0
0
1
0
0
1
1
1
0
0
1
2
1
0
0
1
0
0
2
0
1
3
3
0
1
0
1
2
0
0
0
9
7
1
0
1
2
0
6
0
3
0
0
0
0
0
0
0
0
5
0
0
1
0
0
2
0
0
0
0
3
0
0
0
3
1
0
35
1
0
3
0
0
1
0
0
1
0
0
0
0
0
0
2
0
1
1
1
26
0
1
1
0
0
10
0
1
0
0
1
2
0
0
0
0
0
0
0
2
43
0
0
15
0
0
0
1
9
0
0
15
0
0
6
0
0
1
0
0
0
1
73
0
0
0
1
3
1
0
0
0
1
0
0
0
0
0
0
0
0
0
0
0
2
2
0
0
0
52
1
2
1
0
0
0
0
7
0
0
0
3
0
1
1
0
0
3
5
19
1
1
0
0
0
0
1
0
0
14
0
0
0
0
1
1
0
1
0
0
1
0
1
0
0
1
0
0
1
1
0
0
0
0
0
0
1
1
1
0
0
0
0
1
23
0
0
1
0
0
1
0
0
0
0
2
0
2
0
3
0
0
2
4
0
1
0
0
0
0
0
0
0
0
3
0
1
1
2
0
8
0
0
17
1
0
0
1
0
2
0
1
0
0
0
4
0
1
1
1
0
1
1
0
2
0
0
0
1
1
0
1
1
0
0
0
0
1
5
0
1
8
1
1
0
1
1
5
0
0
4
0
0
0
1
0
0
2
1
0
1
30
0
0
0
0
0
0
0
2
17
0
3
4
1
28
0
10
0
0
2
0
1
0
0
0
0
4
1
1
1
0
0
4
3
18
0
0
0
0
1
0
0
0
0
0
0
16
0
4
2
0
0
0
0
0
2
0
1
0
2
0
0
0
1
0
0
0
0
0
0
1
2
4
0
0
1
2
0
1
10
1
0
0
1
1
0
11
1
4
0
0
0
0
0
0
0
0
0
0
0
0
19
0
0
0
1
1
0
0
0
2
1
0
0
0
1
0
1
1
0
0
1
0
0
0
2
23
0
1
0
0
11
1
0
0
0
0
6
0
1
1
1
0
0
0
0
27
3
0
0
0
0
0
0
0
0
0
0
0
2
2
0
1
6
0
0
0
7
0
0
0
0
0
0
0
4
0
1
0
0
1
0
1
0
0
10
0
5
0
1
0
0
0
2
0
0
1
0
0
0
0
3
0
2
0
0
1
0
0
1
18
1
0
0
0
0
0
0
0
1
18
1
0
1
1
1
0
0
0
0
0
3
0
0
1
14
0
0
0
0
0
0
1
0
0
1
0
2
6
0
0
8
0
0
1
0
0
0
0
2
0
1
0
1
0
0
2
1
0
0
0
0
5
6
0
0
1
1
0
0
1
0
0
1
0
0
1
0
0
0
9
0
1
0
0
0
1
0
3
3
0
2
0
1
0
2
3
0
0
0
0
0
0
0
0
0
2
1
0
0
2
0
0
0
1
15
0
0
0
11
2
0
0
0
0
1
0
0
15
0
0
0
0
0
0
1
1
12
3
0
0
1
0
0
0
0
0
0
0
2
0
1
0
2
1
0
2
0
3
0
0
1
0
2
3
0
3
0
0
0
10
0
0
4
0
5
0
0
5
1
0
1
0
0
1
8
1
0
0
0
1
6
2
2
1
0
0
3
1
0
1
0
1
0
0
0
0
0
0
0
2
0
1
0
32
1
0
0
1
0
0
0
0
0
0
0
0
0
0
0
0
0
2
0
0
0
0
1
0
0
1
0
2
0
2
0
0
0
2
1
6
7
0
20
7
0
17
0
3
0
0
0
0
0
1
1
0
0
0
0
0
1
0
0
0
1
25
1
2
1
0
2
0
0
0
1
0
0
1
3
0
0
0
0
0
0
0
5
0
82
0
1
0
1
0
12
0
0
0
3
0
0
14
0
5
0
1
0
0
0
0
1
2
0
2
0
0
0
0
1
5
1
0
4
6
0
1
0
0
0
1
0
0
0
0
2
1
0
0
1
0
0
0
0
0
1
0
1
0
0
1
0
0
3
0
2
48
0
0
10
2
2
1
3
46
0
0
0
1
4
1
0
0
0
0
0
0
2
0
0
4
0
1
0
1
0
0
0
0
0
0
1
0
6
0
0
0
0
1
0
0
0
0
1
0
2
0
0
0
0
0
2
0
1
1
0
1
0
0
0
0
0
1
0
1
1
0
1
0
2
1
0
0
2
0
0
0
0
0
3
0
1
0
1
0
0
0
0
0
0
0
0
0
0
0
0
1
0
0
0
0
1
0
0
0
1
0
0
6
0
0
1
0
0
0
0
0
1
0
0
0
0
0
0
5
1
0
2
0
0
0
0
1
0
1
10
1
0
0
88
0
8
0
9
0
0
0
1
3
7
1
0
4
9
0
0
0
0
5
0
0
0
0
0
0
1
0
8
0
0
1
2
3
0
0
0
0
0
0
0
9
0
2
1
1
1
0
1
0
1
0
1
0
0
0
0
0
0
1
0
0
0
1
0
14
0
1
0
0
2
2
1
0
1
9
0
0
0
0
0
0
0
0
1
0
0
0
2
2
0
0
0
0
0
0
0
0
0
0
0
1
0
1
0
0
0
0
0
2
0
0
0
20
0
0
2
5
1
0
0
0
2
3
0
0
0
0
0
0
0
1
2
0
5
0
0
0
0
5
1
1
0
0
0
0
0
1
0
1
0
0
1
2
3
0
0
7
0
0
0
0
0
0
3
1
0
0
1
28
0
0
0
2
0
0
0
1
0
3
0
1
0
0
0
1
0
0
2
21
0
0
0
0
0
4
2
0
0
0
0
1
0
3
0
0
0
0
0
0
1
0
0
0
0
0
0
0
1
0
0
1
0
0
5
0
2
2
4
9
10
2
0
0
0
0
0
0
0
0
2
4
0
1
0
0
1
0
2
0
1
0
0
0
24
0
0
0
0
0
0
0
0
0
0
2
1
23
2
0
0
0
3
0
1
0
0
0
0
0
0
1
0
4
16
2
0
0
0
0
2
2
2
0
0
2
88
0
1
25
1
1
2
1
0
3
0
2
2
7
0
0
1
1
0
0
0
0
8
0
0
0
1
2
0
1
0
0
1
0
6
0
18
1
0
2
3
0
0
2
1
2
1
0
0
1
0
1
1
0
0
0
0
0
0
0
0
0
0
14
0
0
0
4
0
0
1
4
1
0
0
2
0
1
0
0
1
2
7
0
1
0
2
0
0
0
10
2
1
2
1
0
1
1
0
0
1
10
2
1
7
5
0
0
0
0
0
3
0
0
0
1
0
7
0
1
0
0
3
0
2
0
0
3
0
5
0
0
0
0
0
1
1
1
1
1
0
0
1
0
1
1
0
0
0
0
2
0
1
0
0
1
0
0
0
0
0
0
0
0
3
0
1
0
1
0
0
1
0
0
32
0
0
0
0
0
1
9
1
1
0
0
0
0
3
0
2
0
2
1
0
0
0
3
0
0
1
0
12
0
1
22
0
5
0
16
1
0
0
0
2
0
0
1
0
1
1
3
2
0
0
2
1
2
0
1
3
1
1
0
0
4
0
0
0
0
0
0
3
0
2
1
0
0
0
4
0
0
3
0
0
0
0
0
6
0
0
0
4
0
0
4
2
0
0
0
0
0
0
1
0
4
2
1
1
0
0
0
0
0
1
0
1
0
0
7
2
0
1
0
0
4
5
0
12
0
0
0
1
0
6
0
0
0
1
0
0
1
0
1
1
0
0
1
0
1
0
2
0
0
0
0
0
0
0
0
0
1
0
0
0
3
0
0
2
1
0
1
2
0
125
0
0
4
0
0
1
0
0
0
0
0
0
0
1
2
0
0
0
4
1
0
1
0
0
0
0
0
0
0
1
0
0
1
1
0
0
0
0
3
0
8
0
9
0
0
1
1
1
1
3
0
0
0
0
0
2
1
2
5
0
4
0
0
0
0
0
3
0
1
1
3
1
0
0
1
3
0
0
1
1
1
1
0
0
0
0
0
0
1
0
1
2
