17
0
0
0
2
1
0
0
0
5
0
6
3
0
0
4
1
0
1
1
0
0
0
0
0
0
0
0
0
2
0
1
0
0
0
6
0
0
1
0
0
0
1
0
0
1
3
0
1
0
1
0
0
0
5
1
0
4
0
1
2
0
0
0
3
0
0
0
1
0
0
0
0
4
0
0
1
0
0
0
3
1
0
0
0
2
0
1
0
0
0
0
1
0
0
0
0
11
0
1
0
0
1
0
0
0
2
0
1
0
0
1
0
4
0
0
0
1
0
0
0
0
1
1
1
0
37
0
0
0
1
0
0
0
0
0
0
1
0
0
0
2
3
2
0
1
0
2
0
0
1
0
0
2
0
0
0
0
1
12
0
1
0
1
1
0
0
1
3
7
2
0
1
0
0
1
0
1
0
0
1
0
0
0
0
4
0
7
0
0
0
9
0
0
0
0
1
0
0
1
2
0
0
1
0
1
0
0
1
1
0
2
0
0
1
1
4
2
2
1
0
0
4
0
0
0
16
1
0
3
0
1
0
0
1
1
1
2
0
2
0
1
2
0
0
0
0
0
0
20
1
0
0
159
2
0
1
0
23
0
0
0
1
0
1
1
0
2
1
0
4
0
0
1
0
0
1
2
0
0
0
0
0
1
1
3
0
0
0
0
0
0
0
0
8
1
0
0
0
0
0
0
0
1
0
8
0
0
0
1
1
0
0
2
0
1
0
0
0
0
2
1
0
0
1
0
0
9
1
1
0
0
0
0
3
0
0
14
0
11
0
0
0
0
0
5
1
0
0
0
0
0
0
1
0
4
3
0
2
5
0
0
0
0
2
2
15
0
2
0
2
0
0
1
0
1
3
0
0
0
1
1
0
2
0
100
1
1
1
0
4
0
3
0
1
0
11
0
0
0
0
0
0
0
2
1
4
0
0
13
0
0
11
0
2
0
2
0
0
9
0
1
1
0
0
2
1
4
1
1
2
0
0
1
0
0
4
0
0
4
0
2
0
0
9
0
0
11
2
1
1
1
0
0
0
0
0
0
0
0
1
0
0
0
1
1
2
0
0
1
13
1
0
0
0
5
9
0
1
1
0
65
0
0
0
0
0
0
0
0
0
0
0
1
1
0
0
0
1
0
0
1
0
1
0
1
0
1
1
0
0
2
1
1
0
1
0
0
4
12
57
0
0
2
0
0
2
0
0
1
0
1
0
0
1
0
1
0
0
0
0
1
0
7
1
9
1
0
1
0
0
0
0
0
0
0
8
0
0
0
0
2
0
0
0
0
1
0
1
0
1
7
0
3
0
0
0
4
16
0
3
0
1
1
1
0
0
1
1
1
0
26
0
0
0
0
0
0
0
0
0
0
0
0
0
0
0
0
0
4
2
0
1
0
0
2
2
1
0
0
0
5
0
0
0
0
1
0
0
0
0
2
0
0
1
0
0
10
2
1
27
1
0
0
3
0
2
0
0
0
10
0
0
0
1
0
0
0
6
3
4
0
0
0
0
0
0
0
5
0
0
2
0
1
6
0
0
1
0
0
0
4
1
0
0
10
0
0
0
0
0
0
0
0
0
0
2
0
0
2
0
0
0
1
2
2
0
0
97
0
0
1
5
0
2
0
2
0
0
2
1
0
0
0
1
0
13
0
0
1
1
0
4
0
0
0
12
0
1
0
0
2
0
0
0
0
3
0
0
0
0
0
0
0
2
4
2
0
0
1
1
1
0
1
5
1
1
1
0
0
1
0
0
0
0
0
0
0
1
0
0
1
2
0
2
0
0
0
2
1
0
0
0
0
0
0
1
1
0
0
1
1
0
0
0
0
7
0
3
0
0
0
0
0
8
0
0
0
3
0
3
0
1
1
1
0
0
8
1
8
0
0
0
0
1
2
0
0
0
0
0
2
1
0
0
0
1
0
0
1
1
0
2
0
0
0
2
0
1
0
0
0
13
0
0
0
0
2
0
0
3
3
0
0
1
2
0
0
0
1
0
0
2
0
0
0
5
0
1
0
0
1
0
0
1
0
2
0
0
0
0
2
0
0
0
1
0
0
10
0
0
26
1
0
0
0
0
0
0
0
0
24
1
1
1
0
3
1
0
0
0
0
0
0
0
7
4
2
0
0
0
3
0
0
0
12
0
0
0
0
0
0
0
0
0
0
1
0
0
1
0
0
0
0
0
0
0
0
1
0
0
0
1
0
0
0
1
2
2
7
0
0
0
2
1
4
0
0
0
2
1
0
0
0
0
1
4
0
0
0
0
0
1
0
0
3
7
0
2
2
0
0
0
1
0
0
0
0
1
0
0
2
1
0
2
1
2
0
0
2
0
0
0
143
0
2
0
7
6
2
9
0
1
1
0
0
56
14
0
11
2
0
2
0
0
0
0
1
0
6
1
0
2
0
0
0
73
0
0
0
0
0
0
1
0
0
1
1
1
0
0
0
2
0
0
0
0
0
2
1
1
3
2
0
0
0
0
0
0
0
0
1
6
0
0
0
0
3
1
0
0
1
0
0
0
1
0
1
0
0
0
0
0
3
1
0
1
0
0
19
0
3
0
0
1
5
9
0
3
0
3
2
8
1
0
0
13
7
0
0
0
0
0
5
38
0
0
0
0
0
0
55
0
0
0
1
0
0
0
7
2
0
15
1
19
1
0
1
2
0
2
1
1
0
0
0
0
3
4
3
9
0
3
0
1
2
0
4
0
1
26
0
1
0
0
0
0
1
1
0
1
0
0
0
0
0
0
0
3
1
0
4
2
0
0
0
0
1
1
0
1
0
1
0
5
8
0
0
0
1
0
0
0
0
14
1
0
0
20
5
0
0
4
0
0
0
0
0
1
1
0
0
0
2
0
0
2
1
0
0
12
0
0
0
0
1
0
14
0
0
5
1
1
0
0
0
0
0
3
1
0
1
0
0
0
0
0
0
0
1
1
1
0
1
0
1
5
3
0
1
2
0
0
0
2
1
0
2
0
2
3
0
50
2
1
0
0
0
0
1
1
0
0
0
0
0
2
0
1
3
0
0
0
0
0
0
0
0
0
0
0
3
1
0
0
0
0
2
1
7
1
0
4
0
0
0
1
0
0
37
0
0
0
0
0
0
2
0
2
2
0
0
3
0
4
0
0
0
4
76
1
1
5
0
0
2
0
33
1
1
0
0
40
0
1
1
1
2
3
0
0
0
1
0
37
1
0
0
0
4
0
2
1
3
0
0
1
0
0
0
0
0
3
4
0
1
0
0
0
7
0
0
0
0
1
2
0
50
0
0
0
3
0
1
1
0
0
0
0
1
15
0
0
2
1
3
0
0
2
6
0
9
0
0
5
1
0
0
8
0
2
0
0
1
0
1
0
4
0
0
0
0
1
11
2
0
0
0
0
0
0
0
3
7
5
2
1
0
0
1
0
0
0
1
1
0
1
1
1
1
0
0
1
0
0
1
1
1
0
5
7
0
1
2
1
0
1
5
1
5
1
5
0
3
1
1
0
3
0
1
0
1
0
2
7
0
1
34
3
0
0
0
1
0
0
2
0
0
0
1
0
0
0
2
2
1
1
0
0
0
1
0
2
1
3
0
3
3
9
1
0
0
1
0
0
0
0
1
0
0
0
0
0
0
0
1
0
1
0
0
24
7
0
0
0
0
0
0
0
1
0
0
0
1
0
0
0
0
7
1
0
0
0
0
0
1
0
39
0
18
1
0
0
1
3
3
6
2
1
1
0
0
0
14
1
0
0
0
0
0
0
0
0
2
1
12
0
0
0
0
0
0
0
0
1
0
0
1
0
0
1
1
0
0
1
1
0
0
0
2
2
0
0
0
2
0
0
5
0
0
0
0
0
0
0
0
1
0
1
0
1
0
2
2
0
11
0
1
0
0
2
0
4
0
0
2
0
0
0
21
0
0
0
0
0
1
0
0
0
0
1
3
1
0
0
0
0
2
1
0
0
7
14
2
0
0
0
1
1
0
0
3
0
0
0
30
0
0
1
0
0
1
1
0
0
0
0
1
0
1
0
2
1
1
1
0
0
0
0
7
0
0
76
0
0
0
0
4
0
0
0
0
7
0
1
0
0
1
0
1
3
0
0
0
2
1
0
0
0
0
0
1
0
1
1
1
2
0
0
0
1
0
0
1
0
0
8
6
0
4
1
1
3
6
0
3
0
1
0
0
0
0
1
0
7
0
0
0
0
0
8
0
0
1
0
0
1
1
9
0
0
0
0
0
1
2
1
0
1
0
1
0
0
0
0
0
0
6
0
0
0
0
0
6
0
1
0
0
2
0
3
2
0
0
1
0
0
3
5
0
0
4
0
0
0
0
1
4
0
0
0
0
0
0
1
1
0
1
3
0
0
0
1
2
0
0
15
1
0
0
0
0
0
0
0
0
7
0
0
0
4
1
8
0
0
2
1
0
1
0
0
2
0
0
0
0
0
2
1
3
1
0
1
6
0
0
0
0
4
0
0
9
1
0
0
0
0
0
1
0
0
1
1
0
0
0
0
0
0
0
