1
0
0
0
0
0
0
0
0
0
0
0
1
1
0
0
0
0
0
0
0
0
0
0
0
1
0
0
0
0
5
1
0
0
0
0
48
0
0
0
0
0
1
0
0
0
1
5
1
2
2
3
0
0
1
0
0
2
0
1
0
3
1
0
0
2
0
9
2
0
0
0
0
0
0
1
1
8
0
2
0
0
0
0
0
18
0
4
0
1
0
0
0
0
1
0
3
0
4
0
0
2
0
0
0
2
0
0
0
0
0
1
0
0
0
0
0
0
2
1
0
0
26
1
4
0
1
0
0
1
1
0
0
1
0
0
4
0
0
1
0
0
2
1
0
1
1
0
0
0
3
2
0
4
0
2
0
0
0
1
0
0
0
0
6
7
0
4
0
0
0
3
1
0
0
3
2
1
1
0
0
0
0
2
0
1
0
0
0
0
1
0
0
15
0
0
0
1
2
1
0
3
0
0
2
0
4
0
0
0
3
1
0
0
0
5
1
2
3
1
0
2
0
0
0
1
0
0
1
1
0
3
1
3
0
0
0
23
2
1
0
2
2
1
1
1
302
0
0
0
0
1
0
2
0
1
0
1
0
1
2
0
3
0
0
0
0
1
1
1
0
2
3
11
0
2
20
0
4
2
0
0
1
0
1
0
0
0
2
1
2
0
2
0
0
0
1
1
0
0
16
0
1
1
0
0
7
0
1
0
0
0
1
0
1
0
0
0
1
0
1
14
0
0
0
0
35
0
0
0
2
0
0
0
40
0
0
0
0
1
3
0
0
4
1
0
0
0
3
11
106
1
0
2
3
0
2
0
0
0
0
0
0
0
0
0
1
0
1
0
1
2
1
1
0
0
3
7
0
0
0
0
2
18
0
0
1
1
0
0
0
0
3
0
1
0
0
1
1
0
0
6
6
0
20
0
1
2
0
6
0
3
1
0
0
0
0
0
0
35
3
1
0
0
1
0
1
1
0
9
0
0
0
2
0
0
56
1
0
0
1
0
0
0
0
0
0
0
0
0
0
6
0
0
1
15
1
0
0
2
0
0
2
0
0
0
1
0
0
1
0
0
4
0
0
1
0
0
0
2
3
0
0
3
8
3
3
0
0
1
0
0
0
1
0
0
0
0
0
1
0
0
0
3
0
0
0
1
1
2
0
0
0
0
0
0
7
1
0
0
1
3
0
0
0
1
10
0
1
6
34
2
0
24
0
1
0
1
0
2
1
1
0
0
0
4
1
1
1
2
0
0
5
0
0
0
0
0
0
0
0
0
1
0
0
1
0
0
0
0
0
1
0
1
0
0
0
0
0
0
0
0
1
0
0
12
9
0
1
3
0
1
1
0
11
1
1
0
0
4
1
0
0
0
0
0
1
0
1
2
0
0
0
2
0
0
1
0
1
1
5
0
0
0
1
8
2
0
0
1
0
0
0
0
4
0
0
1
0
3
0
0
1
0
0
0
0
3
0
0
0
0
1
0
0
2
0
1
0
0
0
1
0
0
0
0
0
12
2
0
0
0
6
0
1
0
23
0
0
1
0
19
0
0
0
1
2
0
9
8
0
4
0
0
0
2
0
0
0
1
0
1
2
8
0
0
0
0
0
3
0
0
0
0
0
0
1
2
0
1
2
0
0
1
0
2
0
8
1
1
3
0
0
0
1
0
1
0
0
0
0
0
0
1
2
0
0
4
2
0
0
1
0
1
0
0
41
0
0
1
0
0
0
0
1
9
1
0
0
1
0
1
1
0
0
0
0
1
1
0
0
1
0
1
0
3
0
0
1
0
0
0
1
0
0
0
0
1
1
2
1
0
0
0
0
0
0
0
0
0
16
1
0
0
0
6
1
0
1
0
0
1
1
0
0
0
1
0
1
2
7
0
0
0
0
2
4
1
0
1
1
0
0
1
1
0
0
0
1
0
0
0
1
1
0
1
4
0
0
0
0
0
0
0
0
1
0
2
0
1
1
0
7
0
0
2
0
1
0
0
0
0
0
1
0
4
0
1
3
0
0
0
0
3
1
6
0
0
0
0
0
0
0
0
2
1
0
0
0
0
2
1
1
0
0
0
2
1
1
1
0
3
1
0
1
0
0
2
0
1
0
0
0
3
0
4
30
0
0
1
0
1
1
0
0
0
0
2
0
0
0
0
1
2
1
0
0
0
0
3
1
1
2
1
1
0
48
0
0
0
3
0
0
1
4
1
0
0
1
0
7
0
0
0
0
0
0
0
0
1
0
1
35
0
0
0
1
2
0
1
0
1
1
0
0
0
6
2
16
3
0
2
5
12
0
0
0
0
1
0
1
1
28
1
0
0
0
1
1
1
1
0
0
3
0
0
0
2
0
0
0
1
0
0
0
0
0
1
0
0
0
1
0
0
0
1
0
0
0
0
0
16
0
2
0
0
0
0
0
0
10
0
0
0
0
0
1
0
0
0
1
0
0
0
2
10
0
0
0
0
0
0
0
1
0
11
1
0
4
2
2
0
2
0
0
0
74
0
0
0
0
0
0
0
0
1
0
0
0
29
0
1
2
0
0
9
0
0
17
1
1
0
3
1
0
0
8
0
1
0
0
0
4
1
0
0
0
1
0
0
0
0
1
0
1
1
0
0
0
0
2
1
4
0
27
0
0
1
1
0
0
0
0
0
0
0
1
0
0
0
1
0
0
0
1
0
0
1
0
9
26
0
1
0
0
0
0
0
0
0
5
0
2
0
0
0
0
0
0
0
0
12
0
0
1
0
0
1
1
0
1
2
0
0
1
0
1
0
1
0
0
1
1
0
2
0
4
1
1
1
1
0
0
0
0
0
7
8
1
0
1
1
2
1
0
0
0
2
1
0
1
2
0
2
2
0
0
0
1
10
0
0
0
0
0
0
0
0
1
0
5
0
0
0
0
0
2
0
0
1
0
4
0
0
0
1
0
1
0
1
6
0
3
0
0
1
46
0
0
0
11
0
1
0
8
1
0
1
0
0
0
0
0
3
0
0
2
1
0
0
0
1
0
0
0
0
2
0
0
1
0
1
28
1
1
0
0
2
0
1
0
0
1
0
2
0
1
1
3
0
1
0
0
1
3
0
0
2
3
0
0
0
0
0
196
0
0
0
0
1
0
0
0
0
0
1
0
1
0
2
0
9
1
1
0
1
0
0
0
0
0
3
0
1
0
0
6
1
0
0
16
0
11
0
2
0
0
1
0
0
0
0
1
1
0
0
1
3
0
0
0
0
0
0
1
0
0
0
0
2
0
6
0
1
0
0
1
8
0
3
0
0
26
0
0
0
0
3
0
3
0
0
0
2
0
0
0
1
0
0
1
0
0
4
0
0
2
1
0
0
1
0
2
0
1
0
0
0
0
1
0
1
0
0
2
0
0
0
0
1
1
0
3
0
1
0
0
1
0
0
2
3
0
0
0
0
0
0
2
1
0
1
1
0
0
1
1
0
0
1
0
0
4
0
0
1
0
12
0
0
0
1
0
0
0
0
1
0
0
1
0
0
3
1
2
0
0
0
0
3
0
0
0
0
1
0
0
0
0
2
0
3
0
0
0
10
1
0
13
2
0
0
33
0
0
1
0
0
1
0
0
1
0
0
6
1
0
0
7
3
0
1
1
0
0
1
0
0
0
0
0
5
1
0
0
1
0
0
0
1
9
17
1
0
0
0
1
0
0
0
0
1
13
5
2
0
0
0
0
2
0
2
0
4
1
0
2
2
0
2
0
1
1
1
0
0
1
0
0
2
1
0
0
0
0
0
0
11
0
0
0
0
3
1
1
0
0
1
19
0
0
0
3
0
0
0
0
0
1
1
1
2
0
4
0
2
0
1
1
0
0
1
1
0
0
5
0
0
1
0
0
1
0
1
0
0
0
0
0
4
0
0
0
0
0
0
0
0
1
2
4
2
0
4
0
0
0
3
0
0
9
0
3
1
0
7
0
15
0
0
1
0
0
0
0
1
0
0
0
1
0
0
1
0
1
0
0
0
0
0
2
8
0
1
2
0
1
0
1
6
0
0
1
2
1
0
2
1
0
2
0
0
0
1
1
0
3
2
1
0
0
3
0
0
0
1
0
0
0
1
3
1
2
1
2
0
0
1
0
0
1
0
0
5
1
0
0
1
2
0
0
0
0
1
0
0
0
0
0
0
0
0
0
2
1
1
0
0
2
0
0
1
42
0
1
4
1
0
3
1
2
1
0
0
8
1
0
0
1
0
0
1
0
0
3
0
1
0
3
8
2
13
0
1
0
0
0
3
0
2
0
2
0
0
0
0
0
21
0
0
1
14
1
0
0
0
0
0
2
0
0
0
0
0
1
0
4
0
0
0
0
0
0
0
0
0
0
0
0
56
3
1
0
0
0
0
0
7
0
0
0
0
0
0
0
0
0
0
0
0
0
2
0
1
0
4
0
2
0
8
1
0
0
0
0
0
10
0
0
0
4
0
0
0
2
1
0
0
1
0
0
3
1
0
1
1
0
1
2
1
0
1
1
0
0
16
2
1
0
0
