0
0
2
3
0
1
0
1
0
0
0
0
0
1
0
0
0
0
0
19
0
2
1
0
0
0
0
0
0
1
0
1
0
1
0
2
0
0
1
0
1
0
1
0
5
0
0
0
1
1
0
0
0
0
0
0
0
76
0
1
2
1
0
2
1
12
0
0
1
0
0
0
0
0
0
0
0
2
3
2
0
12
0
1
9
1
0
0
2
2
0
0
0
0
0
0
0
0
0
0
0
0
0
0
2
1
0
0
0
0
0
0
0
0
0
0
0
0
0
2
0
2
0
6
7
1
0
1
0
1
2
5
0
1
2
2
0
0
1
0
0
0
5
0
3
0
0
0
0
1
0
6
1
0
1
2
16
0
0
0
0
1
0
0
0
2
0
0
0
0
0
0
2
0
0
0
0
0
0
3
0
0
0
0
0
0
1
0
0
0
0
0
1
1
0
0
0
2
1
0
2
68
0
0
0
1
1
0
1
2
1
0
0
0
1
1
0
1
1
1
0
0
0
1
0
1
0
0
2
0
0
0
0
1
1
0
106
1
0
1
0
0
4
2
0
0
0
0
0
0
2
1
2
0
3
0
0
1
0
0
0
0
8
0
7
13
0
0
0
0
0
0
4
0
0
1
0
1
0
0
0
2
0
0
0
0
0
0
1
0
4
3
0
1
0
0
2
0
0
1
1
2
2
0
40
0
7
0
0
0
0
0
0
0
1
2
0
0
0
3
2
1
1
0
0
1
1
6
3
0
0
2
0
0
4
1
3
0
1
0
13
1
0
1
0
1
0
0
0
0
0
0
0
0
2
0
5
1
2
2
0
0
4
1
0
0
0
1
0
0
0
0
0
1
0
0
0
0
0
1
1
14
1
0
0
0
0
1
0
0
1
0
0
0
7
0
9
0
0
4
0
1
5
1
6
1
0
0
0
1
1
0
0
0
0
1
0
0
20
1
0
1
0
0
0
1
0
0
0
0
3
0
0
0
2
0
0
3
0
1
2
0
3
0
0
1
2
0
2
3
1
1
0
0
2
0
1
0
0
0
0
0
1
0
9
14
0
0
14
1
0
0
0
0
0
0
12
0
1
1
1
8
1
0
2
0
0
0
0
0
0
0
0
0
0
3
2
0
0
0
0
5
0
0
0
0
0
0
0
1
0
1
3
5
0
0
1
0
0
1
0
0
1
0
0
0
0
1
0
0
1
0
0
1
2
7
0
3
0
1
0
1
0
0
1
1
0
0
0
0
0
0
2
0
0
0
1
0
2
0
0
5
0
0
0
0
1
0
9
0
0
3
0
0
0
0
0
0
0
1
0
5
13
0
0
0
0
2
2
0
16
1
2
3
0
0
0
0
0
0
0
1
0
0
0
0
27
1
2
0
1
18
4
2
2
1
0
0
0
3
1
0
10
4
2
0
0
0
10
0
0
1
0
1
0
0
0
208
0
1
0
0
0
1
15
0
3
0
0
4
0
0
0
1
0
0
0
3
0
0
0
0
0
0
1
0
3
0
0
0
0
0
0
1
0
4
0
0
0
0
0
2
1
0
1
0
1
1
0
0
0
0
1
0
0
0
0
0
0
0
0
0
0
0
0
0
4
0
0
0
2
0
4
4
7
0
2
1
2
1
0
0
2
0
0
1
0
0
0
1
0
0
1
0
0
1
0
1
1
15
0
1
0
0
0
1
0
2
1
25
1
0
2
4
0
34
0
3
2
0
1
6
0
0
1
0
1
0
0
0
5
0
0
0
1
1
0
3
0
0
0
1
2
1
0
0
0
0
0
0
32
0
20
0
3
0
0
0
1
1
2
0
0
5
0
18
2
1
1
1
32
0
0
0
10
1
0
2
0
0
6
2
0
0
0
0
0
0
0
1
0
1
2
0
0
2
1
3
0
0
1
0
0
0
0
1
1
1
37
0
0
1
0
17
0
1
2
0
0
0
0
0
0
0
0
15
1
0
1
1
0
1
6
14
1
129
0
2
1
0
1
1
1
0
4
0
0
1
0
2
0
1
25
0
7
0
0
2
0
4
2
0
7
0
10
1
1
0
0
0
72
2
0
0
1
0
0
1
10
97
0
1
0
0
0
0
0
0
0
0
0
0
0
0
1
0
0
0
0
1
0
0
0
3
0
0
0
0
0
1
0
1
1
0
1
1
0
1
2
0
1
3
0
12
1
0
0
0
1
1
1
0
0
0
0
0
0
0
1
0
0
0
2
1
0
1
1
0
0
2
0
0
1
1
0
1
0
0
0
0
0
0
0
0
0
1
1
1
0
5
0
3
10
1
0
0
1
1
7
2
0
0
0
0
0
0
4
1
0
0
1
0
0
0
0
0
1
0
0
0
0
1
1
0
0
0
0
0
0
5
2
5
0
0
0
0
0
0
1
6
1
0
0
1
1
1
0
1
2
0
0
1
0
0
0
0
0
0
1
0
0
0
0
0
0
2
0
0
2
0
0
1
0
0
0
0
0
5
0
0
0
0
0
2
1
1
0
0
3
0
0
1
0
1
0
1
2
13
0
6
0
0
0
0
2
0
1
1
0
4
2
0
0
0
0
0
0
0
0
2
0
1
1
0
1
0
0
0
10
2
0
0
1
0
1
0
0
1
1
0
0
0
0
1
1
0
0
0
8
1
1
0
0
0
0
1
0
3
0
0
0
0
1
3
0
0
4
0
2
0
0
0
0
4
1
1
2
2
1
0
2
0
4
1
1
0
0
0
0
0
0
0
0
0
1
0
2
0
23
3
1
5
0
1
0
0
0
0
1
0
0
0
0
1
1
0
1
1
1
0
1
0
1
0
1
0
0
0
0
2
0
0
1
4
0
0
0
0
10
0
0
1
0
0
39
1
0
14
0
1
0
1
2
1
1
0
0
1
0
0
0
0
0
0
0
1
0
1
0
0
113
20
4
1
0
0
0
0
0
0
1
0
3
1
0
0
2
0
3
0
0
1
1
0
0
0
3
10
1
0
0
1
0
1
0
0
1
2
1
0
1
0
0
0
4
0
3
1
5
1
2
0
1
2
0
0
7
1
0
0
4
2
0
1
0
0
2
0
0
0
10
1
0
1
2
0
0
0
0
0
1
0
0
0
0
0
0
0
0
2
0
0
1
0
8
0
1
0
1
0
2
3
10
0
0
1
0
0
0
2
0
0
15
0
0
0
7
2
1
0
0
0
5
0
0
0
0
0
0
0
1
0
1
9
0
0
0
0
1
0
1
0
0
0
1
0
0
0
1
0
0
0
1
0
0
0
1
3
0
0
3
0
0
2
4
0
9
0
1
0
0
0
0
0
0
1
0
1
1
0
0
2
62
3
1
0
0
12
4
1
3
0
0
0
3
0
0
1
0
12
0
3
0
1
0
0
3
0
2
2
0
5
2
6
1
0
3
0
0
12
0
5
19
0
1
0
1
10
1
0
2
0
0
0
2
1
0
1
0
18
0
0
1
0
1
0
1
1
0
14
0
0
0
2
3
0
0
1
0
0
2
0
5
5
0
0
0
3
0
0
6
0
0
0
3
0
2
0
0
0
0
0
0
4
1
0
1
1
0
1
0
1
0
0
0
0
0
0
0
1
0
0
0
0
0
1
0
5
1
1
0
0
0
1
0
0
0
0
0
1
1
0
0
3
0
0
1
0
0
11
0
1
1
0
0
0
1
1
0
0
3
0
0
0
2
1
0
9
3
0
1
0
0
10
0
3
0
1
0
0
0
0
0
0
3
0
0
0
2
5
2
5
1
3
1
0
6
0
1
0
0
2
0
4
0
2
3
0
0
0
1
0
0
0
0
0
7
0
0
1
0
1
0
1
0
0
0
0
1
0
1
18
0
3
4
1
0
1
0
0
0
0
1
0
0
0
1
0
2
0
2
0
0
1
0
3
0
0
0
0
0
0
0
1
0
0
0
3
0
0
0
1
4
15
0
1
0
0
3
0
3
3
0
1
1
1
0
0
0
0
0
6
1
0
0
0
1
2
1
0
37
0
0
1
0
4
0
8
1
1
0
0
0
5
0
0
1
7
0
0
1
2
0
2
0
0
1
6
0
0
0
1
2
0
0
1
0
0
0
2
0
0
2
0
1
14
0
0
1
1
0
1
0
0
0
1
0
608
0
0
2
2
2
0
0
0
2
22
0
0
1
1
0
0
0
0
1
0
1
20
0
0
3
0
0
0
0
1
0
1
0
0
1
1
0
0
1
0
0
0
0
0
0
0
0
0
0
0
5
1
0
0
0
0
0
1
3
1
0
0
7
0
1
3
3
12
0
1
1
0
0
1
0
0
0
0
0
10
0
0
0
0
0
6
1
0
0
0
3
0
1
0
6
0
1
0
0
19
2
1
1
1
0
13
0
4
0
2
0
0
1
0
2
3
0
0
1
0
1
0
5
3
0
3
0
0
0
0
1
0
0
0
6
1
1
0
0
0
4
1
84
2
0
0
1
1
4
0
1
0
0
2
0
0
0
0
3
2
2
1
3
0
0
0
0
0
1
0
31
0
