0
0
0
0
0
0
0
29
25
0
1
0
0
1
0
3
0
0
0
0
0
1
1
3
0
0
1
0
0
1
0
0
1
1
0
0
0
0
0
0
2
0
3
0
2
0
0
4
3
0
8
2
0
1
0
0
0
1
1
0
0
0
3
1
0
3
1
5
0
0
1
0
2
1
0
0
0
1
0
0
1
1
0
1
0
0
0
0
3
0
0
0
0
3
0
1
0
0
0
1
1
1
0
0
1
1
1
1
0
1
0
1
0
1
0
0
0
1
1
0
1
5
0
0
0
0
0
0
0
1
2
5
0
1
0
0
26
0
5
2
0
2
0
0
0
0
0
0
1
0
0
1
2
0
0
0
0
1
0
0
0
1
5
1
2
2
0
0
0
0
0
0
1
1
2
0
2
0
0
7
2
0
0
0
0
1
0
6
15
2
1
2
1
2
1
2
0
0
2
0
0
0
0
0
1
0
0
1
0
0
0
0
1
7
2
2
0
0
0
1
20
0
0
0
0
0
0
1
0
0
1
0
2
0
0
3
0
1
1
0
2
1
5
0
0
1
0
6
0
1
0
3
0
0
0
1
0
1
0
4
0
0
0
1
2
0
0
0
0
0
16
0
0
2
36
0
2
30
1
1
0
2
0
0
0
2
1
0
0
0
1
1
1
0
0
0
0
1
1
2
5
1
0
1
1
0
17
0
0
2
0
17
3
0
2
3
0
1
0
0
0
0
1
14
0
0
1
2
0
0
1
0
0
0
4
0
0
16
0
0
1
0
1
0
1
1
1
0
1
0
0
0
0
0
0
2
0
0
0
0
4
0
1
2
0
0
0
0
0
0
1
0
1
1
0
3
2
3
2
0
0
0
1
1
1
0
5
0
1
0
0
0
1
0
1
0
1
0
2
1
0
0
0
1
0
0
3
2
0
0
1
1
2
1
0
0
1
3
0
1
15
2
0
18
0
0
0
0
0
0
0
0
0
0
0
6
9
0
2
0
3
0
1
1
0
1
2
2
0
1
0
0
0
0
2
2
0
0
22
1
0
0
0
0
0
0
1
1
0
0
0
0
0
0
0
3
0
0
24
0
0
7
0
1
1
0
5
0
0
0
0
0
1
0
0
0
8
0
0
0
2
1
1
0
1
0
1
0
137
1
0
1
0
0
0
6
0
0
1
1
0
0
1
0
0
0
0
0
0
0
0
0
4
1
0
0
2
0
0
3
0
0
0
0
1
1
0
0
19
0
0
0
1
8
0
1
0
0
0
2
2
0
0
0
0
0
0
2
0
1
23
0
4
3
0
3
1
1
0
0
25
1
0
0
1
1
4
0
0
0
0
6
0
0
2
1
0
0
0
2
12
0
0
0
0
1
1
1
0
1
0
0
1
3
0
3
0
1
0
0
0
0
4
0
2
0
0
0
0
0
0
25
0
1
0
0
0
1
3
0
1
3
2
0
0
0
0
1
1
0
0
0
1
2
0
0
0
0
3
4
1
0
0
0
0
0
0
0
1
1
0
1
0
0
0
0
0
2
1
1
0
0
1
0
0
0
0
0
1
1
0
1
0
0
0
3
0
0
0
1
1
0
0
1
0
17
9
0
1
14
0
0
0
1
0
9
6
0
0
1
1
0
0
0
0
0
0
0
0
2
1
1
0
2
0
0
0
0
0
0
0
0
0
0
1
0
0
1
0
1
29
2
1
1
0
0
1
0
0
0
2
0
0
2
0
0
23
0
0
0
1
0
0
0
0
1
0
0
2
0
0
2
0
1
1
0
0
0
0
3
1
1
1
0
1
1
0
0
0
1
1
1
1
1
2
0
0
5
0
1
0
0
1
8
5
8
0
3
0
0
1
0
0
0
1
0
0
0
0
0
0
0
0
0
0
0
0
0
0
0
1
1
2
0
0
0
4
5
0
2
0
1
1
0
1
1
0
0
0
0
0
6
0
0
3
0
0
0
0
1
0
0
15
1
0
1
0
1
1
0
0
0
0
3
0
1
1
0
0
0
0
0
1
1
0
1
0
1
2
0
0
1
0
2
0
0
0
3
0
0
5
0
0
1
0
3
8
0
0
4
2
0
0
1
7
0
0
3
0
3
17
0
2
0
13
1
2
0
2
0
0
0
0
0
0
0
1
0
2
0
0
0
0
1
0
0
0
6
0
0
1
0
2
0
0
0
2
0
0
1
0
1
0
0
0
1
0
0
0
0
1
5
0
0
0
1
0
1
0
0
1
0
11
73
0
0
3
0
2
0
2
0
1
0
1
0
10
5
0
1
2
0
0
0
0
1
0
0
0
1
0
0
0
0
2
0
11
0
2
1
7
0
0
0
0
594
3
4
0
0
0
0
0
0
0
0
2
0
0
1
0
0
3
0
2
0
1
1
0
0
2
0
0
0
0
1
0
0
0
1
0
0
1
0
0
1
0
0
0
0
0
0
0
0
1
0
1
16
0
0
0
0
0
0
0
0
39
3
0
6
0
0
0
0
0
0
0
1
1
0
0
0
0
0
0
1
3
0
9
2
0
0
0
0
0
0
0
0
0
1
0
1
1
1
0
1
0
1
0
0
0
0
0
2
0
0
0
0
2
3
1
23
1
1
1
0
5
0
0
0
139
3
4
1
0
0
0
1
0
0
1
0
1
0
5
0
0
0
1
2
5
6
0
0
4
0
0
0
0
0
2
0
0
0
0
0
1
0
0
0
1
2
0
0
0
0
1
1
0
0
1
0
3
0
0
0
0
2
0
1
0
0
1
0
0
2
0
0
0
0
1
0
1
1
1
0
0
2
0
1
0
7
0
2
0
0
0
1
0
11
0
1
0
0
1
0
0
1
0
6
1
44
0
0
1
0
4
0
0
2
0
0
0
1
3
0
0
1
1
0
1
0
1
1
1
0
0
0
1
1
1
2
0
1
0
5
1
0
20
0
0
1
1
1
0
8
0
0
2
1
0
0
0
0
1
0
0
0
0
1
0
1
1
2
0
0
0
1
0
5
3
0
0
0
0
0
0
1
0
6
0
0
0
0
0
0
3
6
1
0
0
1
0
1
0
1
0
0
5
0
3
49
0
1
1
2
0
5
0
6
0
1
1
1
34
0
0
0
2
0
1
2
3
0
0
1
3
0
2
2
0
0
0
0
0
0
0
0
2
0
2
0
1
0
0
5
1
0
0
2
14
0
1
1
2
0
0
0
0
12
11
0
0
0
1
0
1
5
0
2
4
0
0
1
0
43
0
0
2
1
3
1
0
0
0
0
0
0
0
1
0
0
2
0
0
0
0
0
3
5
0
0
0
1
0
7
0
0
0
1
21
0
5
0
0
0
0
0
0
8
0
1
2
0
1
0
0
1
1
2
0
0
0
0
0
0
0
1
2
4
0
2
0
0
0
0
0
0
1
0
0
0
1
0
0
0
5
0
0
0
0
1
1
0
0
6
1
0
0
0
0
9
1
0
0
2
0
0
0
1
0
23
0
3
1
0
0
0
0
0
0
3
0
5
0
0
1
0
0
5
0
5
0
0
1
1
0
2
0
0
0
0
0
0
0
4
1
0
8
2
0
1
0
0
1
1
0
0
0
0
0
0
0
0
2
22
0
0
0
0
1
0
0
0
0
0
0
0
0
0
0
1
0
0
1
2
2
0
0
1
0
0
0
0
0
0
1
2
0
0
1
1
0
1
1
1
0
0
1
4
5
1
0
14
0
2
1
0
0
0
0
0
0
0
0
0
4
1
0
0
2
3
0
1
0
0
0
0
1
0
0
9
0
1
2
1
4
2
0
0
1
0
2
1
0
0
0
0
2
0
0
1
3
0
0
0
1
0
3
2
0
0
1
5
4
4
0
4
4
0
1
1
5
0
0
0
6
1
0
0
0
0
2
6
0
1
0
1
0
0
48
0
0
0
0
1
0
10
0
0
1
1
1
1
0
0
1
2
0
5
1
0
2
1
0
2
0
1
0
0
0
1
1
0
0
0
2
0
0
2
0
0
0
0
0
0
0
0
0
0
2
0
0
0
1
0
1
5
1
0
0
4
0
0
0
1
0
3
0
1
1
1
0
0
0
0
11
5
3
0
1
0
0
0
0
0
0
0
106
12
0
0
1
0
0
0
0
0
1
1
13
0
2
2
0
0
0
2
1
0
0
1
0
0
0
0
2
0
1
1
0
0
2
0
1
1
0
5
1
0
0
1
0
0
0
0
0
2
0
3
0
2
0
0
4
1
0
0
0
4
0
0
2
1
22
5
0
2
1
0
0
0
3
0
0
0
1
0
1
0
2
0
0
0
1
0
19
0
1
0
1
0
0
0
1
0
0
0
0
1
2
0
0
0
1
0
2
0
5
5
1
0
0
1
1
0
0
0
1
1
1
0
0
0
0
13
0
10
0
0
0
0
1
1
0
3
5
0
0
3
5
0
0
1
0
0
1
1
9
1
1
0
0
0
2
0
2
0
1
0
3
0
0
0
2
0
0
0
0
0
0
0
45
1
1
1
0
0
6
1
