0
0
0
0
0
0
0
0
2
1
0
2
0
0
2
2
0
0
0
0
0
0
0
0
0
2
0
0
0
7
0
2
0
0
1
2
3
0
1
1
0
9
1
0
0
0
10
4
0
1
0
4
0
1
0
0
0
0
0
0
0
55
0
2
1
0
4
1
1
3
0
0
0
0
1
0
10
0
0
1
1
0
1
0
1
1
0
1
0
0
0
0
1
1
0
0
2
0
2
3
3
9
1
0
0
0
0
1
0
0
2
3
9
0
0
1
0
0
40
0
5
0
0
6
0
1
1
0
1
0
0
0
0
0
1
0
2
0
0
9
10
8
1
2
0
0
9
0
0
8
2
0
0
1
0
0
0
0
0
0
0
0
3
0
1
0
8
0
0
0
0
0
0
0
0
1
0
0
32
1
1
2
11
1
0
4
1
1
1
0
3
1
1
1
0
1
0
0
0
0
0
0
3
0
1
1
0
0
0
0
4
0
0
1
2
1
0
0
2
2
2
0
0
0
0
113
1
2
0
2
0
1
0
12
0
3
0
0
1
0
0
2
1
1
1
0
0
0
0
0
2
0
7
3
5
0
5
0
0
1
2
0
2
0
1
2
0
3
0
1
6
4
2
2
0
1
0
7
1
0
0
2
0
1
1
19
0
0
0
0
3
2
0
3
9
0
0
1
0
0
0
1
0
2
0
0
1
0
0
0
0
0
0
0
0
0
0
0
0
1
0
1
2
0
0
0
3
1
0
0
2
0
0
0
1
1
0
1
1
1
1
0
1
203
7
0
0
0
1
7
0
0
1
0
0
0
21
1
0
2
0
1
5
1
0
3
6
1
0
9
2
0
0
2
1
15
0
1
1
1
2
1
1
0
1
0
0
0
0
1
0
0
0
0
0
0
12
0
0
6
2
0
0
1
3
0
0
2
2
3
0
0
4
0
1
1
0
3
0
0
0
0
0
2
0
74
2
0
1
0
0
0
0
1
0
1
0
0
1
0
1
1
0
0
1
0
1
0
1
0
2
1
0
0
0
0
1
2
0
1
1
1
0
0
0
0
2
0
0
1
1
0
0
0
0
6
0
0
10
0
0
0
1
28
0
0
2
8
1
2
1
14
0
0
4
1
20
0
1
5
2
2
0
0
5
0
0
2
0
6
2
3
0
0
1
2
0
5
2
0
1
0
2
0
0
7
1
0
0
2
2
2
0
1
0
0
0
2
0
1
0
0
1
0
0
3
3
0
0
0
0
0
3
0
2
11
0
1
0
0
0
12
0
2
0
1
0
0
0
1
0
5
0
1
0
1
3
0
0
0
0
1
0
0
1
0
1
0
0
0
0
0
0
0
0
0
1
0
0
0
1
0
2
0
0
0
8
0
8
0
0
0
0
0
0
1
1
0
0
0
0
1
0
0
0
1
1
11
1
2
1
0
0
1
6
0
1
2
0
0
0
0
0
0
1
1
0
0
0
17
2
0
2
0
1
1
2
3
0
0
0
0
0
1
0
4
0
0
0
0
0
1
2
0
0
0
1
0
0
0
0
0
58
0
0
0
0
0
9
1
0
0
0
0
1
1
0
2
0
0
0
1
0
1
0
0
1
0
0
1
0
1
11
0
1
0
0
54
0
0
0
1
1
0
1
0
0
0
0
0
1
0
6
1
5
0
20
0
0
1
0
0
0
0
0
0
1
0
0
0
0
1
0
1
0
1
0
0
2
0
0
2
8
3
4
1
0
0
0
6
0
9
0
0
0
0
0
0
0
2
0
0
0
0
2
7
2
2
0
0
5
0
0
0
6
1
1
0
2
6
0
0
9
2
0
0
0
1
1
1
0
0
0
2
3
4
25
0
2
0
0
1
0
0
5
11
0
27
0
0
0
0
0
1
15
0
0
0
0
0
0
2
2
0
0
0
0
0
4
0
0
0
2
1
0
0
0
0
0
0
0
0
0
7
0
1
0
1
0
2
0
1
0
3
1
0
0
0
0
0
1
0
0
0
0
0
1
0
0
0
0
0
0
0
0
3
1
0
0
4
0
1
0
0
3
1
0
1
0
2
1
0
0
0
1
5
3
0
2
1
0
1
4
1
2
0
1
0
1
0
0
4
0
2
1
2
0
1
72
0
0
0
3
0
0
1
2
1
1
0
0
0
0
1
0
0
0
0
0
15
1
0
0
37
0
0
3
1
1
0
0
0
0
0
0
0
3
1
0
0
0
0
0
0
1
1
0
0
1
1
0
0
1
1
0
21
0
1
0
0
0
0
28
13
1
0
0
2
0
0
0
1
8
0
0
0
0
0
0
0
0
0
0
0
2
0
0
0
3
0
0
0
1
0
0
0
11
0
0
0
0
1
0
2
1
9
1
1
0
11
5
1
2
0
1
1
0
1
0
0
0
0
0
1
0
0
1
0
0
0
1
1
0
2
3
0
1
4
0
1
2
0
5
2
1
1
21
1
0
5
0
0
0
0
0
0
0
0
0
64
0
1
1
1
0
1
1
5
0
0
0
0
0
0
0
0
0
0
4
0
2
0
0
0
0
0
1
0
0
0
0
0
0
0
0
0
0
0
0
1
0
12
2
0
0
0
0
12
3
0
0
0
0
1
0
0
0
9
0
0
2
1
2
1
2
1
3
0
2
0
0
0
2
1
0
1
0
0
0
19
2
2
0
0
2
0
0
0
1
0
0
0
1
1
0
0
0
1
0
0
0
1
0
0
0
0
11
3
1
1
0
0
0
0
0
0
3
0
0
1
0
0
0
1
0
0
1
0
0
0
0
0
0
3
0
0
1
0
0
28
0
10
1
2
0
0
0
1
5
0
0
4
13
0
0
0
1
0
1
0
3
0
4
1
1
0
0
0
0
0
1
5
0
0
0
0
0
0
4
0
11
1
1
0
0
1
0
0
0
0
2
0
1
0
8
0
0
1
0
0
0
1
0
0
1
0
0
1
0
0
0
0
5
1
0
0
0
0
0
0
2
0
0
1
4
1
0
1
0
0
0
0
0
0
0
0
0
0
0
1
0
0
0
0
28
0
0
3
0
0
0
0
0
0
0
0
0
0
0
0
43
1
1
3
1
6
1
7
0
0
4
0
0
0
0
0
1
1
1
0
0
0
0
2
0
0
7
0
0
0
9
0
1
1
1
0
6
1
1
0
0
0
0
0
0
1
0
0
0
0
5
0
1
2
3
15
0
1
114
1
0
19
0
0
0
0
1
0
2
2
0
0
0
0
0
1
1
5
0
1
0
0
0
0
0
612
2
0
2
0
2
1
2
0
1
1
3
0
3
0
0
0
0
12
0
0
0
0
0
0
0
0
0
0
4
0
1
0
0
0
1
28
0
0
0
0
0
1
0
0
0
2
0
0
1
0
0
0
9
1
0
0
0
1
2
0
1
0
0
2
0
0
0
0
2
0
0
0
0
0
0
0
1
0
0
0
0
1
1
3
0
0
2
0
0
0
0
1
1
1
0
0
0
0
0
2
1
0
0
0
0
0
0
2
3
0
1
3
1
1
0
0
1
7
0
3
0
1
0
0
0
0
0
0
0
0
3
0
1
0
1
1
2
0
0
0
1
0
1
0
1
0
0
0
3
2
0
2
0
23
0
113
3
9
0
0
13
0
0
0
0
0
4
4
0
2
1
1
3
0
0
0
0
2
1
1
0
0
0
1
0
3
1
0
2
0
0
0
0
0
4
0
0
0
4
1
0
9
0
12
0
0
0
5
0
0
0
0
0
0
0
0
0
0
22
0
0
3
0
0
0
3
2
1
0
0
3
0
0
1
0
0
0
0
1
0
0
0
0
0
1
2
0
2
2
0
0
1
1
0
0
0
0
1
1
0
0
0
0
0
0
0
0
0
0
0
3
0
2
1
1
1
1
0
1
0
0
2
0
1
0
0
0
0
0
3
0
7
2
3
0
1
0
1
0
1
1
1
6
0
0
0
0
0
0
2
0
0
3
1
0
0
0
2
1
2
0
1
1
0
0
1
0
3
0
2
0
0
0
2
2
3
0
1
0
0
1
0
3
0
0
0
2
9
1
0
1
0
1
9
0
1
1
0
0
0
1
0
5
0
0
0
0
0
0
8
0
1
13
0
0
0
0
0
0
1
1
0
0
0
11
0
0
0
3
0
0
0
0
0
1
1
1
0
0
0
0
1
1
0
0
2
0
3
0
0
0
0
0
1
2
0
0
0
1
2
0
0
1
0
0
0
4
0
0
0
22
0
2
0
2
2
0
0
2
0
0
7
1
0
3
0
0
5
1
5
6
0
1
0
0
1
2
0
2
0
0
0
0
0
0
0
0
0
5
0
0
0
0
1
0
0
1
0
0
0
11
7
0
1
2
0
4
2
0
2
0
0
1
1
0
0
0
0
0
3
0
9
1
1
1
1
0
1
4
0
2
0
0
5
18
1
0
0
0
0
1
0
0
0
1
1
0
1
1
1
21
0
0
0
14
1
0
42
9
0
0
0
0
2
1
0
0
0
0
1
0
1
0
0
