0
0
1
0
0
1
1
0
0
2
0
0
0
0
0
0
0
0
0
0
2
1
2
2
0
0
0
0
0
2
1
0
0
0
2
0
0
0
0
0
2
2
0
0
1
0
2
6
0
2
1
0
0
4
4
0
0
1
0
2
1
0
0
1
0
3
0
0
2
0
0
1
0
0
0
0
1
0
1
0
0
0
0
0
1
0
0
0
0
0
0
0
0
4
0
6
0
0
0
6
0
2
0
0
0
0
1
1
0
0
0
0
0
0
0
0
2
0
0
0
4
0
0
0
0
0
1
0
2
1
0
0
0
7
0
0
0
0
2
1
1
0
0
1
7
0
2
1
0
1
0
0
0
0
0
1
0
0
1
0
0
0
0
0
1
2
1
0
0
2
0
5
0
1
0
0
0
0
0
0
0
0
1
0
0
0
0
0
0
0
0
0
0
0
0
0
0
0
0
4
0
0
0
0
2
162
0
14
0
0
0
0
0
0
6
0
0
1
0
17
0
1
0
0
0
2
0
9
1
0
0
0
0
1
5
0
0
0
0
0
0
1
0
12
0
32
1
1
2
1
0
151
0
0
1
0
0
0
0
2
0
3
1
1
0
0
1
1
0
0
0
0
0
0
1
0
0
0
0
2
0
0
0
0
1
0
0
0
0
0
1
1
0
8
3
0
0
0
1
2
0
1
1
1
1
0
54
1
1
0
0
6
1
0
6
1
0
1
0
0
1
0
0
1
0
8
0
2
0
0
2
6
0
1
1
0
0
0
6
48
0
3
0
1
1
0
3
0
0
0
1
0
0
0
0
0
0
0
0
2
3
4
1
1
0
0
2
0
0
0
1
0
3
0
1
0
0
0
0
0
0
0
7
2
0
0
0
1
0
0
0
0
0
2
0
2
5
1
0
0
1
1
1
0
0
3
0
0
0
3
1
3
0
0
0
0
3
0
0
1
2
0
1
1
0
0
0
1
0
0
0
3
14
2
2
0
0
2
5
0
0
5
0
0
0
0
0
1
0
0
0
1
2
0
0
13
0
0
1
0
0
5
1
1
3
0
0
2
0
0
0
1
23
0
0
0
0
0
7
1
0
1
0
0
0
0
1
6
1
0
1
5
1
1
0
0
1
1
0
1
3
0
0
1
0
1
0
0
0
0
1
0
0
8
0
0
3
1
0
0
1
0
0
0
0
1
2
0
0
2
0
11
29
0
0
31
0
0
1
0
2
1
3
2
4
0
0
1
0
8
0
0
0
0
0
0
0
7
0
0
2
0
1
0
0
0
0
0
1
0
1
0
0
0
0
0
1
0
0
0
0
0
1
1
0
1
0
0
0
0
6
0
0
0
8
0
1
0
0
0
0
1
0
0
1
9
1
1
0
1
0
0
0
1
1
0
0
25
0
1
0
1
3
0
0
1
0
1
0
0
0
1
0
0
0
0
0
2
21
1
2
22
5
0
0
0
0
4
0
0
0
0
1
0
1
0
0
1
0
11
2
0
0
0
0
0
0
0
0
0
2
1
0
0
0
0
3
0
0
0
0
0
0
0
0
1
8
0
0
0
0
0
0
13
2
0
0
0
0
0
0
0
6
1
2
6
0
0
2
1
1
40
0
0
0
0
0
0
0
0
2
0
16
0
0
1
1
1
0
0
0
0
1
0
0
0
2
0
0
0
0
0
0
0
0
0
2
0
0
13
0
0
1
0
12
0
0
0
0
6
0
0
0
3
0
1
5
3
3
0
17
0
24
0
5
1
3
1
0
0
0
2
0
0
0
2
1
1
1
3
0
0
1
4
0
0
3
1
5
3
0
0
0
94
2
0
0
0
0
0
3
0
0
9
2
1
4
1
0
1
0
1
1
0
0
0
0
0
0
0
0
1
0
0
0
0
0
0
0
0
1
0
1
0
0
8
2
0
0
3
0
1
0
1
0
0
0
1
2
0
0
2
0
4
1
0
0
0
0
1
1
0
0
0
0
0
0
4
0
2
0
0
0
1
1
0
0
14
0
0
0
2
0
0
4
1
1
24
0
1
0
0
0
105
0
1
0
0
1
0
1
0
0
0
4
1
0
0
1
0
1
0
0
9
24
1
20
0
0
7
0
3
1
1
0
1
0
16
1
5
0
1
0
0
1
0
0
0
2
0
0
0
4
0
0
1
0
0
0
0
2
0
0
0
0
1
1
1
0
0
0
0
0
0
1
1
3
0
0
4
0
1
1
0
0
0
33
2
0
2
2
3
1
0
0
1
2
0
0
1
1
0
0
2
1
1
0
0
0
0
1
2
1
0
0
1
1
1
1
2
1
0
0
0
5
0
0
2
0
3
0
0
1
1
0
0
0
0
0
0
0
0
0
0
0
0
1
0
2
0
16
35
2
0
1
0
0
0
0
0
0
0
0
0
1
2
0
0
0
5
2
0
0
0
0
1
14
1
0
0
0
0
0
0
7
0
0
0
0
3
0
2
0
0
21
0
1
0
13
0
1
2
1
5
0
0
0
0
0
0
1
0
0
0
0
0
1
0
1
0
0
0
0
1
0
0
0
0
0
1
1
1
0
0
1
4
1
0
39
20
0
1
0
0
0
1
0
0
12
0
0
0
0
0
1
0
0
0
0
0
0
0
1
1
0
1
0
1
0
6
0
0
0
0
0
0
0
4
0
0
0
0
6
1
1
0
0
0
29
0
1
0
3
0
0
1
1
1
0
1
0
0
0
0
1
0
1
1
0
2
0
0
0
0
0
0
0
1
0
0
0
0
2
1
3
0
0
0
1
0
1
0
4
0
0
4
0
0
0
1
1
1
1
2
0
0
0
1
0
1
1
5
0
1
0
4
1
1
0
0
0
0
0
0
0
6
15
0
0
0
1
2
1
0
13
1
0
1
0
0
2
0
0
0
9
0
0
0
0
0
1
0
0
0
0
0
0
0
13
7
2
0
0
1
5
0
10
0
0
1
0
0
0
2
0
0
2
0
0
1
1
8
0
1
0
0
1
0
8
1
0
0
0
2
0
0
0
0
0
0
0
1
0
0
1
1
0
0
1
1
0
5
0
0
0
1
0
0
0
0
0
1
0
0
30
0
0
0
1
0
0
0
0
0
1
0
1
0
0
2
3
0
0
1
10
0
0
0
0
0
0
0
0
11
0
0
0
0
1
0
0
0
0
1
0
0
1
0
1
0
0
0
0
0
3
0
6
20
0
1
0
0
0
46
0
0
0
1
0
2
5
22
0
0
0
0
0
0
0
0
0
0
0
0
0
1
3
1
0
0
59
0
0
18
0
0
4
0
0
3
40
0
0
0
0
0
1
0
0
0
0
1
1
0
5
1
10
0
1
0
0
1
0
0
0
0
0
0
0
1
3
0
0
0
0
1
0
1
1
1
0
12
0
1
0
1
0
0
4
3
7
44
1
0
8
0
0
1
0
2
0
1
0
0
0
1
2
0
0
1
0
0
0
0
1
0
3
0
0
0
0
0
0
0
0
0
0
1
4
0
0
0
0
0
0
0
0
0
1
0
0
1
1
0
0
0
2
7
0
0
1
0
0
0
0
0
0
0
0
2
0
14
1
0
0
0
0
0
0
10
1
0
0
0
0
2
0
0
5
0
0
1
5
1
0
4
13
0
3
0
0
0
2
3
4
0
0
1
0
7
0
0
0
0
0
3
1
3
1
1
1
0
1
0
0
0
4
0
0
0
0
0
2
1
0
8
1
0
0
0
0
0
0
1
0
3
0
0
0
1
0
2
3
0
0
2
0
0
0
0
0
3
0
1
0
0
1
0
1
0
0
0
0
0
1
0
0
1
0
0
0
0
1
0
0
1
0
0
1
6
0
0
0
0
0
0
0
1
0
1
0
0
0
0
0
0
1
0
1
0
3
1
0
0
0
0
0
0
0
0
0
2
0
1
1
0
1
0
0
2
0
0
0
0
0
0
0
1
0
0
0
1
0
3
0
0
0
0
2
5
6
7
0
1
2
0
0
1
1
0
6
18
3
1
2
2
1
0
0
0
1
0
1
6
0
1
0
0
0
3
1
5
1
0
0
0
0
0
1
2
0
0
0
0
0
3
2
0
1
3
13
0
0
1
0
0
7
1
0
0
6
0
0
0
1
0
9
0
0
3
3
1
0
0
2
0
0
0
1
0
0
2
0
0
0
0
0
1
12
1
0
2
0
0
3
0
0
0
1
2
0
1
0
9
0
0
7
4
0
0
0
0
1
0
1
1
1
0
1
0
1
0
0
0
1
0
0
0
0
3
0
1
0
1
1
0
0
0
0
0
0
0
0
1
1
0
0
0
0
2
2
0
6
0
0
0
0
0
3
6
0
2
2
1
0
0
1
1
0
16
2
0
19
13
0
0
0
4
0
318
0
0
1
2
0
0
1
0
0
3
0
5
0
0
2
1
0
6
0
1
0
0
12
1
0
0
4
0
1
1
0
0
0
0
1
0
0
0
0
0
10
2
1
0
0
1
0
4
0
0
0
0
0
0
0
0
0
318
0
1
