0
1
0
0
1
0
0
4
0
0
0
1
0
2
6
0
0
0
3
1
0
0
0
0
0
0
0
1
0
0
2
9
0
1
0
1
0
0
1
0
0
0
0
1
0
0
0
0
0
2
5
0
0
2
1
0
0
0
0
0
0
0
0
1
0
0
1
1
1
0
0
0
1
1
0
0
2
1
2
0
0
0
0
0
28
0
0
0
6
0
12
4
15
0
0
0
1
2
0
1
0
0
0
0
0
0
0
2
0
1
0
0
0
4
1
0
1
2
1
1
0
5
0
0
1
0
2
0
2
0
0
0
1
16
0
0
4
0
4
6
0
0
2
0
0
0
1
1
4
1
1
1
0
1
2
1
0
1
0
1
0
0
0
5
5
0
0
0
0
0
1
1
5
2
0
0
0
1
1
0
0
0
4
7
0
0
0
16
31
0
0
0
2
2
0
0
1
0
1
0
0
0
55
0
1
1
1
0
1
2
1
0
1
32
2
0
1
0
1
0
0
0
17
23
0
0
17
0
0
0
0
0
0
24
3
0
3
0
0
0
4
1
0
1
0
7
1
0
1
0
1
0
0
0
5
0
5
4
0
1
4
0
2
0
0
0
0
0
0
0
0
1
0
2
17
0
1
0
0
1
1
0
0
0
2
0
0
4
0
0
0
0
0
0
0
0
0
2
0
3
1
3
0
0
0
2
0
0
5
0
0
7
0
0
6
1
1
0
0
4
1
0
1
99
0
0
0
0
1
0
1
0
1
1
1
0
1
0
0
2
1
0
0
1
1
7
0
0
0
0
0
2
0
0
0
0
1
2
0
0
0
0
1
0
1
0
0
1
6
1
0
6
0
0
1
2
0
1
0
0
0
0
0
0
1
0
1
0
1
3
1
0
2
0
1
5
1
3
0
0
10
1
4
3
1
18
1
0
0
2
3
1
0
0
8
0
1
0
0
0
1
0
0
1
0
1
0
1
0
1
0
0
0
9
2
0
1
0
1
0
0
0
0
0
0
1
0
4
2
1
1
0
0
2
0
0
1
93
2
0
0
2
1
16
0
0
0
1
0
0
1
0
0
1
0
0
0
1
0
0
0
4
0
1
4
0
0
0
0
1
2
0
2
0
2
0
0
0
0
0
2
2
0
0
0
0
0
0
0
0
0
0
0
3
0
0
1
2
1
1
2
0
0
1
0
0
0
1
0
0
3
0
1
0
0
1
0
1
2
1
5
16
5
0
0
0
0
1
0
0
0
0
2
0
2
0
0
0
16
9
0
0
2
0
1
1
0
6
0
0
0
1
0
1
0
0
0
0
0
1
0
3
2
0
1
0
47
0
1
1
2
1
3
0
4
12
0
0
0
0
0
1
1
2
0
0
1
0
1
1
0
0
0
1
0
0
0
13
3
6
1
0
0
0
0
2
0
7
0
0
0
17
0
0
1
1
0
1
0
0
8
2
1
0
2
0
1
0
0
0
8
0
0
0
0
0
0
0
4
0
0
0
0
0
0
0
0
0
1
0
0
3
0
0
0
0
1
0
0
1
0
0
0
18
0
0
0
0
0
0
0
0
0
1
1
0
0
69
0
1
2
1
1
7
8
0
9
1
1
2
0
2
0
0
0
0
0
0
0
2
1
0
0
0
0
0
1
1
0
0
0
1
0
0
0
0
0
0
0
0
0
0
0
6
5
0
1
1
0
0
0
0
0
0
0
1
0
1
0
1
2
0
0
0
0
0
0
0
0
1
0
1
0
0
0
0
1
0
0
0
0
4
0
0
0
0
1
0
0
0
1
0
1
1
0
3
0
0
0
0
1
1
0
0
0
0
0
0
0
0
0
1
0
0
1
0
0
1
0
1
0
1
1
1
0
0
0
1
2
0
21
0
0
1
0
0
0
1
0
13
6
4
3
0
0
1
3
0
2
1
0
0
21
0
0
1
0
1
1
2
4
0
0
0
1
0
0
0
1
0
0
0
0
0
3
0
0
0
0
0
0
1
1
0
0
1
1
1
0
0
2
1
1
2
0
2
1
0
1
0
0
0
1
17
1
1
0
22
1
0
0
0
0
0
0
0
2
6
0
1
0
4
0
0
1
0
0
0
0
0
1
6
2
20
0
0
1
3
0
0
1
1
0
2
5
6
0
0
1
3
17
2
2
0
0
1
0
0
10
1
1
0
0
44
0
1
1
0
0
1
1
3
12
3
0
1
0
1
12
0
5
9
1
0
1
0
0
1
1
2
0
1
0
0
0
0
0
1
0
0
0
0
0
10
6
13
1
0
1
0
0
0
0
1
0
0
0
0
0
0
0
0
1
3
0
0
0
9
0
0
0
0
0
0
0
0
1
1
1
0
0
1
0
0
1
0
0
0
0
0
0
0
1
1
0
0
0
1
1
1
2
2
0
45
1
0
0
0
0
1
0
2
1
0
1
12
0
0
1
0
2
1
0
0
0
1
3
0
2
0
0
0
1
0
0
1
5
0
0
0
2
0
1
0
1
0
0
0
2
0
0
4
8
1
2
0
0
0
0
0
1
0
0
2
1
1
0
89
0
1
0
0
1
0
1
0
8
0
0
0
0
4
0
0
2
1
0
2
0
0
1
3
0
0
0
0
0
0
0
0
7
0
0
33
0
0
0
1
0
0
4
1
0
0
0
1
0
0
0
0
0
0
7
4
0
0
0
0
0
0
1
1
1
0
7
0
1
0
0
0
1
0
2
0
2
3
0
1
1
0
0
0
3
0
0
0
2
2
0
2
0
2
2
0
0
0
0
0
0
0
0
0
0
0
0
2
0
0
0
0
0
0
2
0
0
0
3
0
2
0
0
0
1
0
0
0
0
0
0
0
0
0
0
0
0
1
0
3
0
1
1
1
2
0
0
0
0
0
0
1
3
1
0
2
2
0
0
0
0
1
0
0
2
2
1
1
7
1
0
31
0
0
0
5
0
6
0
0
0
2
0
0
0
2
1
4
2
2
2
0
16
1
0
0
0
2
2
38
0
4
3
0
0
2
2
0
0
0
0
1
0
1
0
7
0
0
0
1
0
0
0
1
1
0
1
0
0
0
0
5
1
0
0
9
0
0
0
5
0
7
1
0
0
0
0
3
0
0
4
1
0
2
0
1
1
0
1
1
4
0
6
0
1
0
0
0
3
0
2
0
0
1
0
1
1
0
10
0
11
4
0
0
0
0
2
0
0
0
3
0
0
0
0
0
0
0
0
33
0
1
0
39
2
0
0
0
1
2
5
0
0
0
0
1
0
2
2
24
1
1
0
4
0
0
1
1
3
6
104
0
0
0
1
0
1
1
1
0
0
0
0
0
0
5
0
0
1
0
2
0
0
0
0
0
1
0
1
0
0
0
0
0
0
0
0
0
0
0
5
2
0
0
0
4
2
1
1
0
2
2
1
1
0
0
4
1
12
0
0
1
0
30
0
0
0
3
1
0
1
0
1
0
0
1
0
0
2
34
0
2
0
0
1
0
0
2
0
0
2
0
1
13
2
0
7
1
10
0
0
7
0
0
0
0
8
43
0
0
1
0
0
0
0
0
4
0
1
0
3
0
2
4
1
1
93
0
0
1
0
0
0
15
1
0
0
2
10
2
0
0
0
0
0
0
0
2
0
0
1
0
0
1
0
1
0
1
0
0
1
1
1
2
0
0
0
0
1
0
3
2
0
8
0
0
0
0
1
0
0
1
0
0
15
0
2
0
1
0
0
0
1
2
0
2
0
0
0
0
0
0
0
3
1
2
4
0
0
1
0
27
0
89
1
1
0
2
3
0
16
1
0
9
0
7
0
0
1
0
0
0
0
1
0
2
0
0
10
40
10
0
0
0
0
6
0
2
1
0
2
11
0
0
1
0
1
0
1
1
0
0
1
0
1
0
0
0
0
0
0
3
0
0
0
0
0
0
3
0
58
3
1
2
0
0
1
2
0
0
4
0
0
0
0
0
0
0
0
8
0
6
0
0
3
0
1
21
0
0
2
0
0
1
0
0
3
0
2
1
3
0
0
0
1
0
1
3
4
2
5
0
0
1
3
0
0
0
0
3
0
1
10
8
1
0
1
0
2
17
79
2
0
0
1
0
0
1
0
1
0
0
0
0
0
1
0
2
0
0
0
2
0
9
1
0
2
0
1
0
0
11
6
0
0
1
0
0
0
6
0
0
0
0
0
2
0
0
8
0
1
1
1
3
0
2
1
0
0
0
1
0
1
0
0
0
1
1
0
0
0
0
0
0
0
0
0
0
0
0
0
1
0
0
0
1
0
2
0
0
2
0
3
0
0
0
0
3
0
1
1
0
0
5
1
0
0
0
6
0
0
0
0
0
5
0
1
11
2
2
0
0
0
1
0
0
5
2
2
0
1
0
0
1
1
0
0
0
1
0
0
2
0
1
0
0
0
3
1
0
0
2
2
4
0
0
0
2
3
0
0
3
0
3
0
10
0
4
0
0
2
0
0
0
2
0
0
0
0
0
1
0
0
0
1
4
0
0
0
0
0
0
