842733319 842733319 
362483560 842733319 
362483560 369460343 
362483560 369460343 
362483560 379668052 
199066096 369460343 
199066096 369460343 
199066096 379668052 
199066096 379668052 
362483560 468509765 
362483560 640094447 
290974529 468509765 
290974529 468509765 
290974529 640094447 
290974529 592137067 
290974529 592137067 
290974529 640094447 
290974529 640094447 
362483560 640094447 
290974529 640094447 
290974529 640094447 
311122094 640094447 
311122094 662321027 
311122094 662321027 
311122094 662321027 
311122094 781740406 
290974529 662321027 
311122094 662321027 
290974529 662321027 
290974529 640094447 
311122094 662321027 
311122094 662321027 
290974529 640094447 
311122094 662321027 
311122094 781740406 
311122094 781740406 
311632038 781740406 
311632038 781740406 
311122094 662321027 
311632038 662321027 
311632038 662321027 
311122094 640094447 
311122094 640094447 
311122094 662321027 
311122094 662321027 
311122094 662321027 
311122094 662321027 
311122094 640094447 
311632038 640094447 
311122094 640094447 
311122094 611539276 
311632038 611539276 
311632038 611539276 
311632038 611539276 
316772925 640094447 
311632038 640094447 
311632038 611539276 
311632038 611539276 
311632038 611539276 
311122094 608338358 
311632038 611539276 
311632038 640094447 
311632038 611539276 
316772925 640094447 
316772925 640094447 
316772925 611539276 
316772925 611539276 
316772925 640094447 
316772925 640094447 
316772925 640094447 
316772925 645225024 
316772925 645225024 
362483560 645225024 
316772925 645225024 
316772925 645225024 
316772925 645225024 
316772925 645225024 
316772925 645225024 
362483560 662321027 
316772925 662321027 
311632038 645225024 
311632038 645225024 
311632038 662321027 
311632038 662321027 
316772925 662675456 
316772925 662675456 
316772925 662321027 
316772925 662321027 
316772925 662321027 
311632038 645225024 
316772925 645225024 
316772925 645225024 
316772925 645225024 
362483560 662321027 
362483560 662675456 
316772925 662321027 
316772925 662321027 
316772925 662321027 
311632038 645225024 
316772925 662321027 
311632038 662321027 
311122094 645225024 
311632038 645225024 
311632038 645225024 
311632038 640094447 
316772925 645225024 
316772925 645225024 
311632038 640094447 
311632038 640094447 
311632038 645225024 
311632038 645225024 
316772925 645225024 
316772925 645225024 
316772925 645225024 
320462533 645225024 
320462533 662321027 
320462533 645225024 
333241213 662321027 
333241213 662675456 
333241213 662321027 
333241213 662321027 
320462533 662321027 
320462533 662321027 
333241213 662321027 
333241213 662321027 
333241213 662321027 
333241213 662321027 
333241213 662675456 
333241213 662321027 
362483560 662675456 
333241213 662675456 
333041809 662321027 
333041809 662321027 
333041809 662675456 
320462533 662321027 
333041809 662675456 
333041809 667265277 
333041809 667265277 
333241213 667265277 
333241213 679261252 
333241213 667265277 
333241213 667265277 
333241213 667265277 
333241213 662675456 
362483560 662675456 
362483560 662675456 
362483560 662675456 
369460343 662675456 
362483560 662675456 
362483560 662675456 
369460343 662675456 
362483560 662675456 
362483560 662675456 
369460343 667265277 
362483560 667265277 
362483560 662675456 
362483560 662675456 
362483560 667265277 
362483560 667265277 
369460343 679261252 
369460343 679261252 
369460343 667265277 
370124157 667265277 
369460343 667265277 
362483560 662675456 
362483560 662675456 
362483560 667265277 
362483560 662675456 
362483560 662675456 
362483560 667265277 
362483560 662675456 
362483560 662675456 
362483560 667265277 
355723778 662675456 
362483560 662675456 
362483560 667265277 
355723778 662675456 
362483560 667265277 
362483560 667265277 
362483560 662675456 
362483560 662675456 
362483560 667265277 
355723778 662675456 
362483560 663871004 
355723778 663871004 
355723778 662675456 
362483560 663871004 
362483560 667265277 
355723778 663871004 
355723778 663871004 
355723778 663871004 
355723778 662675456 
362483560 663871004 
355723778 663871004 
355723778 662675456 
362483560 663871004 
362483560 663871004 
362483560 662675456 
369460343 662675456 
362483560 662675456 
362483560 662321027 
369460343 662321027 
369460343 662675456 
362483560 662321027 
362483560 662321027 
362483560 662321027 
355723778 660156263 
355723778 660156263 
346208703 660156263 
346069365 654158206 
346208703 660156263 
346208703 662321027 
346069365 660156263 
346208703 660156263 
346208703 662321027 
346208703 662321027 
355723778 662321027 
355723778 662675456 
355723778 662321027 
362483560 662675456 
355723778 662675456 
355723778 662675456 
355723778 662675456 
355723778 662675456 
355723778 662321027 
362483560 662675456 
362483560 663871004 
362483560 662675456 
362483560 662675456 
362483560 663871004 
355723778 662675456 
362483560 662675456 
362483560 662675456 
362483560 662675456 
362483560 662675456 
362483560 663871004 
362483560 663871004 
362483560 663871004 
355723778 663871004 
346208703 662675456 
355723778 663871004 
355723778 663871004 
355723778 662675456 
355723778 662675456 
355723778 663871004 
355723778 663871004 
355723778 663871004 
355723778 667265277 
355723778 667265277 
355723778 667265277 
346208703 667265277 
346208703 667265277 
346208703 667265277 
346208703 667265277 
346069365 663871004 
346208703 667265277 
346208703 676827042 
346208703 676827042 
355723778 678398106 
355723778 679261252 
355723778 679261252 
355723778 679261252 
355723778 679421556 
346208703 679261252 
355723778 679421556 
355723778 679421556 
355723778 679261252 
355723778 679261252 
355723778 679421556 
355723778 679421556 
362483560 679421556 
355723778 679421556 
355723778 679261252 
355723778 679261252 
346208703 679261252 
346208703 678398106 
355723778 679261252 
346208703 679261252 
346208703 679261252 
355723778 679261252 
355723778 679421556 
355723778 679421556 
362483560 679421556 
362483560 679421556 
362483560 679261252 
362483560 679261252 
362483560 679421556 
355723778 679261252 
355723778 679261252 
355723778 679261252 
346208703 678398106 
355723778 678398106 
355723778 679261252 
355723778 678398106 
362483560 678398106 
362483560 678398106 
362483560 676827042 
362483560 676827042 
362483560 678398106 
362483560 678398106 
362483560 678398106 
355723778 678398106 
352966238 676827042 
352966238 676827042 
352966238 676827042 
352966238 667265277 
355723778 676827042 
352966238 676827042 
352966238 667265277 
355723778 667265277 
355723778 676827042 
352966238 667265277 
355723778 676827042 
355723778 678398106 
352966238 676827042 
355723778 678398106 
355723778 678398106 
355723778 676827042 
362483560 678398106 
355723778 678398106 
355723778 678398106 
362483560 679261252 
355723778 679261252 
355723778 679261252 
362483560 679261252 
355723778 679261252 
355723778 679261252 
355723778 679261252 
355723778 679421556 
355723778 679421556 
362483560 684721352 
355723778 684721352 
352966238 679421556 
352966238 679421556 
352966238 684721352 
346208703 679421556 
352966238 684721352 
346208703 684721352 
346208703 679421556 
346208703 679421556 
346208703 679421556 
346208703 679261252 
352966238 679421556 
352966238 684721352 
346208703 679421556 
346208703 679421556 
346208703 679421556 
346208703 679421556 
352966238 679421556 
352966238 684721352 
352966238 679421556 
352966238 679421556 
352966238 679421556 
352966238 679421556 
352966238 679421556 
346208703 679421556 
346069365 679261252 
346069365 679261252 
346069365 679261252 
346069365 678398106 
346208703 678398106 
346208703 678398106 
346208703 676827042 
352966238 678398106 
346208703 678398106 
346208703 676827042 
352966238 678398106 
346208703 678398106 
346208703 678398106 
346208703 678398106 
346069365 678398106 
346069365 678398106 
346208703 678398106 
346208703 679261252 
346208703 678398106 
352966238 679261252 
352966238 679261252 
352966238 678398106 
355723778 679261252 
355723778 679421556 
355723778 679261252 
362483560 679421556 
355723778 679421556 
355723778 679261252 
362483560 679421556 
355723778 679421556 
352966238 679261252 
355723778 679261252 
352966238 679261252 
352966238 679261252 
352966238 679261252 
347922149 679261252 
347922149 678398106 
347922149 678398106 
346208703 678398106 
346208703 678398106 
347922149 679261252 
346208703 679261252 
346208703 678398106 
347922149 679261252 
347922149 679421556 
346208703 679261252 
347922149 679261252 
346208703 679261252 
346208703 678398106 
346208703 678398106 
346208703 678398106 
346208703 676827042 
347922149 678398106 
347922149 679261252 
347922149 679261252 
347922149 679261252 
347922149 679261252 
347922149 679261252 
347922149 679261252 
346208703 679261252 
346069365 678398106 
346208703 678398106 
346208703 679261252 
346069365 678398106 
346069365 678398106 
346069365 678398106 
346069365 676827042 
346069365 676827042 
342298384 676827042 
342298384 676827042 
346069365 678398106 
342298384 678398106 
342298384 676827042 
346069365 676827042 
346069365 678398106 
342298384 676827042 
342298384 676827042 
335185702 676827042 
335185702 670978508 
342298384 676827042 
342298384 676827042 
342298384 676827042 
346069365 678398106 
342298384 678398106 
342298384 676827042 
346069365 676827042 
346069365 678398106 
346069365 676827042 
346069365 676827042 
346069365 678398106 
346069365 676827042 
346208703 676827042 
346208703 678398106 
346208703 676827042 
346208703 676827042 
346069365 676827042 
342298384 670978508 
342298384 670978508 
335185702 670978508 
335185702 667265277 
342298384 669797235 
335185702 669797235 
334749118 667265277 
335185702 667265277 
335185702 669797235 
334749118 667265277 
334749118 667265277 
334749118 669797235 
334749118 667265277 
334749118 667265277 
334749118 669797235 
333241213 667265277 
334749118 667265277 
334749118 669797235 
334749118 669797235 
335185702 670978508 
335185702 670978508 
335185702 670978508 
342298384 670978508 
342298384 676827042 
342298384 676827042 
345172531 678398106 
345172531 678398106 
345172531 676827042 
345172531 676827042 
345172531 678398106 
345172531 678398106 
345172531 678398106 
342298384 678398106 
342298384 678398106 
345172531 679261252 
345172531 679421556 
345172531 679261252 
346069365 679261252 
346069365 679421556 
346069365 679421556 
346208703 679421556 
346208703 679421556 
346208703 679421556 
346503301 680140492 
346503301 680140492 
346208703 679421556 
346503301 680140492 
346503301 680140492 
346503301 680140492 
347922149 684721352 
346503301 684721352 
346503301 680140492 
347922149 680140492 
346503301 680140492 
346208703 679421556 
346503301 679421556 
346503301 680140492 
346503301 680140492 
346503301 680140492 
346503301 684721352 
346503301 680140492 
347922149 684721352 
347922149 684721352 
346503301 680140492 
347922149 680140492 
346503301 680140492 
346503301 679421556 
347922149 680140492 
346503301 680140492 
346208703 679421556 
346503301 679421556 
346503301 680140492 
346503301 680140492 
347922149 680140492 
346503301 680140492 
346208703 679421556 
346503301 680140492 
346503301 684721352 
346503301 684721352 
346503301 684721352 
346503301 684721352 
346503301 684721352 
346503301 684721352 
346503301 684721352 
346503301 680140492 
347922149 684721352 
347922149 687920105 
347922149 687920105 
352966238 688687791 
352966238 688687791 
352966238 688687791 
354909690 688751146 
354909690 689322235 
354909690 688751146 
354909690 688751146 
352966238 688751146 
347922149 688687791 
347922149 688687791 
346503301 688687791 
346208703 687920105 
346503301 688687791 
346503301 688751146 
346503301 688751146 
347922149 688751146 
346503301 688751146 
346503301 688751146 
347922149 689322235 
346503301 689322235 
346503301 689322235 
346503301 689322235 
346503301 690810242 
346208703 689322235 
346503301 689322235 
346503301 690810242 
346208703 689322235 
346208703 689322235 
346208703 690810242 
346069365 689322235 
346208703 689322235 
346069365 689322235 
346069365 689322235 
346069365 689322235 
346069365 689322235 
346069365 689322235 
346208703 689322235 
346208703 689322235 
346208703 688751146 
346503301 689322235 
346208703 689322235 
346208703 688751146 
346208703 688751146 
346208703 688751146 
346208703 688687791 
346208703 688687791 
346069365 688687791 
346069365 687920105 
346208703 687920105 
346069365 687920105 
345352143 684721352 
346069365 684721352 
346069365 684721352 
346069365 680140492 
346069365 680140492 
346069365 680140492 
345352143 679421556 
345352143 679421556 
345352143 680140492 
345172531 679421556 
345172531 679421556 
345172531 679421556 
342298384 679261252 
345172531 679261252 
345172531 679421556 
342298384 679261252 
345172531 679261252 
342298384 679261252 
342298384 679009480 
342298384 679009480 
335185702 679009480 
335185702 678398106 
335185702 678398106 
334749118 678398106 
334749118 678398106 
335185702 679009480 
335185702 679009480 
335185702 679009480 
342298384 679261252 
342298384 679261252 
342298384 679009480 
345172531 679261252 
342298384 679261252 
335185702 679009480 
335185702 679009480 
335185702 679261252 
335185702 679009480 
342298384 679261252 
342298384 679421556 
335185702 679261252 
342298384 679421556 
342298384 680140492 
342298384 680140492 
345172531 680140492 
345172531 680140492 
345172531 680140492 
345172531 680140492 
342298384 680140492 
342298384 680140492 
345172531 684721352 
345172531 684721352 
342298384 680140492 
342298384 680140492 
342298384 680140492 
342298384 679421556 
345172531 680140492 
345172531 680140492 
345172531 679421556 
345172531 679421556 
342298384 679421556 
335185702 679261252 
342298384 679421556 
335185702 679421556 
334749118 679261252 
335185702 679421556 
335185702 680140492 
335185702 679421556 
342298384 680140492 
342298384 684721352 
342298384 680140492 
342298384 680140492 
342298384 680140492 
342298384 679421556 
342298384 679421556 
342298384 679421556 
342298384 679261252 
342298384 679261252 
342298384 679261252 
342298384 679261252 
342298384 679261252 
342298384 679261252 
342298384 679261252 
345172531 679421556 
345172531 680140492 
342298384 679421556 
342298384 679421556 
342298384 680140492 
342298384 680140492 
345172531 684721352 
342298384 684721352 
335185702 680140492 
335185702 680140492 
335185702 680140492 
335185702 679421556 
336126329 679421556 
336126329 679421556 
336126329 679261252 
336126329 679261252 
335185702 679261252 
334749118 679009480 
335185702 679261252 
334749118 679261252 
334749118 679009480 
335185702 679009480 
335185702 679261252 
334749118 679009480 
335185702 679261252 
334749118 679261252 
333241213 679009480 
334749118 679261252 
333241213 679261252 
333241213 679009480 
334749118 679009480 
334749118 679261252 
334749118 679009480 
335185702 679009480 
335185702 679261252 
335185702 679009480 
336126329 679261252 
336126329 679421556 
336126329 679261252 
342298384 679421556 
342298384 679421556 
342298384 679261252 
345172531 679421556 
345172531 679421556 
345172531 679421556 
345172531 679421556 
342298384 679421556 
342298384 679421556 
342298384 679421556 
342298384 679421556 
342298384 679421556 
342298384 679421556 
342298384 680140492 
342298384 679421556 
344033916 679421556 
344033916 680140492 
344033916 680140492 
344033916 680140492 
342298384 680140492 
342298384 679421556 
344033916 679421556 
342298384 679421556 
342298384 679261252 
344033916 679261252 
344033916 679421556 
344033916 679261252 
345172531 679421556 
345172531 680140492 
345172531 680140492 
345352143 680140492 
345352143 684721352 
345352143 684721352 
345352143 684721352 
345352143 687920105 
345352143 687920105 
346069365 688687791 
346069365 688687791 
346069365 687920105 
346069365 687920105 
346069365 687920105 
346069365 684721352 
346208703 684721352 
346208703 687920105 
346069365 684721352 
346069365 684721352 
345352143 684721352 
345172531 680140492 
345172531 680140492 
345172531 684721352 
345172531 684721352 
345172531 684721352 
345172531 687920105 
345172531 687920105 
345352143 687920105 
345352143 688687791 
345172531 687920105 
345352143 688687791 
345172531 688687791 
345172531 688687791 
345352143 688751146 
345352143 688751146 
345352143 688687791 
346069365 688751146 
345352143 688751146 
345352143 688687791 
346069365 688751146 
346069365 688751146 
346069365 688687791 
346208703 688751146 
346069365 688751146 
346069365 688687791 
346208703 688751146 
346069365 688751146 
345352143 688687791 
346069365 688751146 
345352143 688751146 
345352143 688687791 
346069365 688687791 
346069365 688751146 
346069365 688687791 
346208703 688751146 
346208703 688751146 
346069365 688687791 
346069365 688687791 
345352143 688687791 
345352143 687920105 
346069365 688687791 
346069365 688751146 
346069365 688687791 
346208703 688687791 
346208703 688687791 
346069365 687920105 
346208703 688687791 
346208703 688751146 
346069365 688687791 
346208703 688687791 
346069365 688687791 
345352143 687920105 
345352143 687920105 
345172531 687920105 
344033916 684721352 
344033916 684721352 
344033916 684721352 
344033916 684721352 
345172531 684721352 
345172531 684721352 
345172531 680140492 
345172531 680140492 
345172531 680140492 
345172531 680140492 
345352143 680140492 
345352143 684721352 
345172531 680140492 
345352143 684721352 
345352143 684721352 
345172531 680140492 
345352143 684721352 
345352143 684721352 
345352143 680140492 
346069365 680140492 
346069365 684721352 
346069365 680140492 
346069365 680140492 
346069365 680140492 
345352143 679421556 
345352143 679421556 
345352143 680140492 
345352143 679421556 
345352143 679421556 
345352143 680140492 
345172531 679421556 
345172531 679421556 
345172531 680140492 
345172531 680140492 
345352143 684721352 
345352143 684721352 
345352143 684721352 
345352143 684721352 
345172531 684721352 
345172531 680140492 
345352143 680140492 
345352143 680140492 
345352143 680140492 
345352143 680140492 
345352143 680140492 
345352143 679421556 
346069365 679421556 
346069365 680140492 
346069365 680140492 
346208703 684721352 
346069365 684721352 
345352143 680140492 
346069365 680140492 
346069365 680140492 
345352143 679421556 
346069365 679421556 
346069365 679421556 
345352143 679261252 
345352143 679261252 
345172531 679261252 
345172531 679261252 
345172531 679261252 
345172531 679261252 
345172531 679261252 
345172531 679261252 
345172531 679261252 
345172531 679261252 
345172531 679261252 
344033916 679261252 
344033916 679009480 
345172531 679009480 
344033916 679009480 
344033916 679009480 
345172531 679009480 
345172531 679261252 
344033916 679009480 
345172531 679261252 
344033916 679261252 
343284669 679009480 
344033916 679261252 
343284669 679261252 
343284669 679261252 
344033916 679421556 
344033916 680140492 
344033916 680060787 
345172531 680060787 
345172531 680060787 
344033916 679421556 
345172531 680060787 
344033916 680060787 
344033916 679421556 
345172531 680060787 
345172531 680140492 
345172531 680140492 
345352143 680140492 
345352143 684721352 
345352143 680140492 
345352143 680140492 
345352143 680140492 
345352143 680140492 
345352143 680140492 
345352143 684721352 
345352143 680140492 
346069365 684721352 
346069365 687920105 
345352143 684721352 
346069365 684721352 
345352143 684721352 
345352143 684721352 
345352143 684721352 
345352143 687920105 
345172531 684721352 
345172531 684721352 
345172531 684721352 
345172531 680140492 
345172531 680140492 
345172531 684721352 
344033916 680140492 
344033916 680140492 
344033916 684721352 
344033916 680140492 
344033916 680140492 
343284669 680140492 
343284669 680060787 
343284669 680060787 
343284669 680060787 
343284669 679421556 
344033916 680060787 
344033916 680140492 
343284669 680060787 
343284669 680060787 
343284669 680140492 
343284669 680060787 
343284669 680060787 
342298384 680060787 
342298384 680060787 
342298384 680060787 
342298384 680060787 
342298384 680060787 
342298384 680060787 
342298384 680060787 
342298384 679421556 
342298384 679421556 
342298384 680060787 
342298384 680060787 
343284669 680060787 
343284669 680060787 
342298384 679421556 
343284669 680060787 
343284669 680060787 
343284669 679421556 
344033916 680060787 
343284669 680060787 
343284669 679421556 
344033916 679421556 
344033916 679421556 
344033916 679421556 
345084596 680060787 
345084596 680060787 
345084596 680060787 
345172531 680140492 
345172531 680140492 
345172531 680140492 
345352143 684721352 
345352143 684721352 
345352143 680140492 
345352143 680140492 
345352143 680140492 
345352143 680140492 
346069365 680140492 
346069365 684721352 
346069365 680140492 
346208703 684721352 
346208703 684721352 
346069365 680140492 
346208703 680140492 
346069365 680140492 
345352143 680060787 
346069365 680140492 
345352143 680140492 
345172531 680060787 
345172531 680060787 
345084596 680060787 
345084596 680060787 
345084596 680060787 
344033916 680060787 
344033916 679421556 
344033916 679421556 
344033916 680060787 
343284669 679421556 
344033916 680060787 
343284669 680060787 
343284669 679421556 
343284669 679421556 
343284669 679421556 
343284669 679261252 
344033916 679261252 
343284669 679261252 
342298384 679009480 
342298384 679009480 
339246661 679009480 
337811847 678398106 
339246661 678398106 
337811847 678398106 
337811847 677792945 
339246661 678398106 
339246661 678398106 
339246661 678398106 
339246661 678398106 
339246661 679009480 
339246661 678398106 
339246661 678398106 
337811847 678398106 
337811847 678398106 
339246661 679009480 
337811847 679009480 
336126329 678398106 
337811847 679009480 
337811847 679261252 
337811847 679261252 
339246661 679421556 
339246661 680060787 
337811847 679421556 
339246661 679421556 
339246661 680060787 
337811847 679421556 
339246661 679421556 
339246661 679421556 
339246661 679421556 
342298384 679421556 
339246661 679421556 
339246661 679421556 
342298384 679421556 
342298384 679421556 
342298384 679261252 
343284669 679261252 
343284669 679421556 
343284669 679261252 
343284669 679261252 
342298384 679261252 
342298384 679261252 
342298384 679261252 
342298384 679261252 
342298384 679009480 
342298384 679009480 
342298384 679261252 
339246661 679009480 
342298384 679261252 
339246661 679261252 
339246661 679009480 
342298384 679009480 
342298384 679261252 
342298384 679009480 
343284669 679009480 
343284669 679261252 
343284669 679009480 
343284669 679009480 
343284669 679009480 
342298384 678398106 
343284669 679009480 
343284669 679261252 
343284669 679009480 
343284669 679009480 
343284669 679009480 
342298384 678398106 
343284669 679009480 
343284669 679261252 
342298384 679009480 
343284669 679009480 
342298384 679009480 
342298384 679009480 
343284669 679009480 
343284669 679009480 
342298384 678398106 
342298384 678398106 
339246661 678398106 
339246661 677792945 
342298384 678398106 
339246661 678398106 
337811847 677792945 
339246661 678398106 
339246661 678398106 
337811847 677792945 
339246661 677792945 
337811847 677792945 
336126329 677195029 
337811847 677195029 
337811847 677792945 
337811847 677792945 
337811847 677792945 
337811847 677792945 
336126329 677195029 
336126329 677195029 
336126329 677195029 
336126329 676827042 
337811847 677195029 
336126329 677195029 
336126329 677195029 
336126329 677195029 
335185702 677195029 
334749118 676827042 
334749118 676827042 
334749118 676827042 
334749118 676237727 
334749118 676237727 
334749118 676827042 
333241213 676237727 
333241213 676237727 
333241213 676827042 
333241213 676237727 
334749118 676827042 
333241213 676827042 
333241213 676827042 
333241213 676827042 
333241213 676827042 
333241213 676237727 
334749118 676827042 
333241213 676827042 
333241213 676237727 
334749118 676237727 
334749118 676827042 
333241213 676237727 
333241213 676237727 
333041809 676237727 
333041809 675126718 
333241213 675126718 
333241213 676237727 
333241213 675126718 
333241213 675126718 
333241213 675126718 
333241213 675126718 
334749118 676237727 
333241213 676237727 
333041809 675126718 
333241213 675126718 
333041809 675126718 
332046381 671421946 
333041809 675126718 
333041809 675126718 
333041809 675126718 
333241213 675126718 
333241213 676237727 
333241213 676237727 
333241213 676237727 
333041809 676237727 
333041809 675126718 
333241213 675126718 
333041809 675126718 
333041809 671421946 
333241213 671421946 
333241213 671421946 
333041809 670978508 
333241213 671421946 
333041809 671421946 
333041809 671421946 
333241213 675126718 
333241213 675126718 
333241213 675126718 
334749118 675126718 
334749118 676237727 
334749118 675126718 
334749118 675126718 
333241213 675126718 
333241213 675126718 
333241213 675126718 
333041809 675126718 
333041809 671421946 
333241213 675126718 
333241213 676237727 
333041809 675126718 
333241213 676237727 
333241213 676237727 
333241213 675126718 
334749118 675126718 
334749118 675126718 
333241213 671421946 
334749118 675126718 
334749118 675126718 
333241213 671421946 
334749118 671421946 
334749118 671421946 
334749118 670978508 
334749118 670978508 
334749118 671421946 
334749118 670978508 
335185702 670978508 
335185702 671421946 
335185702 671421946 
336126329 675126718 
336126329 676237727 
336126329 675126718 
337700678 676237727 
337700678 676237727 
337700678 675126718 
337700678 675126718 
337700678 675126718 
336126329 671421946 
337700678 671421946 
336126329 671421946 
335185702 670978508 
336126329 670978508 
336126329 670978508 
336126329 670978508 
336126329 670978508 
336126329 671421946 
336126329 671421946 
336126329 671421946 
336126329 671421946 
336126329 670978508 
336126329 670978508 
335185702 670978508 
335185702 670978508 
336126329 670978508 
336126329 671421946 
335185702 670978508 
336126329 670978508 
336126329 671421946 
336126329 671421946 
337700678 671421946 
336126329 671421946 
336126329 670978508 
337700678 670978508 
336126329 670978508 
336126329 670657088 
337700678 670657088 
336126329 670657088 
336126329 669797235 
336126329 669797235 
336126329 669797235 
335185702 668436327 
336126329 669797235 
336126329 669797235 
335185702 668436327 
335185702 668436327 
335185702 669797235 
335185702 668436327 
336126329 668436327 
335185702 668436327 
335185702 668436327 
335185702 668436327 
334749118 668436327 
334749118 667265277 
335185702 667265277 
334749118 667265277 
333241213 665623471 
334749118 667265277 
334749118 667265277 
334749118 667265277 
334749118 667265277 
334749118 667265277 
333241213 665623471 
334749118 665623471 
333241213 665623471 
333041809 665545358 
333241213 665623471 
333241213 665623471 
333041809 665545358 
333241213 665545358 
333041809 665545358 
332046381 664068542 
333041809 665545358 
333041809 665623471 
333041809 665545358 
333241213 665545358 
333041809 665545358 
333041809 665545358 
333241213 665623471 
333041809 665623471 
333041809 665545358 
333241213 665545358 
333041809 665545358 
333041809 665545358 
333241213 665623471 
333041809 665623471 
333041809 665623471 
333241213 667265277 
333241213 668436327 
333241213 668436327 
333241213 668436327 
333041809 668436327 
333041809 668436327 
333041809 668436327 
333041809 668436327 
333041809 667265277 
333241213 667265277 
333241213 668436327 
333241213 667265277 
333241213 667265277 
333241213 667265277 
333041809 665623471 
333041809 665623471 
333041809 667265277 
332046381 665623471 
333041809 665623471 
333041809 667265277 
333041809 665623471 
333041809 665623471 
332046381 665623471 
332046381 665623471 
332046381 665623471 
331673187 665623471 
331673187 665545358 
332046381 665545358 
332046381 665623471 
332046381 665545358 
333041809 665545358 
332046381 665545358 
331673187 664068542 
332046381 665545358 
332046381 665545358 
332046381 665545358 
333041809 665623471 
332046381 665623471 
331673187 665545358 
332046381 665545358 
331673187 665545358 
331673187 665545358 
332046381 665545358 
332046381 665623471 
332046381 665623471 
333041809 665623471 
333041809 665623471 
333041809 665545358 
333241213 665623471 
333241213 665623471 
333041809 665545358 
333241213 665545358 
333241213 665545358 
333041809 664068542 
333241213 664068542 
333241213 664068542 
333241213 663871004 
334749118 664068542 
334749118 665545358 
334749118 664068542 
335185702 665545358 
334749118 665545358 
334749118 664068542 
334749118 664068542 
334749118 665545358 
334749118 664068542 
334749118 664068542 
334749118 665545358 
333241213 664068542 
334749118 665545358 
334749118 665545358 
333241213 664068542 
334749118 664068542 
333241213 664068542 
333041809 663871004 
333041809 663871004 
332046381 663871004 
331673187 663771440 
332046381 663871004 
331673187 663871004 
331444724 663771440 
331673187 663771440 
331673187 663771440 
331673187 663771440 
332046381 663871004 
332046381 664068542 
331673187 663871004 
332046381 664068542 
332046381 664068542 
332046381 664068542 
332046381 664068542 
331673187 664068542 
331673187 663871004 
332046381 663871004 
332046381 663871004 
331673187 663771440 
332046381 663871004 
332046381 664068542 
331673187 663871004 
332046381 664068542 
332046381 665545358 
332046381 664068542 
333041809 665545358 
333041809 665545358 
332046381 664068542 
333041809 664068542 
333041809 664068542 
333041809 664068542 
333241213 665545358 
333041809 665545358 
333041809 664068542 
333041809 664068542 
333041809 664068542 
332046381 663871004 
332046381 663871004 
331673187 663871004 
331673187 663871004 
331673187 663871004 
331444724 663871004 
331338749 663771440 
331444724 663871004 
331338749 663871004 
331338749 663871004 
331444724 664068542 
331444724 665545358 
331338749 664068542 
331444724 664068542 
331444724 664068542 
331444724 664068542 
331673187 665545358 
331673187 665623471 
331673187 665623471 
332046381 665623471 
332046381 667265277 
332046381 667265277 
333041809 667265277 
333041809 668436327 
333041809 667265277 
333241213 667265277 
333241213 667265277 
333241213 667265277 
334749118 667265277 
334749118 668436327 
334749118 667265277 
335185702 667265277 
335185702 668436327 
334749118 667265277 
334749118 667265277 
334749118 668436327 
333241213 667265277 
333241213 667265277 
333241213 667265277 
333041809 665623471 
333041809 665623471 
333041809 665623471 
333041809 665545358 
333041809 665545358 
333041809 665545358 
333041809 665545358 
333241213 665545358 
333041809 665545358 
332046381 664068542 
333041809 665545358 
332046381 665545358 
331673187 664068542 
331673187 664068542 
331673187 665545358 
331673187 664068542 
332046381 664068542 
332046381 664068542 
332046381 664068542 
332046381 664068542 
332046381 664068542 
332046381 664068542 
333041809 664068542 
332046381 664068542 
332046381 663871004 
333041809 663871004 
332046381 663871004 
331673187 663771440 
332046381 663771440 
331673187 663771440 
331444724 663768746 
331444724 663768746 
331444724 663771440 
331444724 663771440 
331673187 663871004 
331673187 664068542 
331673187 663871004 
332046381 664068542 
332046381 665545358 
331673187 664068542 
331673187 664068542 
331444724 664068542 
331338749 663871004 
331444724 663871004 
331444724 664068542 
331338749 663871004 
331444724 664068542 
331444724 664068542 
331338749 663871004 
331338749 663871004 
330645552 663871004 
330645552 663871004 
331338749 664068542 
331338749 664068542 
331338749 664068542 
331444724 664068542 
331444724 665545358 
331338749 664068542 
331444724 664068542 
331444724 665545358 
331444724 665545358 
331673187 665545358 
331673187 665545358 
331444724 664068542 
331673187 664068542 
331673187 664068542 
331673187 663871004 
332046381 663871004 
332046381 664068542 
332046381 664068542 
333041809 664068542 
333041809 664430576 
332046381 664068542 
333041809 664430576 
332046381 664430576 
332046381 664068542 
333041809 664068542 
333041809 664430576 
333041809 664430576 
333241213 665545358 
333241213 665623471 
333041809 665545358 
333241213 665545358 
333241213 665545358 
333241213 665545358 
334749118 665623471 
333241213 665623471 
333241213 665623471 
334749118 665623471 
333241213 665623471 
333041809 665545358 
333241213 665623471 
333241213 665623471 
333241213 665545358 
333241213 665545358 
333241213 665545358 
333241213 665545358 
334749118 665623471 
334749118 667265277 
334749118 665623471 
335185702 667265277 
335185702 668436327 
335185702 667265277 
336126329 667265277 
335185702 667265277 
335185702 667265277 
336126329 668436327 
336126329 669797235 
336126329 669797235 
337700678 670657088 
337700678 670882691 
337700678 670657088 
337811847 670657088 
337700678 670657088 
336126329 669797235 
337700678 670657088 
336126329 670657088 
335185702 669797235 
336126329 669797235 
336126329 670657088 
335185702 669797235 
336126329 669797235 
336126329 669797235 
335185702 668712054 
336126329 669797235 
336126329 670657088 
336126329 670657088 
337700678 670882691 
336126329 670882691 
335185702 670657088 
335185702 670657088 
335185702 670657088 
335185702 670657088 
336126329 670882691 
336126329 670882691 
336126329 670882691 
336126329 670882691 
335185702 670882691 
335185702 670882691 
335185702 670882691 
334749118 670882691 
334749118 670657088 
334749118 670657088 
334749118 670657088 
333241213 669797235 
333241213 669797235 
333241213 669797235 
333041809 668712054 
333241213 668712054 
333041809 668712054 
332046381 668436327 
333041809 668436327 
333041809 668436327 
333041809 667265277 
333241213 667265277 
333241213 668436327 
333241213 667265277 
334749118 667265277 
334749118 668436327 
333241213 667265277 
334749118 668436327 
334749118 668436327 
334749118 667265277 
335185702 668436327 
335185702 668712054 
335185702 668712054 
336126329 669797235 
336126329 670657088 
335185702 669797235 
335185702 669797235 
335185702 670657088 
334749118 669797235 
335185702 669797235 
335185702 670657088 
334749118 669797235 
335185702 670657088 
335185702 670657088 
334749118 669797235 
335185702 669797235 
335185702 669797235 
335185702 668712054 
336126329 668712054 
336126329 669797235 
335185702 668712054 
335185702 668712054 
334749118 668712054 
334749118 668712054 
334749118 668712054 
334749118 669797235 
333241213 668712054 
333241213 668712054 
333241213 668712054 
333041809 668436327 
333241213 668436327 
333041809 668436327 
333041809 667265277 
333041809 667265277 
333041809 668436327 
332046381 667265277 
332046381 667265277 
332046381 667265277 
332046381 667265277 
332046381 667265277 
332046381 667265277 
331673187 665623471 
332046381 667265277 
332046381 667265277 
331673187 665623471 
331673187 665623471 
331673187 667265277 
331444724 665623471 
331673187 665623471 
331673187 665623471 
331444724 665545358 
331673187 665545358 
331673187 665545358 
331673187 665323793 
332046381 665323793 
332046381 665323793 
332046381 665323793 
333041809 665545358 
332046381 665545358 
331673187 665323793 
331673187 665323793 
331673187 665323793 
331673187 664430576 
331673187 664430576 
331673187 665323793 
331673187 665323793 
332046381 665323793 
331673187 665323793 
331673187 665323793 
332046381 665545358 
332046381 665623471 
332046381 665623471 
332046381 665623471 
332046381 665623471 
332046381 665623471 
332046381 665623471 
331673187 665623471 
331673187 665545358 
331673187 665545358 
331444724 665545358 
331444724 665545358 
331673187 665623471 
331673187 667265277 
331444724 665623471 
331673187 665623471 
331673187 667265277 
331444724 665623471 
331444724 665623471 
331444724 667265277 
331338749 665623471 
331444724 667265277 
331444724 667265277 
331444724 665623471 
331444724 665623471 
331338749 665623471 
331338749 665623471 
331444724 667265277 
331444724 667265277 
331444724 665623471 
331673187 667265277 
331444724 667265277 
331444724 667265277 
331444724 667265277 
331338749 667265277 
331338749 665623471 
331338749 665623471 
331338749 665623471 
331338749 665545358 
331444724 665623471 
331444724 665623471 
331444724 665545358 
331673187 665545358 
331673187 665545358 
331673187 665323793 
332046381 665323793 
332046381 665323793 
332046381 665323793 
333041809 665545358 
332046381 665545358 
332046381 665545358 
333041809 665545358 
333041809 665623471 
333041809 665623471 
333241213 665623471 
333241213 665623471 
333041809 665545358 
333241213 665623471 
333241213 667265277 
333241213 665623471 
334749118 667265277 
334125742 667265277 
333241213 665623471 
334125742 667265277 
334125742 668436327 
334125742 668436327 
334749118 668712054 
334749118 668712054 
334125742 668436327 
334749118 668712054 
334749118 668712054 
334749118 668712054 
335185702 668712054 
335185702 669797235 
335185702 669797235 
336126329 670657088 
336126329 670657088 
336126329 669797235 
337700678 670657088 
336126329 670657088 
336126329 669797235 
337700678 669797235 
337700678 669797235 
336126329 668712054 
337700678 669797235 
336126329 669797235 
335185702 668712054 
335185702 668712054 
335185702 669797235 
334749118 668712054 
335185702 669797235 
334749118 669797235 
334125742 668712054 
334749118 669797235 
334125742 669797235 
333241213 668712054 
333241213 668712054 
333241213 669797235 
333241213 668712054 
334125742 668712054 
334125742 668712054 
333241213 668436327 
334125742 668712054 
334125742 668712054 
334125742 668436327 
334749118 668712054 
334749118 668712054 
334125742 668436327 
334749118 668712054 
334749118 669797235 
334125742 668712054 
334125742 668712054 
334125742 668712054 
334125742 668712054 
334125742 668712054 
334125742 668712054 
333241213 668436327 
333241213 668436327 
333241213 668712054 
333241213 668436327 
333241213 668436327 
333241213 668436327 
333241213 668436327 
334125742 668712054 
334125742 669797235 
334125742 669797235 
334125742 669797235 
333241213 669797235 
333041809 668712054 
333241213 669797235 
333041809 669797235 
332046381 668712054 
333041809 669797235 
332046381 669797235 
332046381 668712054 
333041809 669797235 
332046381 669797235 
332046381 668712054 
333041809 669797235 
333041809 670657088 
333041809 669797235 
333241213 670657088 
333241213 670882691 
333241213 670657088 
334125742 670882691 
334125742 670978508 
334125742 670882691 
334125742 670882691 
334125742 670978508 
333241213 670882691 
334125742 670882691 
333241213 670882691 
333041809 670657088 
333241213 670882691 
333241213 670978508 
333241213 670882691 
334125742 670978508 
334125742 670978508 
334125742 670978508 
334749118 671421946 
334749118 671433236 
334749118 671433236 
335185702 671672358 
335185702 672247320 
335185702 672247320 
335185702 672247320 
335185702 672247320 
335185702 671672358 
336126329 672247320 
335185702 672247320 
335185702 672247320 
336126329 672247320 
335185702 672247320 
335185702 671672358 
336126329 671672358 
336126329 672247320 
336126329 672247320 
337565509 672450691 
337565509 672450691 
337565509 672247320 
337700678 672247320 
337700678 672450691 
337700678 672450691 
337811847 673068602 
337700678 673068602 
337700678 673068602 
337700678 673068602 
337565509 673068602 
337565509 672450691 
337565509 672450691 
336126329 672450691 
336126329 672450691 
337565509 672450691 
336126329 672450691 
336126329 672450691 
337565509 672450691 
337565509 672450691 
336126329 672247320 
336126329 672247320 
335185702 672247320 
335185702 671672358 
335185702 671672358 
334749118 671672358 
334749118 671672358 
335185702 672247320 
335185702 672450691 
334749118 672247320 
335185702 672450691 
335185702 673068602 
335185702 673068602 
335185702 673068602 
335185702 673068602 
334749118 672450691 
335185702 672450691 
335185702 673068602 
335185702 672450691 
335185702 672450691 
334749118 672450691 
334749118 672247320 
335185702 672450691 
335185702 672450691 
335185702 672450691 
336126329 673068602 
335185702 673068602 
334749118 672450691 
335185702 673068602 
334749118 673068602 
334749118 673068602 
335185702 674089111 
335185702 674230642 
335185702 674230642 
335185702 674230642 
334749118 674230642 
334125742 674089111 
334749118 674089111 
334125742 674089111 
334125742 673068602 
334749118 673068602 
334749118 673068602 
334749118 672450691 
335185702 672450691 
334749118 672450691 
334749118 672247320 
334749118 672247320 
334749118 672450691 
334125742 672247320 
334125742 672247320 
334125742 672247320 
333241213 671672358 
334125742 672247320 
334125742 672247320 
333241213 671672358 
333241213 671672358 
333041809 671672358 
332193221 671433236 
333041809 671433236 
333041809 671433236 
333041809 671421946 
333241213 671421946 
333241213 671433236 
333241213 671433236 
333241213 671433236 
333241213 671672358 
333241213 671672358 
334125742 672247320 
333241213 672247320 
333241213 672247320 
334125742 672247320 
333241213 672247320 
333041809 671672358 
333041809 671672358 
333041809 672247320 
332193221 671672358 
332193221 671672358 
332193221 672247320 
332046381 671672358 
332193221 672247320 
332193221 672247320 
332046381 671672358 
332046381 671672358 
332046381 672247320 
331673187 671672358 
332046381 671672358 
331673187 671672358 
331673187 671672358 
332046381 671672358 
332046381 672247320 
332046381 671672358 
332046381 671672358 
331673187 671672358 
331673187 671433236 
331673187 671433236 
331673187 671672358 
331673187 671672358 
332046381 671672358 
332046381 671672358 
331673187 671433236 
332046381 671672358 
332046381 671672358 
332046381 671672358 
332193221 671672358 
332193221 672247320 
332193221 671672358 
333041809 671672358 
333041809 672247320 
332193221 671672358 
333041809 671672358 
333041809 671672358 
332193221 671433236 
333041809 671433236 
333041809 671433236 
333041809 671433236 
333041809 671433236 
333041809 671433236 
333041809 671433236 
333241213 671672358 
333041809 671672358 
332193221 671433236 
333041809 671672358 
332193221 671672358 
332193221 671672358 
332193221 671672358 
332193221 672247320 
332193221 672247320 
332193221 672247320 
332193221 672247320 
332046381 671672358 
332046381 671672358 
331673187 671672358 
