917859924 917859924 
917859924 927366200 
275624660 917859924 
674431492 917859924 
517356383 917859924 
517356383 674431492 
656332980 674431492 
656332980 781040984 
656332980 710504899 
656332980 710504899 
656332980 781040984 
656332980 710504899 
656332980 710504899 
656332980 770229517 
656332980 770229517 
656332980 770229517 
656332980 770229517 
517356383 710504899 
517356383 710504899 
464159359 710504899 
441066733 688480391 
464159359 710504899 
441066733 710504899 
288957561 688480391 
441066733 710504899 
441066733 770229517 
288957561 710504899 
441066733 770229517 
418595393 770229517 
418595393 770229517 
441066733 770229517 
418595393 770229517 
418595393 710504899 
418595393 710504899 
288957561 710504899 
288957561 688480391 
288957561 688480391 
278585600 688480391 
275624660 685264805 
278585600 685264805 
275624660 685264805 
275624660 685264805 
275624660 685264805 
275624660 685264805 
275624660 674431492 
275624660 674431492 
275624660 685264805 
275624660 674431492 
275624660 674431492 
275624660 674431492 
260864937 669055013 
260864937 669055013 
260864937 674431492 
260864937 674431492 
275624660 685264805 
260864937 685264805 
254936842 674431492 
260864937 674431492 
260864937 685264805 
254936842 674431492 
254936842 674431492 
254936842 674431492 
254936842 674431492 
254936842 674431492 
253567289 674431492 
253567289 669055013 
254936842 669055013 
254936842 674431492 
254936842 669055013 
260864937 669055013 
260864937 669055013 
260864937 656332980 
275624660 669055013 
275624660 669055013 
275624660 656332980 
275624660 656332980 
275624660 656332980 
260864937 642724236 
275624660 642724236 
265598633 642724236 
265598633 627769863 
265598633 627769863 
265598633 627769863 
265598633 627769863 
265687068 642724236 
265598633 642724236 
260864937 627769863 
260864937 627769863 
260864937 642724236 
260864937 642724236 
265598633 656332980 
265598633 669055013 
265598633 656332980 
265687068 656332980 
265687068 656332980 
265687068 642724236 
274587393 642724236 
274587393 656332980 
274587393 642724236 
275624660 642724236 
275624660 656332980 
275624660 656332980 
275624660 656332980 
275624660 656332980 
274587393 642724236 
274587393 642724236 
265687068 642724236 
265687068 642724236 
274587393 642724236 
274587393 656332980 
274587393 642724236 
275624660 656332980 
274587393 656332980 
265687068 642724236 
274587393 656332980 
274587393 656332980 
274587393 656332980 
274587393 656332980 
274587393 669055013 
274587393 656332980 
275624660 656332980 
275624660 656332980 
275624660 656332980 
275624660 656332980 
274587393 656332980 
265687068 642724236 
274587393 642724236 
274587393 642724236 
274587393 642724236 
275624660 656332980 
275624660 656332980 
275624660 642724236 
275624660 642724236 
275624660 642724236 
274587393 641464358 
275624660 641464358 
274587393 641464358 
274587393 641464358 
274587393 641464358 
265687068 641464358 
265687068 641464358 
265687068 641464358 
265687068 641464358 
265687068 641464358 
274587393 642724236 
274587393 642724236 
274587393 642724236 
275624660 642724236 
275624660 642724236 
275624660 642724236 
275624660 642724236 
274587393 642724236 
274587393 642724236 
275624660 656332980 
275624660 669055013 
275624660 669055013 
278585600 669055013 
278585600 669890041 
278585600 669055013 
286747188 669055013 
286747188 669055013 
286747188 669055013 
287675339 669055013 
286747188 669055013 
278585600 656332980 
286747188 656332980 
278585600 656332980 
278585600 656332980 
278585600 656332980 
278585600 669055013 
278585600 656332980 
286747188 656332980 
286747188 669055013 
278585600 656332980 
286747188 669055013 
286747188 669055013 
286747188 656332980 
287675339 656332980 
287675339 656332980 
287675339 656332980 
288957561 656332980 
288957561 669055013 
288957561 656332980 
289204361 669055013 
288957561 669055013 
288957561 656332980 
288957561 656332980 
288957561 669055013 
288957561 669055013 
289204361 669890041 
289204361 669890041 
289204361 669890041 
289204361 669890041 
289204361 674431492 
289204361 669890041 
289443183 669890041 
289443183 669890041 
289204361 669055013 
289204361 669055013 
288957561 669055013 
288957561 656332980 
289204361 656332980 
289204361 669055013 
289204361 669055013 
289204361 669055013 
289204361 669055013 
289204361 669055013 
289443183 669890041 
289204361 669890041 
289204361 669055013 
289443183 669055013 
289443183 669890041 
289443183 669890041 
298647013 669890041 
298647013 674431492 
298647013 674431492 
305442593 674431492 
298647013 674431492 
298647013 674431492 
305442593 681712689 
298647013 681712689 
298647013 674431492 
305442593 681712689 
298647013 681712689 
298647013 674431492 
305442593 674431492 
305442593 681712689 
305442593 674431492 
319112208 674431492 
319112208 681712689 
305442593 674431492 
305442593 674431492 
305442593 674431492 
305442593 674431492 
319112208 674431492 
305442593 674431492 
298647013 669890041 
305442593 669890041 
305442593 669890041 
305442593 669890041 
319112208 669890041 
319112208 674431492 
319112208 674431492 
346562574 679120525 
319112208 679120525 
305442593 674431492 
319112208 674431492 
319112208 679120525 
319112208 679120525 
319112208 679120525 
319112208 681712689 
319112208 679120525 
319112208 679120525 
319112208 681712689 
319112208 681712689 
346562574 685264805 
319112208 685264805 
319112208 681712689 
346562574 681712689 
346562574 685264805 
319112208 681712689 
346562574 681712689 
333912980 681712689 
333912980 679120525 
346562574 681712689 
346562574 685264805 
346562574 685264805 
348346817 685264805 
348346817 685264805 
348346817 685264805 
348346817 685264805 
346562574 685264805 
346562574 681712689 
348346817 681712689 
348346817 681712689 
348346817 681712689 
348532563 681712689 
348532563 681712689 
348532563 679120525 
348674768 681712689 
348532563 681712689 
348346817 679120525 
348532563 679120525 
348532563 681712689 
348532563 679120525 
348532563 679120525 
348532563 679120525 
348532563 679120525 
348674768 681712689 
348674768 685264805 
348532563 681712689 
348674768 681712689 
348674768 685264805 
348674768 681712689 
348674768 681712689 
348674768 681712689 
348674768 679120525 
354366404 679120525 
348674768 679120525 
348674768 679120525 
354366404 681712689 
354366404 681712689 
354366404 679120525 
354366404 679120525 
354366404 681712689 
354366404 681712689 
354366404 681712689 
354366404 681712689 
348674768 679120525 
354366404 679120525 
354366404 681712689 
354366404 681712689 
354366404 681712689 
354366404 685264805 
354366404 681712689 
354366404 681712689 
354366404 685264805 
354366404 685264805 
356618717 686202694 
356618717 686202694 
356618717 685264805 
356628137 686202694 
356618717 686202694 
356618717 685264805 
356628137 686202694 
356618717 686202694 
354366404 685264805 
354366404 685264805 
354366404 686202694 
348674768 685264805 
354366404 685264805 
354366404 685264805 
354366404 681712689 
354366404 681712689 
354366404 685264805 
354366404 685264805 
356618717 685264805 
356618717 685264805 
356618717 685264805 
356628137 686202694 
356618717 686202694 
356618717 686202694 
356618717 686202694 
356618717 686202694 
356618717 685264805 
356628137 686202694 
356628137 686685611 
356628137 686202694 
357914100 686202694 
357914100 686202694 
356628137 685264805 
357914100 686202694 
357914100 686202694 
357914100 686202694 
369268752 686685611 
369268752 688480391 
369268752 686685611 
369268752 686685611 
369268752 686685611 
369268752 686685611 
374700971 686685611 
374700971 688480391 
374700971 688480391 
374700971 688480391 
374700971 688480391 
374700971 686685611 
374700971 686685611 
374700971 686685611 
371510526 686202694 
371510526 686202694 
369268752 686202694 
369268752 685681981 
371510526 685681981 
371510526 685681981 
371510526 685264805 
373327131 685264805 
373327131 685681981 
371510526 685264805 
371510526 685264805 
369268752 685264805 
357914100 681712689 
369268752 685264805 
369268752 685264805 
357914100 681712689 
369268752 685264805 
357914100 685264805 
356628137 681712689 
356628137 681712689 
356628137 685264805 
356618717 681712689 
356628137 685264805 
356628137 685681981 
356618717 685264805 
356628137 685681981 
356618717 685681981 
354366404 685264805 
356618717 685681981 
356618717 686202694 
354366404 685681981 
354366404 685681981 
354366404 685681981 
354366404 685681981 
354366404 685681981 
354366404 685681981 
354366404 685681981 
354366404 685681981 
354366404 686202694 
354366404 686202694 
356618717 686202694 
354366404 686202694 
348674768 685681981 
354366404 685681981 
348674768 685681981 
348532563 685264805 
348532563 685264805 
348532563 685264805 
348346817 681712689 
348532563 685264805 
348532563 685681981 
348532563 685264805 
348674768 685264805 
348532563 685264805 
348346817 681712689 
348346817 681712689 
346562574 681712689 
346562574 681712689 
346562574 681712689 
346562574 681712689 
341115104 680292743 
346562574 681712689 
346562574 681712689 
341115104 680292743 
346562574 681712689 
346562574 685264805 
341115104 681712689 
341115104 681712689 
341115104 681712689 
341115104 680292743 
346562574 681712689 
346562574 685264805 
341115104 681712689 
346562574 685264805 
341115104 685264805 
333912980 681712689 
333912980 681712689 
320756617 681712689 
320756617 681712689 
333912980 681712689 
320756617 681712689 
320682281 680292743 
320682281 680292743 
320682281 681712689 
320682281 680292743 
320756617 680292743 
320756617 681712689 
320682281 680292743 
320756617 681712689 
320756617 685264805 
320756617 685264805 
320756617 685264805 
320756617 685681981 
320756617 685264805 
333912980 685681981 
333912980 686202694 
333912980 686202694 
341115104 686202694 
341115104 686202694 
341115104 685681981 
341115104 685681981 
341115104 685681981 
341115104 685681981 
346562574 685681981 
346562574 685681981 
341115104 685264805 
341115104 685264805 
341115104 685264805 
341115104 684807322 
341115104 684807322 
341115104 684807322 
333912980 681712689 
341115104 684807322 
341115104 685264805 
333912980 684807322 
341115104 685264805 
333912980 685264805 
320756617 684807322 
333912980 684807322 
320756617 684807322 
320682281 681712689 
320756617 681712689 
320756617 681712689 
320682281 681064294 
320682281 681064294 
320682281 681064294 
320682281 680292743 
320756617 681064294 
320756617 681064294 
320756617 681064294 
320756617 681064294 
320682281 681064294 
320682281 681064294 
320756617 681712689 
320682281 681712689 
320682281 681064294 
320756617 681064294 
320682281 681064294 
320682281 681064294 
320756617 681712689 
320756617 681712689 
320756617 681064294 
333912980 681064294 
333912980 681712689 
320756617 681064294 
333912980 681712689 
333912980 681712689 
320756617 681064294 
333912980 681064294 
333912980 681712689 
333912980 681712689 
341115104 684807322 
341115104 684807322 
341115104 681712689 
341115104 681712689 
333912980 681712689 
320756617 681064294 
333912980 681712689 
320756617 681712689 
320756617 681064294 
333912980 681712689 
333912980 681712689 
320756617 681064294 
320756617 681064294 
320756617 681064294 
320682281 680292743 
320756617 680292743 
320756617 680292743 
320756617 680292743 
333912980 681064294 
333912980 681064294 
333912980 681064294 
338729413 681712689 
338729413 681712689 
338729413 681064294 
341115104 681712689 
338729413 681712689 
338729413 681064294 
338729413 681064294 
338729413 681712689 
333912980 681064294 
338729413 681712689 
338729413 681712689 
338729413 681064294 
341115104 681712689 
338729413 681712689 
333912980 681064294 
338371189 681064294 
333912980 681064294 
333912980 681064294 
338371189 681064294 
338371189 681712689 
333912980 681064294 
338371189 681064294 
338371189 681064294 
333912980 680292743 
338371189 680292743 
338371189 681064294 
333912980 680292743 
338371189 680292743 
338371189 681064294 
338371189 680292743 
338729413 681064294 
338371189 681064294 
333912980 680292743 
333912980 680292743 
333854913 680292743 
333854913 680292743 
333854913 680292743 
333854913 681064294 
333854913 680292743 
333854913 680292743 
330397748 680292743 
330397748 680292743 
333854913 681064294 
330397748 681064294 
325784129 680292743 
325784129 680292743 
325784129 681064294 
325784129 680292743 
325784129 680292743 
325784129 680292743 
325784129 680292743 
330397748 681064294 
325784129 681064294 
325784129 681064294 
330397748 681064294 
330397748 681064294 
330397748 681064294 
333854913 681064294 
330397748 681064294 
330397748 680292743 
333854913 680292743 
333854913 680292743 
333854913 679120525 
333854913 679120525 
330397748 679120525 
330397748 679120525 
330397748 679120525 
325784129 679120525 
325784129 674958168 
330397748 674958168 
325784129 674958168 
325784129 674431492 
330397748 674431492 
325784129 674431492 
325784129 672587391 
325784129 672587391 
325784129 674431492 
325784129 672587391 
330397748 672587391 
325784129 672587391 
325784129 672587391 
325784129 672587391 
320756617 672587391 
320756617 671200951 
320756617 671200951 
320756617 672587391 
320682281 671200951 
320756617 671200951 
320682281 671200951 
319112208 670725922 
319112208 670725922 
319112208 670725922 
319112208 670725922 
320682281 670725922 
319112208 670725922 
319112208 670725922 
320682281 670725922 
320682281 670725922 
320682281 669890041 
320756617 670725922 
320756617 670725922 
320682281 669890041 
320756617 670725922 
320756617 670725922 
320756617 669890041 
320756617 669890041 
320756617 670725922 
320682281 669890041 
320756617 669890041 
320756617 670725922 
320682281 669890041 
320756617 670725922 
320756617 670725922 
320756617 670725922 
325784129 670725922 
325784129 671200951 
325784129 670725922 
330397748 670725922 
325784129 670725922 
320756617 669890041 
325784129 670725922 
325784129 671200951 
320756617 670725922 
320756617 670725922 
320682281 670725922 
319112208 669890041 
320682281 670725922 
319112208 670725922 
319112208 670725922 
319112208 670725922 
318631403 670725922 
318631403 670725922 
318631403 670725922 
318631403 670725922 
317309182 669890041 
318631403 669890041 
317309182 669890041 
314857598 669055013 
314857598 669055013 
314857598 669055013 
314857598 669055013 
317309182 669055013 
314857598 669055013 
314608133 668718961 
314857598 669055013 
314608133 669055013 
307936329 668718961 
314608133 669055013 
314608133 669055013 
307936329 668718961 
307936329 668718961 
307936329 669055013 
307936329 669055013 
314608133 669890041 
307936329 669890041 
307936329 669055013 
314608133 669890041 
307936329 669890041 
306665609 669055013 
307936329 669890041 
306665609 669890041 
306665609 669055013 
307936329 669890041 
306665609 669890041 
306665609 669890041 
307936329 669890041 
307936329 669890041 
307936329 669890041 
314608133 669890041 
314608133 669890041 
314608133 669055013 
314857598 669055013 
314608133 669055013 
314608133 669055013 
314857598 669055013 
314857598 669890041 
314857598 669890041 
314857598 669890041 
314857598 669890041 
314857598 669055013 
317309182 669890041 
317309182 669890041 
314857598 669055013 
314857598 669055013 
314608133 669055013 
314608133 669055013 
314857598 669890041 
314857598 669890041 
314857598 669055013 
314857598 669055013 
314857598 669890041 
314857598 669890041 
317309182 669890041 
314857598 669890041 
314857598 669055013 
317309182 669890041 
317309182 669890041 
314857598 669055013 
314857598 669055013 
314608133 669055013 
314608133 668718961 
314857598 668718961 
314608133 668718961 
314608133 667358310 
314608133 667358310 
314608133 668718961 
308714309 667358310 
314608133 667358310 
314608133 667358310 
314608133 665764529 
314857598 665764529 
314857598 667358310 
314857598 667358310 
317309182 667358310 
314857598 667358310 
314857598 667358310 
317309182 667358310 
317309182 668718961 
314857598 667358310 
317309182 667358310 
317309182 667358310 
317309182 667358310 
318631403 667358310 
318631403 667358310 
318631403 667358310 
319112208 667358310 
319112208 668718961 
319112208 668718961 
319112208 668718961 
318631403 668718961 
318631403 667358310 
319112208 667358310 
319112208 667358310 
319112208 665764529 
320682281 665764529 
320682281 667358310 
320682281 665764529 
320756617 667358310 
320682281 667358310 
320682281 665764529 
320756617 667358310 
320682281 667358310 
320682281 667358310 
320756617 667358310 
320682281 667358310 
320682281 665764529 
320756617 665764529 
320682281 665764529 
320682281 665764529 
320756617 665764529 
320756617 665764529 
320756617 660535922 
321358491 660535922 
320756617 660535922 
320756617 658030328 
321358491 660535922 
321358491 665764529 
321358491 660535922 
324508663 660535922 
324508663 665764529 
324508663 660535922 
325784129 660535922 
325784129 660535922 
325784129 660535922 
325784129 660535922 
324508663 660535922 
321358491 658030328 
324508663 658030328 
324508663 660535922 
324508663 660535922 
325784129 660535922 
324508663 660535922 
324508663 660535922 
325784129 660535922 
324508663 660535922 
324508663 660535922 
325784129 661666177 
325784129 661666177 
325784129 660535922 
330397748 661666177 
330397748 661666177 
325784129 660535922 
330397748 661666177 
330397748 661666177 
330397748 661666177 
333854913 665764529 
333854913 665764529 
330397748 661666177 
333854913 661666177 
333854913 661666177 
333854913 661666177 
333854913 661666177 
330397748 661666177 
330397748 661666177 
330397748 661666177 
330397748 665764529 
330397748 661666177 
333854913 665764529 
333854913 665764529 
330397748 661666177 
330397748 661666177 
330397748 665764529 
325784129 661666177 
330397748 665764529 
330397748 665764529 
325784129 661666177 
330397748 665764529 
325784129 665764529 
325784129 661666177 
330397748 665764529 
330397748 667358310 
330397748 667358310 
330397748 667358310 
330397748 667358310 
330397748 665764529 
333854913 665764529 
333854913 665764529 
333854913 661666177 
333854913 661666177 
330397748 661666177 
330397748 661666177 
333854913 665764529 
333854913 665764529 
333854913 661666177 
333912980 665764529 
333854913 665764529 
330397748 661666177 
332097481 661666177 
332097481 665764529 
332097481 665764529 
333854913 665764529 
333854913 665764529 
332097481 661666177 
333854913 661666177 
332097481 661666177 
330397748 660535922 
332097481 661666177 
332097481 665764529 
332097481 661666177 
333854913 661666177 
332097481 661666177 
330397748 660535922 
332097481 660535922 
332097481 660535922 
332097481 658030328 
333854913 660535922 
333854913 660535922 
333854913 660535922 
333854913 660535922 
332097481 660535922 
332097481 658030328 
333854913 658030328 
332097481 658030328 
332097481 657456769 
333854913 657456769 
333854913 658030328 
332097481 657456769 
332097481 657456769 
332097481 658030328 
332097481 658030328 
333854913 658030328 
333854913 658030328 
333854913 657456769 
333854913 657456769 
332097481 657456769 
332097481 657456769 
333854913 657456769 
332097481 657456769 
332097481 656349471 
332097481 656349471 
332097481 656349471 
332097481 656349471 
332097481 656349471 
332097481 657456769 
330397748 656349471 
330397748 656349471 
330397748 656349471 
325784129 656332980 
330397748 656332980 
330397748 656349471 
325784129 656332980 
330397748 656332980 
330397748 656349471 
325784129 656332980 
330397748 656349471 
330397748 656349471 
330397748 656349471 
332097481 657456769 
332097481 657456769 
332097481 656349471 
333854913 656349471 
333854913 657456769 
332097481 656349471 
333854913 657456769 
333854913 657456769 
332097481 656349471 
333854913 656349471 
332097481 656349471 
332097481 656349471 
332097481 656349471 
332097481 657456769 
332097481 656349471 
333854913 656349471 
333854913 657456769 
333854913 656349471 
333912980 657456769 
333912980 658030328 
333912980 658030328 
334378269 658030328 
334378269 660535922 
334378269 658030328 
334580619 658030328 
334378269 658030328 
334378269 657456769 
334378269 657456769 
333912980 657456769 
333912980 657456769 
334378269 658030328 
334378269 658030328 
333912980 657456769 
334378269 657456769 
333912980 657456769 
333854913 656349471 
333912980 657456769 
333854913 657456769 
333854913 656349471 
333854913 656349471 
332097481 656349471 
332097481 656349471 
332097481 656349471 
332097481 657456769 
332097481 657456769 
333854913 657456769 
332097481 657456769 
330397748 656349471 
332097481 657456769 
332097481 657456769 
332097481 656349471 
333854913 656349471 
333854913 657456769 
333854913 656349471 
333912980 656349471 
333912980 656349471 
333854913 656332980 
333912980 656332980 
333854913 656332980 
333854913 654088840 
333912980 656332980 
333912980 656349471 
333912980 656332980 
334378269 656332980 
334378269 656332980 
334378269 654088840 
334378269 654088840 
334378269 654088840 
334378269 654088840 
334580619 656332980 
334580619 656332980 
334580619 654088840 
336199119 656332980 
336199119 656349471 
336199119 656349471 
337557043 657456769 
337557043 657456769 
337557043 656349471 
338371189 657276290 
337557043 657276290 
337557043 656349471 
338371189 656349471 
338371189 657276290 
337557043 656349471 
338371189 656349471 
337557043 656349471 
336199119 656332980 
336199119 656332980 
336199119 656332980 
336199119 654088840 
337557043 654088840 
337557043 654088840 
337557043 654088840 
338371189 654088840 
337557043 654088840 
337557043 653919532 
337557043 653919532 
337557043 654088840 
337557043 654088840 
338371189 654088840 
337557043 654088840 
337557043 654088840 
338371189 654088840 
338371189 656332980 
337557043 654088840 
338371189 656332980 
338371189 656349471 
338371189 656332980 
338729413 656332980 
338729413 656349471 
338729413 656332980 
339224058 656332980 
339224058 656332980 
338729413 654088840 
339224058 656332980 
338729413 656332980 
338371189 654088840 
338729413 656332980 
338729413 656332980 
338371189 654088840 
338371189 654088840 
338371189 656332980 
337557043 654088840 
338371189 654088840 
337557043 654088840 
337557043 654088840 
338371189 654088840 
338371189 654088840 
337557043 653919532 
338371189 653919532 
338371189 654088840 
338371189 653919532 
338371189 653919532 
338371189 653919532 
338371189 652554668 
338729413 652554668 
338371189 652554668 
337557043 649614801 
338371189 649614801 
338371189 652554668 
337557043 649614801 
338371189 649614801 
337557043 649614801 
337557043 649614801 
337557043 649614801 
336199119 649614801 
336199119 648275926 
337557043 649614801 
337557043 652554668 
337557043 652554668 
338371189 652554668 
338371189 653919532 
338371189 652554668 
338729413 653919532 
338729413 653919532 
338371189 652554668 
338729413 653919532 
338729413 653919532 
338729413 653919532 
339224058 654088840 
339224058 654088840 
339224058 653919532 
340393279 653919532 
340393279 653919532 
340393279 653919532 
341115104 654088840 
341115104 656332980 
341115104 654088840 
341732467 656332980 
341732467 656332980 
341732467 656332980 
341732467 656332980 
341732467 656332980 
341732467 656332980 
343516400 656332980 
343516400 656349471 
343516400 656349471 
343539498 656349471 
343516400 656349471 
343516400 656332980 
343539498 656349471 
343539498 656349471 
343539498 656349471 
343539498 656349471 
343539498 657276290 
343516400 656349471 
343516400 656349471 
343516400 656349471 
341732467 656332980 
343516400 656349471 
343516400 656349471 
341732467 656332980 
343516400 656349471 
341732467 656349471 
341732467 656332980 
341732467 656332980 
341732467 656332980 
341115104 654088840 
341732467 656332980 
341732467 656349471 
341732467 656349471 
341732467 656349471 
341732467 656349471 
341732467 656332980 
343516400 656349471 
343516400 656349471 
341732467 656332980 
343516400 656349471 
341732467 656349471 
341115104 656332980 
341115104 656332980 
340393279 656332980 
340393279 654088840 
341115104 656332980 
341115104 656349471 
341115104 656349471 
341732467 657276290 
341115104 657276290 
341115104 657276290 
341732467 657276290 
341732467 657456769 
341115104 657276290 
341732467 657276290 
341115104 657276290 
341115104 657276290 
341732467 657276290 
341732467 657276290 
341732467 656349471 
343516400 657276290 
341732467 657276290 
341732467 657276290 
343516400 657456769 
343516400 657456769 
343516400 657276290 
343516400 657276290 
343516400 657456769 
343516400 657456769 
343539498 658030328 
343539498 660535922 
343516400 658030328 
343539498 660535922 
343539498 661666177 
343539498 661666177 
346562574 661666177 
346562574 661666177 
343539498 660535922 
346562574 661666177 
343539498 661666177 
343539498 661666177 
346562574 661666177 
343539498 661666177 
343516400 660535922 
343516400 660535922 
343516400 661666177 
341732467 660535922 
343516400 661666177 
343516400 662353701 
341732467 661666177 
343516400 662353701 
343516400 662353701 
343516400 661666177 
343516400 661666177 
341732467 661666177 
341115104 660535922 
341115104 660535922 
340393279 660535922 
340393279 660535922 
341115104 661666177 
340393279 661666177 
339224058 660535922 
340393279 661666177 
339224058 661666177 
339224058 661666177 
340393279 661666177 
340393279 661666177 
339224058 660535922 
339224058 660535922 
339224058 660535922 
339224058 658030328 
340393279 660535922 
340393279 661666177 
340393279 660535922 
341115104 661666177 
341115104 661666177 
340393279 660535922 
341115104 661666177 
340393279 661666177 
340393279 661666177 
341115104 661666177 
340393279 661666177 
340393279 661666177 
341115104 661666177 
340393279 661666177 
340393279 660535922 
340393279 660535922 
339224058 660535922 
338729413 658030328 
339224058 660535922 
338729413 660535922 
338371189 658030328 
338729413 660535922 
338729413 660535922 
338729413 658030328 
339224058 658030328 
338729413 658030328 
338371189 657456769 
338729413 658030328 
338729413 658030328 
338729413 658030328 
339224058 658030328 
338729413 658030328 
338729413 657456769 
339224058 657456769 
339224058 658030328 
339224058 658030328 
339224058 658030328 
339224058 660535922 
339224058 660535922 
339224058 660535922 
339224058 660535922 
339224058 660535922 
340393279 660535922 
339224058 660535922 
339224058 660535922 
340393279 661666177 
340393279 662353701 
340393279 661666177 
341115104 662353701 
341115104 662353701 
341115104 662353701 
341732467 662353701 
341732467 665764529 
341115104 662353701 
341732467 665764529 
341732467 665764529 
341732467 662353701 
343131152 665764529 
341732467 665764529 
341732467 662353701 
343131152 662353701 
341732467 662353701 
341115104 661666177 
341115104 661666177 
341115104 661666177 
341115104 661666177 
341732467 662353701 
341115104 662353701 
341115104 662353701 
341732467 662353701 
341115104 662353701 
341115104 662353701 
341115104 662353701 
341115104 662353701 
340393279 661666177 
340393279 661666177 
339271036 661666177 
339271036 660535922 
340393279 660535922 
340393279 661666177 
340393279 661666177 
340393279 661666177 
340393279 661666177 
340393279 661666177 
340393279 661666177 
340393279 662353701 
340393279 661666177 
341115104 662353701 
341115104 665764529 
340393279 662353701 
341115104 662353701 
341115104 665764529 
340393279 662353701 
341115104 665764529 
341115104 665764529 
340393279 662353701 
341115104 665764529 
341115104 665764529 
341115104 662353701 
341732467 662353701 
341732467 662353701 
341115104 661666177 
341115104 661666177 
340393279 661666177 
340393279 661666177 
341115104 661666177 
341115104 661666177 
341115104 661666177 
341732467 661666177 
341732467 661666177 
341115104 660535922 
341732467 661666177 
341732467 661666177 
341732467 661666177 
343131152 661666177 
341732467 661666177 
341115104 660535922 
341732467 661666177 
341732467 661666177 
341732467 660535922 
343131152 661666177 
341732467 661666177 
341732467 661666177 
343131152 661666177 
343131152 661666177 
341732467 660535922 
341732467 660535922 
341732467 660535922 
341732467 659136728 
341732467 659136728 
341732467 659136728 
341115104 658030328 
341115104 658030328 
341115104 658030328 
340393279 657456769 
341115104 658030328 
341115104 658030328 
340393279 657456769 
341115104 658030328 
341115104 659136728 
341115104 659136728 
341732467 660535922 
341115104 660535922 
340393279 659136728 
341115104 660535922 
341115104 660535922 
341115104 660535922 
341732467 660535922 
341115104 660535922 
340649879 659136728 
340649879 659136728 
340649879 659136728 
340649879 659136728 
341115104 660535922 
341115104 660535922 
341115104 659136728 
341732467 660535922 
341732467 661666177 
341732467 660535922 
343131152 661666177 
343131152 662297513 
341732467 661666177 
343131152 661666177 
341732467 661666177 
341732467 660535922 
341732467 660535922 
341732467 661666177 
341115104 660535922 
341732467 660535922 
341732467 660535922 
341115104 659136728 
341115104 659136728 
340649879 659136728 
340393279 658030328 
340393279 658030328 
340393279 659136728 
340393279 658030328 
340393279 658030328 
339271036 658030328 
339271036 658030328 
340393279 659136728 
339271036 659136728 
339224058 658030328 
339271036 658030328 
339271036 659136728 
339271036 658030328 
340393279 659136728 
339271036 659136728 
339271036 658030328 
340393279 659136728 
339271036 659136728 
339271036 658030328 
340393279 659136728 
340393279 660535922 
339271036 659136728 
339271036 659136728 
339271036 659136728 
339271036 659136728 
339271036 659136728 
339224058 659136728 
339224058 659136728 
339271036 660535922 
339271036 661666177 
339271036 660535922 
339271036 660535922 
339224058 660535922 
339224058 659136728 
339271036 660535922 
339271036 661666177 
339224058 660535922 
339224058 660535922 
339224058 660535922 
338729413 659136728 
339224058 660535922 
339224058 660535922 
338729413 659136728 
339224058 660535922 
338729413 660535922 
338729413 660535922 
338729413 660535922 
338729413 660535922 
338371189 659136728 
338371189 659136728 
338371189 659136728 
338371189 659136728 
338729413 659136728 
338371189 659136728 
337557043 658030328 
338371189 658030328 
338371189 658030328 
338371189 657456769 
338729413 657456769 
338729413 657456769 
338729413 657456769 
339224058 658030328 
339224058 659136728 
338729413 658030328 
338729413 658030328 
338371189 658030328 
338371189 658030328 
338729413 658030328 
338729413 658030328 
338729413 658030328 
339224058 658030328 
338729413 658030328 
338729413 657456769 
339224058 658030328 
339224058 659136728 
339224058 659136728 
339224058 659136728 
338729413 659136728 
338371189 658030328 
338729413 658030328 
338729413 659136728 
338729413 658030328 
339224058 658030328 
338729413 658030328 
338729413 657456769 
339224058 657456769 
338729413 657456769 
338371189 657276290 
338371189 657276290 
338371189 657456769 
337557043 657276290 
338371189 657456769 
338371189 657456769 
338371189 657276290 
338729413 657456769 
338729413 658030328 
338371189 657456769 
338729413 658030328 
338729413 659136728 
338729413 658030328 
338729413 658030328 
338729413 659136728 
338371189 658030328 
338729413 659136728 
338729413 660535922 
338371189 659136728 
338729413 659136728 
338729413 660535922 
338729413 660535922 
338729413 660535922 
338729413 660535922 
338729413 659136728 
338729413 659136728 
338729413 660535922 
338371189 659136728 
338371189 659136728 
337557043 659136728 
337557043 658030328 
337557043 658030328 
337557043 659136728 
336199119 658030328 
336199119 658030328 
336199119 658030328 
336199119 657456769 
336199119 657456769 
336199119 658030328 
336199119 658030328 
337557043 659136728 
336199119 659136728 
336199119 658030328 
337557043 658030328 
337557043 659136728 
337557043 659136728 
338371189 659136728 
338371189 659136728 
338371189 659136728 
338371189 659136728 
338371189 659136728 
338371189 659136728 
338729413 659136728 
338729413 660535922 
338371189 659136728 
338729413 660535922 
338729413 661666177 
338371189 660535922 
338371189 660535922 
338371189 661666177 
337557043 660535922 
338371189 661666177 
338371189 661666177 
338371189 660535922 
338729413 660535922 
338729413 660535922 
338371189 659136728 
338371189 659136728 
337557043 659136728 
336199119 658030328 
337557043 658030328 
337557043 659136728 
336199119 658030328 
337557043 658030328 
337557043 659136728 
337557043 658030328 
338371189 658030328 
338371189 659136728 
338371189 659136728 
338371189 659136728 
338371189 660535922 
338371189 659136728 
338729413 659136728 
338729413 660535922 
338729413 659136728 
338729413 659136728 
338371189 659136728 
338371189 658030328 
338729413 659136728 
338371189 659136728 
338371189 659136728 
338729413 659136728 
338371189 659136728 
338371189 658030328 
338371189 658030328 
337557043 658030328 
337557043 658030328 
337557043 658030328 
336199119 658030328 
336199119 657456769 
337557043 658030328 
337557043 659136728 
336199119 658030328 
337557043 659136728 
337557043 659136728 
337557043 658030328 
338371189 659136728 
337557043 659136728 
337557043 659136728 
337557043 659136728 
336199119 659136728 
335447133 658030328 
336199119 658676343 
335447133 658676343 
334580619 658030328 
335447133 658676343 
335447133 659136728 
335447133 658676343 
336199119 658676343 
336199119 659136728 
335447133 658676343 
336199119 658676343 
336199119 659136728 
336199119 659136728 
337557043 660535922 
337557043 661666177 
337557043 660535922 
338371189 660535922 
338371189 661666177 
337557043 660535922 
338371189 661666177 
338371189 661666177 
337557043 660535922 
337557043 660535922 
337557043 660535922 
337557043 660535922 
337557043 660535922 
337557043 661666177 
337557043 660535922 
338371189 660535922 
338371189 660535922 
338371189 660535922 
338729413 660535922 
338371189 660535922 
338371189 659136728 
338371189 659136728 
338371189 660535922 
338371189 660535922 
338729413 661666177 
338729413 662297513 
338729413 662297513 
338729413 662297513 
338729413 662353701 
338371189 662297513 
338729413 662353701 
338371189 662353701 
338371189 662297513 
338729413 662297513 
338371189 662297513 
338371189 661666177 
338729413 662297513 
338371189 662297513 
337557043 661666177 
337557043 661666177 
337557043 661666177 
337557043 661666177 
337557043 661666177 
336199119 661666177 
335447133 660535922 
335447133 660535922 
334580619 660535922 
334580619 660535922 
335447133 660535922 
335447133 661666177 
334580619 660535922 
335447133 661666177 
334580619 661666177 
334378269 660535922 
334580619 660535922 
334580619 660535922 
334378269 659136728 
334580619 659136728 
334580619 660535922 
334378269 659136728 
334378269 659136728 
334378269 660535922 
334378269 659136728 
334580619 659136728 
334378269 659136728 
334378269 659136728 
334580619 660535922 
334580619 661666177 
334580619 660535922 
334580619 660535922 
334580619 660535922 
334378269 659136728 
334580619 660535922 
334378269 660535922 
334378269 660535922 
334378269 660535922 
334378269 661666177 
333912980 660535922 
334378269 660535922 
333912980 660535922 
333912980 660535922 
333912980 660535922 
333912980 661666177 
333912980 661666177 
333912980 661666177 
333912980 661666177 
333854913 660535922 
333854913 660535922 
333854913 661666177 
333854913 660535922 
333912980 660535922 
333854913 660535922 
333854913 659136728 
333912980 660535922 
333912980 661666177 
333912980 660535922 
333912980 660535922 
333912980 660535922 
333912980 660535922 
333912980 660535922 
333912980 660535922 
333854913 659136728 
333912980 659136728 
333912980 659136728 
333912980 658676343 
334378269 659136728 
333912980 659136728 
333912980 658676343 
334378269 658676343 
334378269 659136728 
334378269 658676343 
334378269 658676343 
334378269 658676343 
333912980 658030328 
334378269 658030328 
334378269 658676343 
334378269 658030328 
334378269 658030328 
334378269 658030328 
334378269 657456769 
334580619 658030328 
334580619 658030328 
334378269 657456769 
334580619 658030328 
334580619 658030328 
334378269 657456769 
334580619 658030328 
334378269 658030328 
334378269 658030328 
334580619 658676343 
334378269 658676343 
334378269 658030328 
334580619 658030328 
334580619 658676343 
334580619 658676343 
334720106 658676343 
334720106 659136728 
334720106 659136728 
334720106 659136728 
334720106 659136728 
334720106 659136728 
335447133 660535922 
335447133 661666177 
335447133 660535922 
335447133 660535922 
335447133 661666177 
335447133 660535922 
335447133 660535922 
334720106 660535922 
334720106 660535922 
334720106 660535922 
334720106 661666177 
334720106 661666177 
335447133 661666177 
334720106 661666177 
334580619 660535922 
334720106 660535922 
334580619 660535922 
334580619 660535922 
334720106 660535922 
334580619 660535922 
334378269 659136728 
334378269 659136728 
334378269 660535922 
334378269 660535922 
334378269 660535922 
333912980 660535922 
333912980 660535922 
333912980 660535922 
333912980 661666177 
333912980 660535922 
334378269 661666177 
333912980 661666177 
333912980 660535922 
334378269 661666177 
333912980 661666177 
333912980 660535922 
333912980 660535922 
333912980 660535922 
333912980 660535922 
334378269 660535922 
334378269 661666177 
334378269 660535922 
334580619 661666177 
334580619 661666177 
334580619 661666177 
334720106 662297513 
334720106 662353701 
334720106 662297513 
335447133 662297513 
335447133 662297513 
335447133 661666177 
336199119 662297513 
336199119 662297513 
335447133 661666177 
335447133 661666177 
334720106 661666177 
334720106 661666177 
335447133 662297513 
334720106 662297513 
334580619 661666177 
334720106 662297513 
334720106 662297513 
334720106 661666177 
334720106 661666177 
334580619 661666177 
334580619 660535922 
334720106 660535922 
334720106 660535922 
334580619 659136728 
334720106 659136728 
334720106 659136728 
334720106 659136728 
335447133 659136728 
335447133 659136728 
335447133 658676343 
336199119 659136728 
336199119 660535922 
335447133 659136728 
336199119 659136728 
335447133 659136728 
335447133 658676343 
336199119 659136728 
336199119 659136728 
336199119 658676343 
336199119 658676343 
336199119 659136728 
336199119 658676343 
336199119 658676343 
336199119 659136728 
336199119 659136728 
337438661 659136728 
336199119 659136728 
336199119 658676343 
337438661 658676343 
337438661 659136728 
337438661 658676343 
337557043 658676343 
337438661 658676343 
336199119 658030328 
337438661 658030328 
337438661 658030328 
337438661 657456769 
337557043 658030328 
337438661 658030328 
337438661 657456769 
337557043 657456769 
337557043 657456769 
337438661 657276290 
337557043 657456769 
337557043 657456769 
337557043 657456769 
338371189 657456769 
338371189 657456769 
338371189 657456769 
338729413 658030328 
338371189 658030328 
337557043 657456769 
337557043 657456769 
337557043 657456769 
337557043 657276290 
338371189 657276290 
338371189 657456769 
338371189 657456769 
338729413 657456769 
338729413 658030328 
338729413 658030328 
338758851 658676343 
338729413 658676343 
338371189 658030328 
338371189 658030328 
338371189 658676343 
338371189 658030328 
338729413 658676343 
338729413 658676343 
338729413 658030328 
338758851 658676343 
338758851 659136728 
338729413 658676343 
338758851 659136728 
338758851 660535922 
338729413 659136728 
338729413 659136728 
338371189 659136728 
338371189 658676343 
338371189 658676343 
337557043 658676343 
337438661 658030328 
337557043 658676343 
337557043 658676343 
337557043 658676343 
337557043 658676343 
337438661 658676343 
337438661 658676343 
337557043 658676343 
337557043 658676343 
337557043 658676343 
338371189 658676343 
337557043 658676343 
337438661 658030328 
337438661 658030328 
337438661 658030328 
336199119 657456769 
337438661 658030328 
336199119 658030328 
336199119 658030328 
337438661 658676343 
337438661 658676343 
336199119 658030328 
337438661 658676343 
337438661 659136728 
337438661 659136728 
337557043 659136728 
337557043 659136728 
337438661 658676343 
337557043 658676343 
337438661 658676343 
336199119 658030328 
336199119 658030328 
335447133 658030328 
334720106 657456769 
335447133 658030328 
335447133 658030328 
334720106 657456769 
334720106 657456769 
334720106 657456769 
334720106 657456769 
334720106 657456769 
334580619 657456769 
334580619 657456769 
334720106 657456769 
334720106 658030328 
334580619 657456769 
334580619 657456769 
334580619 657456769 
334580619 657456769 
334720106 657456769 
334720106 657456769 
334720106 657276290 
335447133 657456769 
335447133 657456769 
335447133 657456769 
336199119 658030328 
336199119 658030328 
335447133 657456769 
336199119 657456769 
336199119 658030328 
335447133 657456769 
335447133 657456769 
335447133 658030328 
335447133 658030328 
336199119 658676343 
335447133 658676343 
334720106 658030328 
335447133 658676343 
335447133 659136728 
334720106 658676343 
335447133 658676343 
334720106 658676343 
334720106 658676343 
334720106 658676343 
334720106 658676343 
334580619 658030328 
334720106 658676343 
334720106 658676343 
334580619 658030328 
334720106 658030328 
334720106 658030328 
334720106 658030328 
335447133 658676343 
335447133 659136728 
335447133 659136728 
336199119 659136728 
336199119 660535922 
336199119 659136728 
337438661 660535922 
337438661 661666177 
337438661 661666177 
337557043 662297513 
337438661 662297513 
337438661 661666177 
337557043 661666177 
337557043 661666177 
337557043 661666177 
338371189 661666177 
338371189 662297513 
337557043 661666177 
338371189 661666177 
338371189 662297513 
337557043 661666177 
337557043 661666177 
337557043 661666177 
337557043 660535922 
338371189 661666177 
338371189 661666177 
338371189 661666177 
338484065 662297513 
338484065 662353701 
338484065 662353701 
338729413 662353701 
338729413 662353701 
338729413 662297513 
338758851 662353701 
338758851 662443861 
338729413 662353701 
338758851 662353701 
338729413 662353701 
338484065 662297513 
338729413 662353701 
338484065 662353701 
338484065 662297513 
338729413 662297513 
338484065 662297513 
338484065 662297513 
338729413 662297513 
338729413 662297513 
338729413 661666177 
338758851 661666177 
338729413 661666177 
338484065 660535922 
338729413 661666177 
338484065 661666177 
338484065 660535922 
338729413 660535922 
338729413 661666177 
338729413 660535922 
338758851 661666177 
338758851 662297513 
338758851 662297513 
338915388 662353701 
338915388 662443861 
338915388 662353701 
338979326 662443861 
338979326 662443861 
338915388 662353701 
338979326 662353701 
338979326 662353701 
338979326 662353701 
339224058 662443861 
339224058 662443861 
338979326 662353701 
339224058 662443861 
339224058 662443861 
339224058 662443861 
339224058 662443861 
339224058 662443861 
339224058 662353701 
339271036 662443861 
339271036 662600504 
339224058 662443861 
339224058 662443861 
339224058 662443861 
339224058 662443861 
339224058 662443861 
339224058 662600504 
339224058 662443861 
339271036 662443861 
339224058 662443861 
339224058 662443861 
339271036 662443861 
339271036 662600504 
339271036 662600504 
339271036 662600504 
339271036 662600504 
339271036 662443861 
339271036 662443861 
339224058 662443861 
339224058 662443861 
339271036 662443861 
339271036 662443861 
339224058 662353701 
339224058 662353701 
338979326 662353701 
338979326 662353701 
339224058 662443861 
339224058 662600504 
339224058 662443861 
339271036 662443861 
339271036 662443861 
339271036 662353701 
339271036 662353701 
339271036 662443861 
339271036 662443861 
339271036 662443861 
339271036 662600504 
339271036 662443861 
340393279 662443861 
340393279 662443861 
340393279 662353701 
340649879 662353701 
340393279 662353701 
340393279 662353701 
340649879 662443861 
340649879 662443861 
340649879 662443861 
341115104 662443861 
340649879 662443861 
340649879 662443861 
340649879 662443861 
340393279 662443861 
340393279 662443861 
340649879 662443861 
340393279 662443861 
340393279 662443861 
340393279 662443861 
339271036 662443861 
339224058 662353701 
339271036 662353701 
339224058 662353701 
338979326 662297513 
338979326 662297513 
338979326 662297513 
338979326 662297513 
339224058 662297513 
339224058 662353701 
338979326 662297513 
339224058 662353701 
339224058 662443861 
339224058 662353701 
339224058 662353701 
339224058 662443861 
339224058 662443861 
339271036 662443861 
339271036 662443861 
339271036 662443861 
340393279 662443861 
340393279 662600504 
340393279 662600504 
340649879 662600504 
340649879 663085116 
340393279 662600504 
340649879 662600504 
340649879 662600504 
340393279 662443861 
340393279 662443861 
339271036 662443861 
339224058 662353701 
339271036 662353701 
339224058 662353701 
339224058 662297513 
339271036 662297513 
339224058 662297513 
339224058 661666177 
339271036 661666177 
339224058 661666177 
339224058 660535922 
339271036 661666177 
339271036 661666177 
339224058 660535922 
339224058 660535922 
338979326 660535922 
338979326 660535922 
339224058 660535922 
339224058 661666177 
338979326 660535922 
339224058 661666177 
339224058 661666177 
338979326 660535922 
339224058 660535922 
338979326 660535922 
338915388 659136728 
338979326 659136728 
338979326 660535922 
338979326 660535922 
339224058 661666177 
339224058 661666177 
338979326 660535922 
338979326 660535922 
338979326 660535922 
338979326 659136728 
339224058 660535922 
339224058 660535922 
338979326 659136728 
339224058 659136728 
339224058 659136728 
338979326 658676343 
339224058 659136728 
338979326 659136728 
338979326 659136728 
339224058 660535922 
339224058 661666177 
338979326 660535922 
339224058 660535922 
339224058 661666177 
338979326 660535922 
339224058 661666177 
338979326 661666177 
338979326 660535922 
339224058 661666177 
339224058 662297513 
339224058 661666177 
339224058 661666177 
339224058 662297513 
338979326 661666177 
339224058 662297513 
338979326 662297513 
338979326 661666177 
339224058 661666177 
339224058 662297513 
339224058 662297513 
339224058 662297513 
339224058 662353701 
339224058 662353701 
339271036 662353701 
339224058 662353701 
338979326 662297513 
338979326 662297513 
338979326 662297513 
338915388 661666177 
338979326 661666177 
338979326 662297513 
338979326 661666177 
339224058 662297513 
338979326 662297513 
338915388 661666177 
338915388 661666177 
338915388 662297513 
338915388 662297513 
338915388 662297513 
338915388 662353701 
338915388 662297513 
338979326 662353701 
338979326 662443861 
338915388 662353701 
338915388 662353701 
338758851 662353701 
338729413 662297513 
338729413 662297513 
338729413 662297513 
338484065 661666177 
338729413 662297513 
338484065 662297513 
338484065 661666177 
338729413 661666177 
338484065 661666177 
338484065 661666177 
338484065 661666177 
338371189 661666177 
338371189 660535922 
338371189 660535922 
337557043 660535922 
337557043 659136728 
337557043 659136728 
337557043 659136728 
337557043 658676343 
337557043 658676343 
337438661 658676343 
336199119 658030328 
337438661 658030328 
337438661 658676343 
337438661 658676343 
337557043 659136728 
337557043 660535922 
337557043 660535922 
337557043 660535922 
337557043 661666177 
337438661 660535922 
337557043 660535922 
337557043 660535922 
337557043 660535922 
338371189 660535922 
338371189 661666177 
338371189 660535922 
338484065 661666177 
338484065 662297513 
338484065 661666177 
338729413 662297513 
338729413 662353701 
338484065 662297513 
338484065 662297513 
338371189 662297513 
338371189 662297513 
338484065 662297513 
338371189 662297513 
338371189 662297513 
338484065 662297513 
338484065 662353701 
338484065 662353701 
338484065 662353701 
338484065 662443861 
338484065 662443861 
338484065 662443861 
338484065 662600504 
338484065 662443861 
338484065 662443861 
338484065 662600504 
338371189 662443861 
338484065 662443861 
338484065 662443861 
338484065 662353701 
338729413 662443861 
338484065 662443861 
338484065 662353701 
338729413 662353701 
338729413 662353701 
338729413 662297513 
338758851 662297513 
338758851 662353701 
338729413 662297513 
338729413 662297513 
338729413 662353701 
338729413 662353701 
338758851 662443861 
338758851 662600504 
338729413 662443861 
338758851 662443861 
338758851 662443861 
338729413 662353701 
338758851 662443861 
338758851 662443861 
338758851 662443861 
338758851 662443861 
338729413 662443861 
338729413 662353701 
338758851 662443861 
338729413 662443861 
338729413 662353701 
338758851 662353701 
338758851 662353701 
338758851 662297513 
338915388 662297513 
338915388 662297513 
338915388 662297513 
338915388 662297513 
338915388 662353701 
338915388 662353701 
338915388 662353701 
338915388 662443861 
338915388 662353701 
338979326 662353701 
338979326 662443861 
338979326 662443861 
338979326 662443861 
338915388 662443861 
338758851 662353701 
338915388 662353701 
338915388 662443861 
338915388 662443861 
338979326 662600504 
338979326 662600504 
338915388 662443861 
338915388 662443861 
338758851 662443861 
338758851 662443861 
338915388 662600504 
338915388 663085116 
338758851 662600504 
338915388 662600504 
338915388 663085116 
338758851 662600504 
338758851 662600504 
338758851 662600504 
338758851 662600504 
338915388 662600504 
338915388 663085116 
338758851 662600504 
338915388 663085116 
338758851 663085116 
338758851 663085116 
338915388 663373697 
338758851 663373697 
338758851 663085116 
338915388 663373697 
338915388 663628960 
338915388 663373697 
338915388 663373697 
338915388 663628960 
338915388 663373697 
338979326 663373697 
338979326 663628960 
338979326 663373697 
339224058 663628960 
338979326 663628960 
338915388 663373697 
338979326 663373697 
338979326 663373697 
338979326 663373697 
339224058 663373697 
339224058 663628960 
339224058 663373697 
339224058 663373697 
338979326 663373697 
338915388 663085116 
338915388 663085116 
338915388 663373697 
338915388 663085116 
338979326 663085116 
338979326 663085116 
338979326 663085116 
339224058 663373697 
339224058 663628960 
339224058 663628960 
339271036 663706249 
339271036 663706249 
339271036 663706249 
340393279 664870377 
340393279 665215082 
339271036 664870377 
339271036 664870377 
339271036 664870377 
339271036 664870377 
340393279 664870377 
340393279 665215082 
339271036 664870377 
340393279 664870377 
340393279 664870377 
340393279 663706249 
340649879 664870377 
340649879 665215082 
340649879 665215082 
340752893 665215082 
340752893 665215082 
340649879 664870377 
340752893 665215082 
340752893 665764529 
340649879 665215082 
340752893 665764529 
340752893 665764529 
340649879 665215082 
340752893 665215082 
340752893 665764529 
340752893 665764529 
340752893 665764529 
340649879 665764529 
340649879 665764529 
340752893 666429193 
340752893 666497063 
340752893 666429193 
340752893 666429193 
340752893 666497063 
340752893 666429193 
340752893 666429193 
340752893 666429193 
340649879 665764529 
340752893 665764529 
340752893 665764529 
340649879 665215082 
340752893 665764529 
340752893 666429193 
340752893 666429193 
340752893 666429193 
340752893 666497063 
340649879 666429193 
340752893 666497063 
340752893 667231857 
340649879 666497063 
340752893 666497063 
340752893 666497063 
340752893 666429193 
340752893 666429193 
340752893 666429193 
340752893 666429193 
340752893 666429193 
340649879 666429193 
340649879 665764529 
340649879 665764529 
340393279 665764529 
339271036 665215082 
339271036 665215082 
339271036 665764529 
339224058 665215082 
339271036 665764529 
339224058 665764529 
339224058 665764529 
339271036 665764529 
339271036 666429193 
339271036 665764529 
339271036 665764529 
339271036 666429193 
339271036 666429193 
339271036 666429193 
339271036 666429193 
339224058 665764529 
339224058 665764529 
339224058 665764529 
339224058 665215082 
339271036 665764529 
339224058 665764529 
338979326 665215082 
339224058 665215082 
339224058 665764529 
339224058 665764529 
339224058 665764529 
339224058 666429193 
339224058 665764529 
339224058 665764529 
339224058 666429193 
339224058 666429193 
339271036 666429193 
339224058 666429193 
339224058 665764529 
339271036 665764529 
339224058 665764529 
339224058 665764529 
339224058 665764529 
339224058 666429193 
339224058 665764529 
339271036 665764529 
339271036 666429193 
339271036 665764529 
340393279 666429193 
340393279 666497063 
340393279 666429193 
340393279 666429193 
339271036 666429193 
339271036 666429193 
340393279 666429193 
339271036 666429193 
339271036 665764529 
340393279 666429193 
339271036 666429193 
339271036 666429193 
339271036 666429193 
339224058 666429193 
339224058 666429193 
339224058 666429193 
338979326 666429193 
338915388 665764529 
338979326 666429193 
338915388 666429193 
338915388 665764529 
338979326 666429193 
338979326 666497063 
338979326 666429193 
339224058 666497063 
338979326 666497063 
338915388 666429193 
338979326 666497063 
338979326 666497063 
338979326 666429193 
339224058 666429193 
339224058 666429193 
338979326 665764529 
339224058 666429193 
339224058 666497063 
339224058 666497063 
339271036 666497063 
339224058 666497063 
338979326 666429193 
338979326 666429193 
338979326 666429193 
338979326 666429193 
339224058 666497063 
339224058 666497063 
338979326 666429193 
338979326 666429193 
338979326 666429193 
338915388 665764529 
338979326 665764529 
338979326 665764529 
338979326 665300082 
338979326 665300082 
338979326 665764529 
338915388 665300082 
338979326 665764529 
338979326 665764529 
338979326 665764529 
339224058 666429193 
339224058 666497063 
339224058 666429193 
339224058 666429193 
338979326 666429193 
338979326 666429193 
339224058 666429193 
339224058 666497063 
339224058 666497063 
339224058 666497063 
338979326 666497063 
338979326 666497063 
339224058 666497063 
339224058 666497063 
339224058 666429193 
339271036 666429193 
339224058 666429193 
338979326 665764529 
339224058 666429193 
339224058 666429193 
339224058 666429193 
339224058 666429193 
338979326 666429193 
338979326 666429193 
339224058 666497063 
338979326 666497063 
338979326 666429193 
339224058 666429193 
339224058 666429193 
339224058 666429193 
339271036 666429193 
339271036 666429193 
339271036 665764529 
340393279 666429193 
340393279 666497063 
340393279 666497063 
340649879 666497063 
340393279 666497063 
339271036 666429193 
340393279 666429193 
340393279 666429193 
340393279 665764529 
340649879 666429193 
340649879 666429193 
340649879 666429193 
340752893 666497063 
340752893 666497063 
340752893 666429193 
341115104 666497063 
341115104 667231857 
341115104 666497063 
341412878 666497063 
341412878 666497063 
341115104 666432825 
341412878 666432825 
341115104 666432825 
340752893 666429193 
341115104 666429193 
341115104 666429193 
341115104 666429193 
341115104 666429193 
341115104 666429193 
341115104 665764529 
341115104 665764529 
341115104 666429193 
341115104 666429193 
341412878 666429193 
341412878 666429193 
341412878 666429193 
341732467 666429193 
341412878 666429193 
341412878 666429193 
341732467 666432825 
341412878 666432825 
341412878 666432825 
341732467 666497063 
341732467 667231857 
341732467 666497063 
341732467 666497063 
341732467 666497063 
341732467 666497063 
341937051 666497063 
341937051 667231857 
341937051 667231857 
341937051 667231857 
341732467 667231857 
341732467 666497063 
341937051 666497063 
341937051 666497063 
341937051 666497063 
342176663 667231857 
342176663 667358310 
342176663 667358310 
342335510 668316250 
342335510 668316250 
342335510 667358310 
342400963 667358310 
342400963 668316250 
342400963 667358310 
342400963 667358310 
342335510 667358310 
342335510 667231857 
342400963 667231857 
342400963 667358310 
342400963 667358310 
343131152 668316250 
342400963 668316250 
342400963 667358310 
343131152 668316250 
342400963 668316250 
342335510 667358310 
342335510 667358310 
342335510 667358310 
342335510 667358310 
342335510 667358310 
342176663 667358310 
342176663 667358310 
342335510 667358310 
342335510 668316250 
342335510 668316250 
342400963 668316250 
342400963 668316250 
342400963 668316250 
343131152 668316250 
342400963 668316250 
342400963 667358310 
342400963 667358310 
342335510 667358310 
342176663 667231857 
342176663 667231857 
342176663 667358310 
342176663 667358310 
342176663 667358310 
341937051 667358310 
341937051 667358310 
342176663 668316250 
342176663 668316250 
342176663 668316250 
342335510 668507334 
342335510 668507334 
342176663 668316250 
342176663 668316250 
342176663 668507334 
342176663 668507334 
342335510 668689278 
342335510 668718961 
342335510 668718961 
342335510 668718961 
342335510 668974636 
342176663 668718961 
342335510 668974636 
342176663 668974636 
341937051 668718961 
341937051 668718961 
341937051 668718961 
341732467 668689278 
341937051 668718961 
341732467 668718961 
341732467 668718961 
341937051 668974636 
341732467 668974636 
341732467 668718961 
341937051 668718961 
341937051 668974636 
341937051 668718961 
341937051 668718961 
341937051 668718961 
341937051 668718961 
341937051 668718961 
341732467 668718961 
341412878 668689278 
341412878 668689278 
341412878 668718961 
341412878 668718961 
341412878 668718961 
341115104 668718961 
341115104 668718961 
341412878 668974636 
341115104 668974636 
341115104 668718961 
341412878 668974636 
341412878 668974636 
341412878 668718961 
341412878 668718961 
341412878 668718961 
341115104 668689278 
341412878 668718961 
341412878 668718961 
341115104 668689278 
341115104 668689278 
341115104 668718961 
340752893 668689278 
341115104 668718961 
341115104 668974636 
341115104 668974636 
341412878 668974636 
341412878 669055013 
341412878 669055013 
341732467 669440317 
341732467 669440317 
341732467 669440317 
341732467 669440317 
341732467 669890041 
341412878 669440317 
341732467 669890041 
341412878 669890041 
341115104 669440317 
341412878 669890041 
341412878 670318938 
341412878 670318938 
341732467 670318938 
341732467 670402642 
341732467 670318938 
341937051 670318938 
341732467 670318938 
341732467 670318938 
341937051 670402642 
341732467 670402642 
341732467 670402642 
341937051 670541189 
341937051 670671283 
341937051 670541189 
342176663 670671283 
342176663 670671283 
342176663 670541189 
342335510 670671283 
342335510 670671283 
342335510 670671283 
342400963 670671283 
342335510 670671283 
342335510 670541189 
342400963 670541189 
342335510 670541189 
342335510 670541189 
342400963 670671283 
342335510 670671283 
342176663 670541189 
342335510 670541189 
342335510 670671283 
342176663 670541189 
342335510 670541189 
342176663 670541189 
342176663 670541189 
342335510 670541189 
342335510 670671283 
342335510 670541189 
342400963 670541189 
342400963 670671283 
342400963 670541189 
343131152 670671283 
343131152 670671283 
343131152 670671283 
343226597 670671283 
343131152 670671283 
343131152 670671283 
343226597 670671283 
343226597 670671283 
343226597 670541189 
343226597 670541189 
343226597 670541189 
343131152 670402642 
343226597 670541189 
343226597 670541189 
343226597 670402642 
343516400 670541189 
343226597 670541189 
343226597 670402642 
343226597 670402642 
343226597 670402642 
343131152 670318938 
343226597 670318938 
343226597 670318938 
343131152 669890041 
343131152 669890041 
343131152 670318938 
342400963 669890041 
343131152 670318938 
343131152 670402642 
342400963 670318938 
342400963 670318938 
342400963 670402642 
342400963 670318938 
342400963 670318938 
342335510 670318938 
342176663 669890041 
342335510 670318938 
342335510 670318938 
342335510 669890041 
342400963 670318938 
342335510 670318938 
342335510 670318938 
342335510 670318938 
342176663 670318938 
342176663 669890041 
342335510 669890041 
342335510 670318938 
342335510 670318938 
342400963 670402642 
342400963 670541189 
342400963 670402642 
343131152 670541189 
343131152 670671283 
343131152 670541189 
343226597 670671283 
343131152 670671283 
343131152 670671283 
343131152 670671283 
343131152 670671283 
342400963 670541189 
343131152 670671283 
343131152 670671283 
342400963 670541189 
342400963 670541189 
342335510 670541189 
342176663 670402642 
342335510 670541189 
342176663 670541189 
342176663 670402642 
342176663 670402642 
341937051 670402642 
341937051 670402642 
342176663 670541189 
342176663 670671283 
342176663 670541189 
342335510 670671283 
342335510 670671283 
342335510 670671283 
342400963 670725922 
342400963 670725922 
342335510 670671283 
342335510 670671283 
342335510 670725922 
342335510 670725922 
342335510 670725922 
342335510 670806475 
342335510 670806475 
342400963 670873843 
342400963 671200951 
342400963 671200951 
342400963 671200951 
342400963 672037177 
342400963 672037177 
343131152 672037177 
343131152 672037177 
342400963 671200951 
343131152 671200951 
343131152 672037177 
342400963 671200951 
342400963 671200951 
342400963 671200951 
342400963 670873843 
343131152 671200951 
342400963 671200951 
342335510 670873843 
342400963 671200951 
342335510 671200951 
342335510 670873843 
342335510 670873843 
342335510 671200951 
342335510 671200951 
342400963 672037177 
342335510 672037177 
342176663 671200951 
342335510 672037177 
342176663 672037177 
342176663 671200951 
342176663 671200951 
342176663 672037177 
342176663 671200951 
342176663 671200951 
341937051 671200951 
341937051 671200951 
342176663 672037177 
342176663 672037177 
342176663 671200951 
342335510 671200951 
342176663 671200951 
342176663 670873843 
342335510 670873843 
342335510 670873843 
342335510 670806475 
342335510 670806475 
342335510 670873843 
342176663 670806475 
342335510 670873843 
342176663 670873843 
342176663 670873843 
342335510 671200951 
342335510 671200951 
342335510 671200951 
342335510 671200951 
342176663 671200951 
342176663 670873843 
342335510 671200951 
342176663 671200951 
342176663 671200951 
342335510 671200951 
342335510 671200951 
342176663 670873843 
342335510 670873843 
342335510 671200951 
342335510 670873843 
342400963 670873843 
342335510 670873843 
342335510 670873843 
342400963 670873843 
342400963 670873843 
342335510 670806475 
342400963 670806475 
342400963 670806475 
342335510 670725922 
342400963 670806475 
342400963 670873843 
342400963 670806475 
343131152 670873843 
343131152 671200951 
343131152 671200951 
343226597 671200951 
343131152 671200951 
343131152 671200951 
343226597 671200951 
343226597 671200951 
343131152 670873843 
343226597 670873843 
343226597 670873843 
343131152 670806475 
343226597 670806475 
343226597 670806475 
343226597 670806475 
343226597 670806475 
343226597 670806475 
343131152 670725922 
343131152 670725922 
342400963 670725922 
342400963 670671283 
342400963 670671283 
342400963 670671283 
342400963 670671283 
343131152 670725922 
343131152 670725922 
343131152 670725922 
343131152 670725922 
342400963 670725922 
342400963 670671283 
343131152 670725922 
343131152 670725922 
343131152 670671283 
343226597 670725922 
343131152 670725922 
343131152 670725922 
343131152 670725922 
343131152 670725922 
343131152 670671283 
