10010110011010010110100110010110
01101001100101101001011001101001
01101001100101101001011001101001
10010110011010010110100110010110
01101001100101101001011001101001
10010110011010010110100110010110
10010110011010010110100110010110
01101001100101101001011001101001
01101001100101101001011001101001
10010110011010010110100110010110
10010110011010010110100110010110
01101001100101101001011001101001
10010110011010010110100110010110
01101001100101101001011001101001
01101001100101101001011001101001
10010110011010010110100110010110
01101001100101101001011001101001
10010110011010010110100110010110
10010110011010010110100110010110
01101001100101101001011001101001
10010110011010010110100110010110
01101001100101101001011001101001
01101001100101101001011001101001
10010110011010010110100110010110
10010110011010010110100110010110
01101001100101101001011001101001
01101001100101101001011001101001
10010110011010010110100110010110
01101001100101101001011001101001
10010110011010010110100110010110
10010110011010010110100110010110
01101001100101101001011001101001